[0.079s] DEBUG:colcon:Command line arguments: ['/usr/bin/colcon', 'build', '--symlink-install']
[0.079s] DEBUG:colcon:Parsed command line arguments: Namespace(log_base=None, log_level=None, verb_name='build', build_base='build', install_base='install', merge_install=False, symlink_install=True, test_result_base=None, continue_on_error=False, executor='parallel', parallel_workers=6, event_handlers=None, ignore_user_meta=False, metas=['./colcon.meta'], base_paths=['.'], packages_ignore=None, packages_ignore_regex=None, paths=None, packages_up_to=None, packages_up_to_regex=None, packages_above=None, packages_above_and_dependencies=None, packages_above_depth=None, packages_select_by_dep=None, packages_skip_by_dep=None, packages_skip_up_to=None, packages_select_build_failed=False, packages_skip_build_finished=False, packages_select_test_failures=False, packages_skip_test_passed=False, packages_select=None, packages_skip=None, packages_select_regex=None, packages_skip_regex=None, packages_start=None, packages_end=None, allow_overriding=[], cmake_args=None, cmake_target=None, cmake_target_skip_unavailable=False, cmake_clean_cache=False, cmake_clean_first=False, cmake_force_configure=False, ament_cmake_args=None, catkin_cmake_args=None, catkin_skip_building_tests=False, verb_parser=<colcon_defaults.argument_parser.defaults.DefaultArgumentsDecorator object at 0xffffa3647e20>, verb_extension=<colcon_core.verb.build.BuildVerb object at 0xffffa3647910>, main=<bound method BuildVerb.main of <colcon_core.verb.build.BuildVerb object at 0xffffa3647910>>)
[0.197s] Level 1:colcon.colcon_core.package_discovery:discover_packages(colcon_meta) check parameters
[0.197s] Level 1:colcon.colcon_core.package_discovery:discover_packages(recursive) check parameters
[0.197s] Level 1:colcon.colcon_core.package_discovery:discover_packages(ignore) check parameters
[0.197s] Level 1:colcon.colcon_core.package_discovery:discover_packages(path) check parameters
[0.197s] Level 1:colcon.colcon_core.package_discovery:discover_packages(colcon_meta) discover
[0.197s] Level 1:colcon.colcon_core.package_discovery:discover_packages(recursive) discover
[0.197s] INFO:colcon.colcon_core.package_discovery:Crawling recursively for packages in '/home/ubuntu/ENAE450/ENAE450_ws'
[0.197s] Level 1:colcon.colcon_core.package_identification:_identify(.) by extensions ['ignore', 'ignore_ament_install']
[0.197s] Level 1:colcon.colcon_core.package_identification:_identify(.) by extension 'ignore'
[0.197s] Level 1:colcon.colcon_core.package_identification:_identify(.) by extension 'ignore_ament_install'
[0.197s] Level 1:colcon.colcon_core.package_identification:_identify(.) by extensions ['colcon_pkg']
[0.197s] Level 1:colcon.colcon_core.package_identification:_identify(.) by extension 'colcon_pkg'
[0.197s] Level 1:colcon.colcon_core.package_identification:_identify(.) by extensions ['colcon_meta']
[0.197s] Level 1:colcon.colcon_core.package_identification:_identify(.) by extension 'colcon_meta'
[0.197s] Level 1:colcon.colcon_core.package_identification:_identify(.) by extensions ['ros']
[0.197s] Level 1:colcon.colcon_core.package_identification:_identify(.) by extension 'ros'
[0.206s] Level 1:colcon.colcon_core.package_identification:_identify(.) by extensions ['cmake', 'python']
[0.206s] Level 1:colcon.colcon_core.package_identification:_identify(.) by extension 'cmake'
[0.206s] Level 1:colcon.colcon_core.package_identification:_identify(.) by extension 'python'
[0.206s] Level 1:colcon.colcon_core.package_identification:_identify(.) by extensions ['python_setup_py']
[0.206s] Level 1:colcon.colcon_core.package_identification:_identify(.) by extension 'python_setup_py'
[0.207s] Level 1:colcon.colcon_core.package_identification:_identify(build) by extensions ['ignore', 'ignore_ament_install']
[0.207s] Level 1:colcon.colcon_core.package_identification:_identify(build) by extension 'ignore'
[0.207s] Level 1:colcon.colcon_core.package_identification:_identify(build) ignored
[0.207s] Level 1:colcon.colcon_core.package_identification:_identify(install) by extensions ['ignore', 'ignore_ament_install']
[0.207s] Level 1:colcon.colcon_core.package_identification:_identify(install) by extension 'ignore'
[0.207s] Level 1:colcon.colcon_core.package_identification:_identify(install) ignored
[0.207s] Level 1:colcon.colcon_core.package_identification:_identify(log) by extensions ['ignore', 'ignore_ament_install']
[0.207s] Level 1:colcon.colcon_core.package_identification:_identify(log) by extension 'ignore'
[0.207s] Level 1:colcon.colcon_core.package_identification:_identify(log) ignored
[0.207s] Level 1:colcon.colcon_core.package_identification:_identify(src) by extensions ['ignore', 'ignore_ament_install']
[0.207s] Level 1:colcon.colcon_core.package_identification:_identify(src) by extension 'ignore'
[0.207s] Level 1:colcon.colcon_core.package_identification:_identify(src) by extension 'ignore_ament_install'
[0.207s] Level 1:colcon.colcon_core.package_identification:_identify(src) by extensions ['colcon_pkg']
[0.207s] Level 1:colcon.colcon_core.package_identification:_identify(src) by extension 'colcon_pkg'
[0.207s] Level 1:colcon.colcon_core.package_identification:_identify(src) by extensions ['colcon_meta']
[0.207s] Level 1:colcon.colcon_core.package_identification:_identify(src) by extension 'colcon_meta'
[0.207s] Level 1:colcon.colcon_core.package_identification:_identify(src) by extensions ['ros']
[0.207s] Level 1:colcon.colcon_core.package_identification:_identify(src) by extension 'ros'
[0.207s] Level 1:colcon.colcon_core.package_identification:_identify(src) by extensions ['cmake', 'python']
[0.207s] Level 1:colcon.colcon_core.package_identification:_identify(src) by extension 'cmake'
[0.207s] Level 1:colcon.colcon_core.package_identification:_identify(src) by extension 'python'
[0.207s] Level 1:colcon.colcon_core.package_identification:_identify(src) by extensions ['python_setup_py']
[0.207s] Level 1:colcon.colcon_core.package_identification:_identify(src) by extension 'python_setup_py'
[0.207s] Level 1:colcon.colcon_core.package_identification:_identify(src/hw4_1) by extensions ['ignore', 'ignore_ament_install']
[0.207s] Level 1:colcon.colcon_core.package_identification:_identify(src/hw4_1) by extension 'ignore'
[0.207s] Level 1:colcon.colcon_core.package_identification:_identify(src/hw4_1) by extension 'ignore_ament_install'
[0.207s] Level 1:colcon.colcon_core.package_identification:_identify(src/hw4_1) by extensions ['colcon_pkg']
[0.207s] Level 1:colcon.colcon_core.package_identification:_identify(src/hw4_1) by extension 'colcon_pkg'
[0.207s] Level 1:colcon.colcon_core.package_identification:_identify(src/hw4_1) by extensions ['colcon_meta']
[0.207s] Level 1:colcon.colcon_core.package_identification:_identify(src/hw4_1) by extension 'colcon_meta'
[0.207s] Level 1:colcon.colcon_core.package_identification:_identify(src/hw4_1) by extensions ['ros']
[0.208s] Level 1:colcon.colcon_core.package_identification:_identify(src/hw4_1) by extension 'ros'
[0.209s] DEBUG:colcon.colcon_core.package_identification:Package 'src/hw4_1' with type 'ros.ament_python' and name 'hw4_1'
[0.209s] Level 1:colcon.colcon_core.package_identification:_identify(src/hw4_2) by extensions ['ignore', 'ignore_ament_install']
[0.209s] Level 1:colcon.colcon_core.package_identification:_identify(src/hw4_2) by extension 'ignore'
[0.209s] Level 1:colcon.colcon_core.package_identification:_identify(src/hw4_2) by extension 'ignore_ament_install'
[0.210s] Level 1:colcon.colcon_core.package_identification:_identify(src/hw4_2) by extensions ['colcon_pkg']
[0.210s] Level 1:colcon.colcon_core.package_identification:_identify(src/hw4_2) by extension 'colcon_pkg'
[0.210s] Level 1:colcon.colcon_core.package_identification:_identify(src/hw4_2) by extensions ['colcon_meta']
[0.210s] Level 1:colcon.colcon_core.package_identification:_identify(src/hw4_2) by extension 'colcon_meta'
[0.210s] Level 1:colcon.colcon_core.package_identification:_identify(src/hw4_2) by extensions ['ros']
[0.210s] Level 1:colcon.colcon_core.package_identification:_identify(src/hw4_2) by extension 'ros'
[0.210s] DEBUG:colcon.colcon_core.package_identification:Package 'src/hw4_2' with type 'ros.ament_python' and name 'hw4_2'
[0.210s] Level 1:colcon.colcon_core.package_identification:_identify(src/hw4_3) by extensions ['ignore', 'ignore_ament_install']
[0.210s] Level 1:colcon.colcon_core.package_identification:_identify(src/hw4_3) by extension 'ignore'
[0.210s] Level 1:colcon.colcon_core.package_identification:_identify(src/hw4_3) by extension 'ignore_ament_install'
[0.210s] Level 1:colcon.colcon_core.package_identification:_identify(src/hw4_3) by extensions ['colcon_pkg']
[0.210s] Level 1:colcon.colcon_core.package_identification:_identify(src/hw4_3) by extension 'colcon_pkg'
[0.210s] Level 1:colcon.colcon_core.package_identification:_identify(src/hw4_3) by extensions ['colcon_meta']
[0.210s] Level 1:colcon.colcon_core.package_identification:_identify(src/hw4_3) by extension 'colcon_meta'
[0.210s] Level 1:colcon.colcon_core.package_identification:_identify(src/hw4_3) by extensions ['ros']
[0.210s] Level 1:colcon.colcon_core.package_identification:_identify(src/hw4_3) by extension 'ros'
[0.210s] DEBUG:colcon.colcon_core.package_identification:Package 'src/hw4_3' with type 'ros.ament_python' and name 'hw4_3'
[0.211s] Level 1:colcon.colcon_core.package_identification:_identify(src/hw4_interface) by extensions ['ignore', 'ignore_ament_install']
[0.211s] Level 1:colcon.colcon_core.package_identification:_identify(src/hw4_interface) by extension 'ignore'
[0.211s] Level 1:colcon.colcon_core.package_identification:_identify(src/hw4_interface) by extension 'ignore_ament_install'
[0.211s] Level 1:colcon.colcon_core.package_identification:_identify(src/hw4_interface) by extensions ['colcon_pkg']
[0.211s] Level 1:colcon.colcon_core.package_identification:_identify(src/hw4_interface) by extension 'colcon_pkg'
[0.211s] Level 1:colcon.colcon_core.package_identification:_identify(src/hw4_interface) by extensions ['colcon_meta']
[0.211s] Level 1:colcon.colcon_core.package_identification:_identify(src/hw4_interface) by extension 'colcon_meta'
[0.211s] Level 1:colcon.colcon_core.package_identification:_identify(src/hw4_interface) by extensions ['ros']
[0.211s] Level 1:colcon.colcon_core.package_identification:_identify(src/hw4_interface) by extension 'ros'
[0.211s] DEBUG:colcon.colcon_core.package_identification:Package 'src/hw4_interface' with type 'ros.ament_cmake' and name 'hw4_interface'
[0.211s] Level 1:colcon.colcon_core.package_discovery:discover_packages(recursive) using defaults
[0.211s] Level 1:colcon.colcon_core.package_discovery:discover_packages(ignore) discover
[0.211s] Level 1:colcon.colcon_core.package_discovery:discover_packages(ignore) using defaults
[0.211s] Level 1:colcon.colcon_core.package_discovery:discover_packages(path) discover
[0.211s] Level 1:colcon.colcon_core.package_discovery:discover_packages(path) using defaults
[0.233s] Level 1:colcon.colcon_core.package_discovery:discover_packages(prefix_path) check parameters
[0.233s] Level 1:colcon.colcon_core.package_discovery:discover_packages(prefix_path) discover
[0.234s] DEBUG:colcon.colcon_installed_package_information.package_discovery:Found 4 installed packages in /home/ubuntu/ENAE450/ENAE450_ws/install
[0.236s] DEBUG:colcon.colcon_installed_package_information.package_discovery:Found 181 installed packages in /opt/ros/humble
[0.236s] Level 1:colcon.colcon_core.package_discovery:discover_packages(prefix_path) using defaults
[0.255s] Level 5:colcon.colcon_core.verb:set package 'hw4_1' build argument 'cmake_args' from command line to 'None'
[0.255s] Level 5:colcon.colcon_core.verb:set package 'hw4_1' build argument 'cmake_target' from command line to 'None'
[0.255s] Level 5:colcon.colcon_core.verb:set package 'hw4_1' build argument 'cmake_target_skip_unavailable' from command line to 'False'
[0.255s] Level 5:colcon.colcon_core.verb:set package 'hw4_1' build argument 'cmake_clean_cache' from command line to 'False'
[0.255s] Level 5:colcon.colcon_core.verb:set package 'hw4_1' build argument 'cmake_clean_first' from command line to 'False'
[0.255s] Level 5:colcon.colcon_core.verb:set package 'hw4_1' build argument 'cmake_force_configure' from command line to 'False'
[0.255s] Level 5:colcon.colcon_core.verb:set package 'hw4_1' build argument 'ament_cmake_args' from command line to 'None'
[0.255s] Level 5:colcon.colcon_core.verb:set package 'hw4_1' build argument 'catkin_cmake_args' from command line to 'None'
[0.255s] Level 5:colcon.colcon_core.verb:set package 'hw4_1' build argument 'catkin_skip_building_tests' from command line to 'False'
[0.255s] DEBUG:colcon.colcon_core.verb:Building package 'hw4_1' with the following arguments: {'ament_cmake_args': None, 'build_base': '/home/ubuntu/ENAE450/ENAE450_ws/build/hw4_1', 'catkin_cmake_args': None, 'catkin_skip_building_tests': False, 'cmake_args': None, 'cmake_clean_cache': False, 'cmake_clean_first': False, 'cmake_force_configure': False, 'cmake_target': None, 'cmake_target_skip_unavailable': False, 'install_base': '/home/ubuntu/ENAE450/ENAE450_ws/install/hw4_1', 'merge_install': False, 'path': '/home/ubuntu/ENAE450/ENAE450_ws/src/hw4_1', 'symlink_install': True, 'test_result_base': None}
[0.255s] Level 5:colcon.colcon_core.verb:set package 'hw4_3' build argument 'cmake_args' from command line to 'None'
[0.255s] Level 5:colcon.colcon_core.verb:set package 'hw4_3' build argument 'cmake_target' from command line to 'None'
[0.255s] Level 5:colcon.colcon_core.verb:set package 'hw4_3' build argument 'cmake_target_skip_unavailable' from command line to 'False'
[0.255s] Level 5:colcon.colcon_core.verb:set package 'hw4_3' build argument 'cmake_clean_cache' from command line to 'False'
[0.255s] Level 5:colcon.colcon_core.verb:set package 'hw4_3' build argument 'cmake_clean_first' from command line to 'False'
[0.255s] Level 5:colcon.colcon_core.verb:set package 'hw4_3' build argument 'cmake_force_configure' from command line to 'False'
[0.255s] Level 5:colcon.colcon_core.verb:set package 'hw4_3' build argument 'ament_cmake_args' from command line to 'None'
[0.255s] Level 5:colcon.colcon_core.verb:set package 'hw4_3' build argument 'catkin_cmake_args' from command line to 'None'
[0.255s] Level 5:colcon.colcon_core.verb:set package 'hw4_3' build argument 'catkin_skip_building_tests' from command line to 'False'
[0.255s] DEBUG:colcon.colcon_core.verb:Building package 'hw4_3' with the following arguments: {'ament_cmake_args': None, 'build_base': '/home/ubuntu/ENAE450/ENAE450_ws/build/hw4_3', 'catkin_cmake_args': None, 'catkin_skip_building_tests': False, 'cmake_args': None, 'cmake_clean_cache': False, 'cmake_clean_first': False, 'cmake_force_configure': False, 'cmake_target': None, 'cmake_target_skip_unavailable': False, 'install_base': '/home/ubuntu/ENAE450/ENAE450_ws/install/hw4_3', 'merge_install': False, 'path': '/home/ubuntu/ENAE450/ENAE450_ws/src/hw4_3', 'symlink_install': True, 'test_result_base': None}
[0.255s] Level 5:colcon.colcon_core.verb:set package 'hw4_interface' build argument 'cmake_args' from command line to 'None'
[0.255s] Level 5:colcon.colcon_core.verb:set package 'hw4_interface' build argument 'cmake_target' from command line to 'None'
[0.255s] Level 5:colcon.colcon_core.verb:set package 'hw4_interface' build argument 'cmake_target_skip_unavailable' from command line to 'False'
[0.255s] Level 5:colcon.colcon_core.verb:set package 'hw4_interface' build argument 'cmake_clean_cache' from command line to 'False'
[0.255s] Level 5:colcon.colcon_core.verb:set package 'hw4_interface' build argument 'cmake_clean_first' from command line to 'False'
[0.255s] Level 5:colcon.colcon_core.verb:set package 'hw4_interface' build argument 'cmake_force_configure' from command line to 'False'
[0.255s] Level 5:colcon.colcon_core.verb:set package 'hw4_interface' build argument 'ament_cmake_args' from command line to 'None'
[0.255s] Level 5:colcon.colcon_core.verb:set package 'hw4_interface' build argument 'catkin_cmake_args' from command line to 'None'
[0.256s] Level 5:colcon.colcon_core.verb:set package 'hw4_interface' build argument 'catkin_skip_building_tests' from command line to 'False'
[0.256s] DEBUG:colcon.colcon_core.verb:Building package 'hw4_interface' with the following arguments: {'ament_cmake_args': None, 'build_base': '/home/ubuntu/ENAE450/ENAE450_ws/build/hw4_interface', 'catkin_cmake_args': None, 'catkin_skip_building_tests': False, 'cmake_args': None, 'cmake_clean_cache': False, 'cmake_clean_first': False, 'cmake_force_configure': False, 'cmake_target': None, 'cmake_target_skip_unavailable': False, 'install_base': '/home/ubuntu/ENAE450/ENAE450_ws/install/hw4_interface', 'merge_install': False, 'path': '/home/ubuntu/ENAE450/ENAE450_ws/src/hw4_interface', 'symlink_install': True, 'test_result_base': None}
[0.256s] Level 5:colcon.colcon_core.verb:set package 'hw4_2' build argument 'cmake_args' from command line to 'None'
[0.256s] Level 5:colcon.colcon_core.verb:set package 'hw4_2' build argument 'cmake_target' from command line to 'None'
[0.256s] Level 5:colcon.colcon_core.verb:set package 'hw4_2' build argument 'cmake_target_skip_unavailable' from command line to 'False'
[0.256s] Level 5:colcon.colcon_core.verb:set package 'hw4_2' build argument 'cmake_clean_cache' from command line to 'False'
[0.256s] Level 5:colcon.colcon_core.verb:set package 'hw4_2' build argument 'cmake_clean_first' from command line to 'False'
[0.256s] Level 5:colcon.colcon_core.verb:set package 'hw4_2' build argument 'cmake_force_configure' from command line to 'False'
[0.256s] Level 5:colcon.colcon_core.verb:set package 'hw4_2' build argument 'ament_cmake_args' from command line to 'None'
[0.256s] Level 5:colcon.colcon_core.verb:set package 'hw4_2' build argument 'catkin_cmake_args' from command line to 'None'
[0.256s] Level 5:colcon.colcon_core.verb:set package 'hw4_2' build argument 'catkin_skip_building_tests' from command line to 'False'
[0.256s] DEBUG:colcon.colcon_core.verb:Building package 'hw4_2' with the following arguments: {'ament_cmake_args': None, 'build_base': '/home/ubuntu/ENAE450/ENAE450_ws/build/hw4_2', 'catkin_cmake_args': None, 'catkin_skip_building_tests': False, 'cmake_args': None, 'cmake_clean_cache': False, 'cmake_clean_first': False, 'cmake_force_configure': False, 'cmake_target': None, 'cmake_target_skip_unavailable': False, 'install_base': '/home/ubuntu/ENAE450/ENAE450_ws/install/hw4_2', 'merge_install': False, 'path': '/home/ubuntu/ENAE450/ENAE450_ws/src/hw4_2', 'symlink_install': True, 'test_result_base': None}
[0.256s] INFO:colcon.colcon_core.executor:Executing jobs using 'parallel' executor
[0.257s] DEBUG:colcon.colcon_parallel_executor.executor.parallel:run_until_complete
[0.257s] INFO:colcon.colcon_ros.task.ament_cmake.build:Building ROS package in '/home/ubuntu/ENAE450/ENAE450_ws/src/hw4_interface' with build type 'ament_cmake'
[0.257s] INFO:colcon.colcon_cmake.task.cmake.build:Building CMake package in '/home/ubuntu/ENAE450/ENAE450_ws/src/hw4_interface'
[0.258s] INFO:colcon.colcon_core.plugin_system:Skipping extension 'colcon_core.shell.bat': Not used on non-Windows systems
[0.258s] INFO:colcon.colcon_core.shell:Skip shell extension 'powershell' for command environment: Not usable outside of PowerShell
[0.258s] DEBUG:colcon.colcon_core.shell:Skip shell extension 'dsv' for command environment
[0.261s] INFO:colcon.colcon_ros.task.ament_python.build:Building ROS package in '/home/ubuntu/ENAE450/ENAE450_ws/src/hw4_1' with build type 'ament_python'
[0.261s] Level 1:colcon.colcon_core.shell:create_environment_hook('hw4_1', 'ament_prefix_path')
[0.261s] INFO:colcon.colcon_core.shell:Creating environment hook '/home/ubuntu/ENAE450/ENAE450_ws/install/hw4_1/share/hw4_1/hook/ament_prefix_path.ps1'
[0.262s] INFO:colcon.colcon_core.shell:Creating environment descriptor '/home/ubuntu/ENAE450/ENAE450_ws/install/hw4_1/share/hw4_1/hook/ament_prefix_path.dsv'
[0.262s] INFO:colcon.colcon_core.shell:Creating environment hook '/home/ubuntu/ENAE450/ENAE450_ws/install/hw4_1/share/hw4_1/hook/ament_prefix_path.sh'
[0.262s] INFO:colcon.colcon_core.shell:Skip shell extension 'powershell' for command environment: Not usable outside of PowerShell
[0.262s] DEBUG:colcon.colcon_core.shell:Skip shell extension 'dsv' for command environment
[0.265s] INFO:colcon.colcon_ros.task.ament_python.build:Building ROS package in '/home/ubuntu/ENAE450/ENAE450_ws/src/hw4_3' with build type 'ament_python'
[0.265s] Level 1:colcon.colcon_core.shell:create_environment_hook('hw4_3', 'ament_prefix_path')
[0.265s] INFO:colcon.colcon_core.shell:Creating environment hook '/home/ubuntu/ENAE450/ENAE450_ws/install/hw4_3/share/hw4_3/hook/ament_prefix_path.ps1'
[0.266s] INFO:colcon.colcon_core.shell:Creating environment descriptor '/home/ubuntu/ENAE450/ENAE450_ws/install/hw4_3/share/hw4_3/hook/ament_prefix_path.dsv'
[0.266s] INFO:colcon.colcon_core.shell:Creating environment hook '/home/ubuntu/ENAE450/ENAE450_ws/install/hw4_3/share/hw4_3/hook/ament_prefix_path.sh'
[0.266s] INFO:colcon.colcon_core.shell:Skip shell extension 'powershell' for command environment: Not usable outside of PowerShell
[0.266s] DEBUG:colcon.colcon_core.shell:Skip shell extension 'dsv' for command environment
[0.274s] DEBUG:colcon.colcon_core.event_handler.log_command:Invoking command in '/home/ubuntu/ENAE450/ENAE450_ws/build/hw4_interface': CMAKE_PREFIX_PATH=${CMAKE_PREFIX_PATH}:/home/ubuntu/ENAE450/ENAE450_ws/install/hw4_3:/home/ubuntu/ENAE450/ENAE450_ws/install/hw4_2:/home/ubuntu/ENAE450/ENAE450_ws/install/hw4_1:/opt/ros/humble /usr/bin/cmake --build /home/ubuntu/ENAE450/ENAE450_ws/build/hw4_interface -- -j6 -l6
[0.463s] INFO:colcon.colcon_core.task.python.build:Building Python package in '/home/ubuntu/ENAE450/ENAE450_ws/src/hw4_1'
[0.463s] INFO:colcon.colcon_core.shell:Skip shell extension 'powershell' for command environment: Not usable outside of PowerShell
[0.463s] DEBUG:colcon.colcon_core.shell:Skip shell extension 'dsv' for command environment
[0.618s] INFO:colcon.colcon_core.task.python.build:Building Python package in '/home/ubuntu/ENAE450/ENAE450_ws/src/hw4_3'
[0.619s] INFO:colcon.colcon_core.shell:Skip shell extension 'powershell' for command environment: Not usable outside of PowerShell
[0.619s] DEBUG:colcon.colcon_core.shell:Skip shell extension 'dsv' for command environment
[0.626s] DEBUG:colcon.colcon_core.event_handler.log_command:Invoked command in '/home/ubuntu/ENAE450/ENAE450_ws/build/hw4_interface' returned '0': CMAKE_PREFIX_PATH=${CMAKE_PREFIX_PATH}:/home/ubuntu/ENAE450/ENAE450_ws/install/hw4_3:/home/ubuntu/ENAE450/ENAE450_ws/install/hw4_2:/home/ubuntu/ENAE450/ENAE450_ws/install/hw4_1:/opt/ros/humble /usr/bin/cmake --build /home/ubuntu/ENAE450/ENAE450_ws/build/hw4_interface -- -j6 -l6
[0.714s] DEBUG:colcon.colcon_core.event_handler.log_command:Invoking command in '/home/ubuntu/ENAE450/ENAE450_ws/build/hw4_interface': CMAKE_PREFIX_PATH=${CMAKE_PREFIX_PATH}:/home/ubuntu/ENAE450/ENAE450_ws/install/hw4_3:/home/ubuntu/ENAE450/ENAE450_ws/install/hw4_2:/home/ubuntu/ENAE450/ENAE450_ws/install/hw4_1:/opt/ros/humble /usr/bin/cmake --install /home/ubuntu/ENAE450/ENAE450_ws/build/hw4_interface
[0.772s] Level 1:colcon.colcon_core.environment:create_environment_scripts_only(hw4_interface)
[0.772s] DEBUG:colcon.colcon_core.event_handler.log_command:Invoked command in '/home/ubuntu/ENAE450/ENAE450_ws/build/hw4_interface' returned '0': CMAKE_PREFIX_PATH=${CMAKE_PREFIX_PATH}:/home/ubuntu/ENAE450/ENAE450_ws/install/hw4_3:/home/ubuntu/ENAE450/ENAE450_ws/install/hw4_2:/home/ubuntu/ENAE450/ENAE450_ws/install/hw4_1:/opt/ros/humble /usr/bin/cmake --install /home/ubuntu/ENAE450/ENAE450_ws/build/hw4_interface
[0.774s] Level 1:colcon.colcon_core.environment:checking '/home/ubuntu/ENAE450/ENAE450_ws/install/hw4_interface' for CMake module files
[0.774s] Level 1:colcon.colcon_core.environment:checking '/home/ubuntu/ENAE450/ENAE450_ws/install/hw4_interface' for CMake config files
[0.775s] Level 1:colcon.colcon_core.shell:create_environment_hook('hw4_interface', 'cmake_prefix_path')
[0.775s] INFO:colcon.colcon_core.shell:Creating environment hook '/home/ubuntu/ENAE450/ENAE450_ws/install/hw4_interface/share/hw4_interface/hook/cmake_prefix_path.ps1'
[0.775s] INFO:colcon.colcon_core.shell:Creating environment descriptor '/home/ubuntu/ENAE450/ENAE450_ws/install/hw4_interface/share/hw4_interface/hook/cmake_prefix_path.dsv'
[0.776s] INFO:colcon.colcon_core.shell:Creating environment hook '/home/ubuntu/ENAE450/ENAE450_ws/install/hw4_interface/share/hw4_interface/hook/cmake_prefix_path.sh'
[0.776s] Level 1:colcon.colcon_core.environment:checking '/home/ubuntu/ENAE450/ENAE450_ws/install/hw4_interface/lib'
[0.776s] Level 1:colcon.colcon_core.shell:create_environment_hook('hw4_interface', 'ld_library_path_lib')
[0.776s] INFO:colcon.colcon_core.shell:Creating environment hook '/home/ubuntu/ENAE450/ENAE450_ws/install/hw4_interface/share/hw4_interface/hook/ld_library_path_lib.ps1'
[0.776s] INFO:colcon.colcon_core.shell:Creating environment descriptor '/home/ubuntu/ENAE450/ENAE450_ws/install/hw4_interface/share/hw4_interface/hook/ld_library_path_lib.dsv'
[0.776s] INFO:colcon.colcon_core.shell:Creating environment hook '/home/ubuntu/ENAE450/ENAE450_ws/install/hw4_interface/share/hw4_interface/hook/ld_library_path_lib.sh'
[0.776s] Level 1:colcon.colcon_core.environment:checking '/home/ubuntu/ENAE450/ENAE450_ws/install/hw4_interface/bin'
[0.777s] Level 1:colcon.colcon_core.environment:checking '/home/ubuntu/ENAE450/ENAE450_ws/install/hw4_interface/lib/pkgconfig/hw4_interface.pc'
[0.777s] Level 1:colcon.colcon_core.environment:checking '/home/ubuntu/ENAE450/ENAE450_ws/install/hw4_interface/lib/python3.10/site-packages'
[0.777s] Level 1:colcon.colcon_core.environment:checking '/home/ubuntu/ENAE450/ENAE450_ws/install/hw4_interface/bin'
[0.777s] INFO:colcon.colcon_core.shell:Creating package script '/home/ubuntu/ENAE450/ENAE450_ws/install/hw4_interface/share/hw4_interface/package.ps1'
[0.778s] INFO:colcon.colcon_core.shell:Creating package descriptor '/home/ubuntu/ENAE450/ENAE450_ws/install/hw4_interface/share/hw4_interface/package.dsv'
[0.778s] INFO:colcon.colcon_core.shell:Creating package script '/home/ubuntu/ENAE450/ENAE450_ws/install/hw4_interface/share/hw4_interface/package.sh'
[0.778s] INFO:colcon.colcon_core.shell:Creating package script '/home/ubuntu/ENAE450/ENAE450_ws/install/hw4_interface/share/hw4_interface/package.bash'
[0.779s] INFO:colcon.colcon_core.shell:Creating package script '/home/ubuntu/ENAE450/ENAE450_ws/install/hw4_interface/share/hw4_interface/package.zsh'
[0.779s] Level 1:colcon.colcon_core.environment:create_file_with_runtime_dependencies(/home/ubuntu/ENAE450/ENAE450_ws/install/hw4_interface/share/colcon-core/packages/hw4_interface)
[0.841s] DEBUG:colcon.colcon_core.event_handler.log_command:Invoking command in '/home/ubuntu/ENAE450/ENAE450_ws/build/hw4_3': PYTHONPATH=/home/ubuntu/ENAE450/ENAE450_ws/build/hw4_3/prefix_override:/home/ubuntu/ENAE450/ENAE450_ws/install/hw4_3/lib/python3.10/site-packages:${PYTHONPATH} /usr/bin/python3 -W ignore:setup.py install is deprecated setup.py develop --editable --build-directory /home/ubuntu/ENAE450/ENAE450_ws/build/hw4_3/build --no-deps symlink_data
[0.844s] DEBUG:colcon.colcon_core.event_handler.log_command:Invoking command in '/home/ubuntu/ENAE450/ENAE450_ws/build/hw4_1': PYTHONPATH=/home/ubuntu/ENAE450/ENAE450_ws/build/hw4_1/prefix_override:/home/ubuntu/ENAE450/ENAE450_ws/install/hw4_1/lib/python3.10/site-packages:${PYTHONPATH} /usr/bin/python3 -W ignore:setup.py install is deprecated setup.py develop --editable --build-directory /home/ubuntu/ENAE450/ENAE450_ws/build/hw4_1/build --no-deps symlink_data
[0.859s] Level 1:colcon.colcon_core.environment:create_environment_scripts_only(hw4_interface)
[0.859s] Level 1:colcon.colcon_core.environment:checking '/home/ubuntu/ENAE450/ENAE450_ws/install/hw4_interface' for CMake module files
[0.859s] Level 1:colcon.colcon_core.environment:checking '/home/ubuntu/ENAE450/ENAE450_ws/install/hw4_interface' for CMake config files
[0.860s] Level 1:colcon.colcon_core.shell:create_environment_hook('hw4_interface', 'cmake_prefix_path')
[0.860s] INFO:colcon.colcon_core.shell:Creating environment hook '/home/ubuntu/ENAE450/ENAE450_ws/install/hw4_interface/share/hw4_interface/hook/cmake_prefix_path.ps1'
[0.860s] INFO:colcon.colcon_core.shell:Creating environment descriptor '/home/ubuntu/ENAE450/ENAE450_ws/install/hw4_interface/share/hw4_interface/hook/cmake_prefix_path.dsv'
[0.860s] INFO:colcon.colcon_core.shell:Creating environment hook '/home/ubuntu/ENAE450/ENAE450_ws/install/hw4_interface/share/hw4_interface/hook/cmake_prefix_path.sh'
[0.861s] Level 1:colcon.colcon_core.environment:checking '/home/ubuntu/ENAE450/ENAE450_ws/install/hw4_interface/lib'
[0.861s] Level 1:colcon.colcon_core.shell:create_environment_hook('hw4_interface', 'ld_library_path_lib')
[0.861s] INFO:colcon.colcon_core.shell:Creating environment hook '/home/ubuntu/ENAE450/ENAE450_ws/install/hw4_interface/share/hw4_interface/hook/ld_library_path_lib.ps1'
[0.861s] INFO:colcon.colcon_core.shell:Creating environment descriptor '/home/ubuntu/ENAE450/ENAE450_ws/install/hw4_interface/share/hw4_interface/hook/ld_library_path_lib.dsv'
[0.861s] INFO:colcon.colcon_core.shell:Creating environment hook '/home/ubuntu/ENAE450/ENAE450_ws/install/hw4_interface/share/hw4_interface/hook/ld_library_path_lib.sh'
[0.861s] Level 1:colcon.colcon_core.environment:checking '/home/ubuntu/ENAE450/ENAE450_ws/install/hw4_interface/bin'
[0.861s] Level 1:colcon.colcon_core.environment:checking '/home/ubuntu/ENAE450/ENAE450_ws/install/hw4_interface/lib/pkgconfig/hw4_interface.pc'
[0.862s] Level 1:colcon.colcon_core.environment:checking '/home/ubuntu/ENAE450/ENAE450_ws/install/hw4_interface/lib/python3.10/site-packages'
[0.862s] Level 1:colcon.colcon_core.environment:checking '/home/ubuntu/ENAE450/ENAE450_ws/install/hw4_interface/bin'
[0.862s] INFO:colcon.colcon_core.shell:Creating package script '/home/ubuntu/ENAE450/ENAE450_ws/install/hw4_interface/share/hw4_interface/package.ps1'
[0.862s] INFO:colcon.colcon_core.shell:Creating package descriptor '/home/ubuntu/ENAE450/ENAE450_ws/install/hw4_interface/share/hw4_interface/package.dsv'
[0.862s] INFO:colcon.colcon_core.shell:Creating package script '/home/ubuntu/ENAE450/ENAE450_ws/install/hw4_interface/share/hw4_interface/package.sh'
[0.862s] INFO:colcon.colcon_core.shell:Creating package script '/home/ubuntu/ENAE450/ENAE450_ws/install/hw4_interface/share/hw4_interface/package.bash'
[0.862s] INFO:colcon.colcon_core.shell:Creating package script '/home/ubuntu/ENAE450/ENAE450_ws/install/hw4_interface/share/hw4_interface/package.zsh'
[0.863s] Level 1:colcon.colcon_core.environment:create_file_with_runtime_dependencies(/home/ubuntu/ENAE450/ENAE450_ws/install/hw4_interface/share/colcon-core/packages/hw4_interface)
[0.863s] INFO:colcon.colcon_ros.task.ament_python.build:Building ROS package in '/home/ubuntu/ENAE450/ENAE450_ws/src/hw4_2' with build type 'ament_python'
[0.863s] Level 1:colcon.colcon_core.shell:create_environment_hook('hw4_2', 'ament_prefix_path')
[0.863s] INFO:colcon.colcon_core.shell:Creating environment hook '/home/ubuntu/ENAE450/ENAE450_ws/install/hw4_2/share/hw4_2/hook/ament_prefix_path.ps1'
[0.864s] INFO:colcon.colcon_core.shell:Creating environment descriptor '/home/ubuntu/ENAE450/ENAE450_ws/install/hw4_2/share/hw4_2/hook/ament_prefix_path.dsv'
[0.864s] INFO:colcon.colcon_core.shell:Creating environment hook '/home/ubuntu/ENAE450/ENAE450_ws/install/hw4_2/share/hw4_2/hook/ament_prefix_path.sh'
[0.865s] INFO:colcon.colcon_core.shell:Skip shell extension 'powershell' for command environment: Not usable outside of PowerShell
[0.865s] DEBUG:colcon.colcon_core.shell:Skip shell extension 'dsv' for command environment
[1.024s] INFO:colcon.colcon_core.task.python.build:Building Python package in '/home/ubuntu/ENAE450/ENAE450_ws/src/hw4_2'
[1.024s] INFO:colcon.colcon_core.shell:Skip shell extension 'powershell' for command environment: Not usable outside of PowerShell
[1.024s] DEBUG:colcon.colcon_core.shell:Skip shell extension 'dsv' for command environment
[1.122s] Level 1:colcon.colcon_core.shell:create_environment_hook('hw4_1', 'pythonpath_develop')
[1.122s] INFO:colcon.colcon_core.shell:Creating environment hook '/home/ubuntu/ENAE450/ENAE450_ws/build/hw4_1/share/hw4_1/hook/pythonpath_develop.ps1'
[1.122s] DEBUG:colcon.colcon_core.event_handler.log_command:Invoked command in '/home/ubuntu/ENAE450/ENAE450_ws/build/hw4_1' returned '0': PYTHONPATH=/home/ubuntu/ENAE450/ENAE450_ws/build/hw4_1/prefix_override:/home/ubuntu/ENAE450/ENAE450_ws/install/hw4_1/lib/python3.10/site-packages:${PYTHONPATH} /usr/bin/python3 -W ignore:setup.py install is deprecated setup.py develop --editable --build-directory /home/ubuntu/ENAE450/ENAE450_ws/build/hw4_1/build --no-deps symlink_data
[1.123s] INFO:colcon.colcon_core.shell:Creating environment descriptor '/home/ubuntu/ENAE450/ENAE450_ws/build/hw4_1/share/hw4_1/hook/pythonpath_develop.dsv'
[1.123s] INFO:colcon.colcon_core.shell:Creating environment hook '/home/ubuntu/ENAE450/ENAE450_ws/build/hw4_1/share/hw4_1/hook/pythonpath_develop.sh'
[1.123s] Level 1:colcon.colcon_core.environment:checking '/home/ubuntu/ENAE450/ENAE450_ws/install/hw4_1' for CMake module files
[1.123s] Level 1:colcon.colcon_core.environment:checking '/home/ubuntu/ENAE450/ENAE450_ws/install/hw4_1' for CMake config files
[1.124s] Level 1:colcon.colcon_core.environment:checking '/home/ubuntu/ENAE450/ENAE450_ws/install/hw4_1/lib'
[1.124s] Level 1:colcon.colcon_core.environment:checking '/home/ubuntu/ENAE450/ENAE450_ws/install/hw4_1/bin'
[1.124s] Level 1:colcon.colcon_core.environment:checking '/home/ubuntu/ENAE450/ENAE450_ws/install/hw4_1/lib/pkgconfig/hw4_1.pc'
[1.124s] Level 1:colcon.colcon_core.environment:checking '/home/ubuntu/ENAE450/ENAE450_ws/install/hw4_1/lib/python3.10/site-packages'
[1.124s] Level 1:colcon.colcon_core.shell:create_environment_hook('hw4_1', 'pythonpath')
[1.124s] INFO:colcon.colcon_core.shell:Creating environment hook '/home/ubuntu/ENAE450/ENAE450_ws/install/hw4_1/share/hw4_1/hook/pythonpath.ps1'
[1.124s] INFO:colcon.colcon_core.shell:Creating environment descriptor '/home/ubuntu/ENAE450/ENAE450_ws/install/hw4_1/share/hw4_1/hook/pythonpath.dsv'
[1.124s] INFO:colcon.colcon_core.shell:Creating environment hook '/home/ubuntu/ENAE450/ENAE450_ws/install/hw4_1/share/hw4_1/hook/pythonpath.sh'
[1.125s] Level 1:colcon.colcon_core.environment:checking '/home/ubuntu/ENAE450/ENAE450_ws/install/hw4_1/bin'
[1.125s] Level 1:colcon.colcon_core.environment:create_environment_scripts_only(hw4_1)
[1.125s] INFO:colcon.colcon_core.shell:Creating package script '/home/ubuntu/ENAE450/ENAE450_ws/install/hw4_1/share/hw4_1/package.ps1'
[1.125s] INFO:colcon.colcon_core.shell:Creating package descriptor '/home/ubuntu/ENAE450/ENAE450_ws/install/hw4_1/share/hw4_1/package.dsv'
[1.125s] INFO:colcon.colcon_core.shell:Creating package script '/home/ubuntu/ENAE450/ENAE450_ws/install/hw4_1/share/hw4_1/package.sh'
[1.125s] INFO:colcon.colcon_core.shell:Creating package script '/home/ubuntu/ENAE450/ENAE450_ws/install/hw4_1/share/hw4_1/package.bash'
[1.125s] INFO:colcon.colcon_core.shell:Creating package script '/home/ubuntu/ENAE450/ENAE450_ws/install/hw4_1/share/hw4_1/package.zsh'
[1.126s] Level 1:colcon.colcon_core.environment:create_file_with_runtime_dependencies(/home/ubuntu/ENAE450/ENAE450_ws/install/hw4_1/share/colcon-core/packages/hw4_1)
[1.126s] Level 1:colcon.colcon_core.shell:create_environment_hook('hw4_3', 'pythonpath_develop')
[1.126s] INFO:colcon.colcon_core.shell:Creating environment hook '/home/ubuntu/ENAE450/ENAE450_ws/build/hw4_3/share/hw4_3/hook/pythonpath_develop.ps1'
[1.126s] INFO:colcon.colcon_core.shell:Creating environment descriptor '/home/ubuntu/ENAE450/ENAE450_ws/build/hw4_3/share/hw4_3/hook/pythonpath_develop.dsv'
[1.127s] DEBUG:colcon.colcon_core.event_handler.log_command:Invoked command in '/home/ubuntu/ENAE450/ENAE450_ws/build/hw4_3' returned '0': PYTHONPATH=/home/ubuntu/ENAE450/ENAE450_ws/build/hw4_3/prefix_override:/home/ubuntu/ENAE450/ENAE450_ws/install/hw4_3/lib/python3.10/site-packages:${PYTHONPATH} /usr/bin/python3 -W ignore:setup.py install is deprecated setup.py develop --editable --build-directory /home/ubuntu/ENAE450/ENAE450_ws/build/hw4_3/build --no-deps symlink_data
[1.127s] INFO:colcon.colcon_core.shell:Creating environment hook '/home/ubuntu/ENAE450/ENAE450_ws/build/hw4_3/share/hw4_3/hook/pythonpath_develop.sh'
[1.127s] Level 1:colcon.colcon_core.environment:checking '/home/ubuntu/ENAE450/ENAE450_ws/install/hw4_3' for CMake module files
[1.128s] Level 1:colcon.colcon_core.environment:checking '/home/ubuntu/ENAE450/ENAE450_ws/install/hw4_3' for CMake config files
[1.128s] Level 1:colcon.colcon_core.environment:checking '/home/ubuntu/ENAE450/ENAE450_ws/install/hw4_3/lib'
[1.128s] Level 1:colcon.colcon_core.environment:checking '/home/ubuntu/ENAE450/ENAE450_ws/install/hw4_3/bin'
[1.128s] Level 1:colcon.colcon_core.environment:checking '/home/ubuntu/ENAE450/ENAE450_ws/install/hw4_3/lib/pkgconfig/hw4_3.pc'
[1.128s] Level 1:colcon.colcon_core.environment:checking '/home/ubuntu/ENAE450/ENAE450_ws/install/hw4_3/lib/python3.10/site-packages'
[1.128s] Level 1:colcon.colcon_core.shell:create_environment_hook('hw4_3', 'pythonpath')
[1.128s] INFO:colcon.colcon_core.shell:Creating environment hook '/home/ubuntu/ENAE450/ENAE450_ws/install/hw4_3/share/hw4_3/hook/pythonpath.ps1'
[1.128s] INFO:colcon.colcon_core.shell:Creating environment descriptor '/home/ubuntu/ENAE450/ENAE450_ws/install/hw4_3/share/hw4_3/hook/pythonpath.dsv'
[1.129s] INFO:colcon.colcon_core.shell:Creating environment hook '/home/ubuntu/ENAE450/ENAE450_ws/install/hw4_3/share/hw4_3/hook/pythonpath.sh'
[1.129s] Level 1:colcon.colcon_core.environment:checking '/home/ubuntu/ENAE450/ENAE450_ws/install/hw4_3/bin'
[1.129s] Level 1:colcon.colcon_core.environment:create_environment_scripts_only(hw4_3)
[1.130s] INFO:colcon.colcon_core.shell:Creating package script '/home/ubuntu/ENAE450/ENAE450_ws/install/hw4_3/share/hw4_3/package.ps1'
[1.130s] INFO:colcon.colcon_core.shell:Creating package descriptor '/home/ubuntu/ENAE450/ENAE450_ws/install/hw4_3/share/hw4_3/package.dsv'
[1.130s] INFO:colcon.colcon_core.shell:Creating package script '/home/ubuntu/ENAE450/ENAE450_ws/install/hw4_3/share/hw4_3/package.sh'
[1.130s] INFO:colcon.colcon_core.shell:Creating package script '/home/ubuntu/ENAE450/ENAE450_ws/install/hw4_3/share/hw4_3/package.bash'
[1.130s] INFO:colcon.colcon_core.shell:Creating package script '/home/ubuntu/ENAE450/ENAE450_ws/install/hw4_3/share/hw4_3/package.zsh'
[1.130s] Level 1:colcon.colcon_core.environment:create_file_with_runtime_dependencies(/home/ubuntu/ENAE450/ENAE450_ws/install/hw4_3/share/colcon-core/packages/hw4_3)
[1.241s] DEBUG:colcon.colcon_core.event_handler.log_command:Invoking command in '/home/ubuntu/ENAE450/ENAE450_ws/build/hw4_2': PYTHONPATH=/home/ubuntu/ENAE450/ENAE450_ws/build/hw4_2/prefix_override:/home/ubuntu/ENAE450/ENAE450_ws/install/hw4_2/lib/python3.10/site-packages:${PYTHONPATH} /usr/bin/python3 -W ignore:setup.py install is deprecated setup.py develop --editable --build-directory /home/ubuntu/ENAE450/ENAE450_ws/build/hw4_2/build --no-deps symlink_data
[1.494s] Level 1:colcon.colcon_core.shell:create_environment_hook('hw4_2', 'pythonpath_develop')
[1.494s] INFO:colcon.colcon_core.shell:Creating environment hook '/home/ubuntu/ENAE450/ENAE450_ws/build/hw4_2/share/hw4_2/hook/pythonpath_develop.ps1'
[1.494s] DEBUG:colcon.colcon_core.event_handler.log_command:Invoked command in '/home/ubuntu/ENAE450/ENAE450_ws/build/hw4_2' returned '0': PYTHONPATH=/home/ubuntu/ENAE450/ENAE450_ws/build/hw4_2/prefix_override:/home/ubuntu/ENAE450/ENAE450_ws/install/hw4_2/lib/python3.10/site-packages:${PYTHONPATH} /usr/bin/python3 -W ignore:setup.py install is deprecated setup.py develop --editable --build-directory /home/ubuntu/ENAE450/ENAE450_ws/build/hw4_2/build --no-deps symlink_data
[1.495s] INFO:colcon.colcon_core.shell:Creating environment descriptor '/home/ubuntu/ENAE450/ENAE450_ws/build/hw4_2/share/hw4_2/hook/pythonpath_develop.dsv'
[1.495s] INFO:colcon.colcon_core.shell:Creating environment hook '/home/ubuntu/ENAE450/ENAE450_ws/build/hw4_2/share/hw4_2/hook/pythonpath_develop.sh'
[1.495s] Level 1:colcon.colcon_core.environment:checking '/home/ubuntu/ENAE450/ENAE450_ws/install/hw4_2' for CMake module files
[1.495s] Level 1:colcon.colcon_core.environment:checking '/home/ubuntu/ENAE450/ENAE450_ws/install/hw4_2' for CMake config files
[1.496s] Level 1:colcon.colcon_core.environment:checking '/home/ubuntu/ENAE450/ENAE450_ws/install/hw4_2/lib'
[1.496s] Level 1:colcon.colcon_core.environment:checking '/home/ubuntu/ENAE450/ENAE450_ws/install/hw4_2/bin'
[1.496s] Level 1:colcon.colcon_core.environment:checking '/home/ubuntu/ENAE450/ENAE450_ws/install/hw4_2/lib/pkgconfig/hw4_2.pc'
[1.496s] Level 1:colcon.colcon_core.environment:checking '/home/ubuntu/ENAE450/ENAE450_ws/install/hw4_2/lib/python3.10/site-packages'
[1.496s] Level 1:colcon.colcon_core.shell:create_environment_hook('hw4_2', 'pythonpath')
[1.496s] INFO:colcon.colcon_core.shell:Creating environment hook '/home/ubuntu/ENAE450/ENAE450_ws/install/hw4_2/share/hw4_2/hook/pythonpath.ps1'
[1.496s] INFO:colcon.colcon_core.shell:Creating environment descriptor '/home/ubuntu/ENAE450/ENAE450_ws/install/hw4_2/share/hw4_2/hook/pythonpath.dsv'
[1.496s] INFO:colcon.colcon_core.shell:Creating environment hook '/home/ubuntu/ENAE450/ENAE450_ws/install/hw4_2/share/hw4_2/hook/pythonpath.sh'
[1.497s] Level 1:colcon.colcon_core.environment:checking '/home/ubuntu/ENAE450/ENAE450_ws/install/hw4_2/bin'
[1.497s] Level 1:colcon.colcon_core.environment:create_environment_scripts_only(hw4_2)
[1.497s] INFO:colcon.colcon_core.shell:Creating package script '/home/ubuntu/ENAE450/ENAE450_ws/install/hw4_2/share/hw4_2/package.ps1'
[1.497s] INFO:colcon.colcon_core.shell:Creating package descriptor '/home/ubuntu/ENAE450/ENAE450_ws/install/hw4_2/share/hw4_2/package.dsv'
[1.497s] INFO:colcon.colcon_core.shell:Creating package script '/home/ubuntu/ENAE450/ENAE450_ws/install/hw4_2/share/hw4_2/package.sh'
[1.498s] INFO:colcon.colcon_core.shell:Creating package script '/home/ubuntu/ENAE450/ENAE450_ws/install/hw4_2/share/hw4_2/package.bash'
[1.498s] INFO:colcon.colcon_core.shell:Creating package script '/home/ubuntu/ENAE450/ENAE450_ws/install/hw4_2/share/hw4_2/package.zsh'
[1.498s] Level 1:colcon.colcon_core.environment:create_file_with_runtime_dependencies(/home/ubuntu/ENAE450/ENAE450_ws/install/hw4_2/share/colcon-core/packages/hw4_2)
[1.498s] DEBUG:colcon.colcon_parallel_executor.executor.parallel:closing loop
[1.498s] DEBUG:colcon.colcon_parallel_executor.executor.parallel:loop closed
[1.498s] DEBUG:colcon.colcon_parallel_executor.executor.parallel:run_until_complete finished with '0'
[1.498s] DEBUG:colcon.colcon_core.event_reactor:joining thread
[1.503s] INFO:colcon.colcon_core.plugin_system:Skipping extension 'colcon_notification.desktop_notification.terminal_notifier': Not used on non-Darwin systems
[1.503s] INFO:colcon.colcon_core.plugin_system:Skipping extension 'colcon_notification.desktop_notification.win32': Not used on non-Windows systems
[1.503s] INFO:colcon.colcon_notification.desktop_notification:Sending desktop notification using 'notify2'
[1.522s] DEBUG:colcon.colcon_core.event_reactor:joined thread
[1.522s] INFO:colcon.colcon_core.shell:Creating prefix script '/home/ubuntu/ENAE450/ENAE450_ws/install/local_setup.ps1'
[1.523s] INFO:colcon.colcon_core.shell:Creating prefix util module '/home/ubuntu/ENAE450/ENAE450_ws/install/_local_setup_util_ps1.py'
[1.524s] INFO:colcon.colcon_core.shell:Creating prefix chain script '/home/ubuntu/ENAE450/ENAE450_ws/install/setup.ps1'
[1.524s] INFO:colcon.colcon_core.shell:Creating prefix script '/home/ubuntu/ENAE450/ENAE450_ws/install/local_setup.sh'
[1.525s] INFO:colcon.colcon_core.shell:Creating prefix util module '/home/ubuntu/ENAE450/ENAE450_ws/install/_local_setup_util_sh.py'
[1.525s] INFO:colcon.colcon_core.shell:Creating prefix chain script '/home/ubuntu/ENAE450/ENAE450_ws/install/setup.sh'
[1.526s] INFO:colcon.colcon_core.shell:Creating prefix script '/home/ubuntu/ENAE450/ENAE450_ws/install/local_setup.bash'
[1.526s] INFO:colcon.colcon_core.shell:Creating prefix chain script '/home/ubuntu/ENAE450/ENAE450_ws/install/setup.bash'
[1.527s] INFO:colcon.colcon_core.shell:Creating prefix script '/home/ubuntu/ENAE450/ENAE450_ws/install/local_setup.zsh'
[1.527s] INFO:colcon.colcon_core.shell:Creating prefix chain script '/home/ubuntu/ENAE450/ENAE450_ws/install/setup.zsh'
