-- Found ament_cmake: 1.3.8 (/opt/ros/humble/share/ament_cmake/cmake)
-- Override CMake install command with custom implementation using symlinks instead of copying resources
-- Found rclcpp: 16.0.8 (/opt/ros/humble/share/rclcpp/cmake)
-- Found rosidl_generator_c: 3.1.5 (/opt/ros/humble/share/rosidl_generator_c/cmake)
-- Found rosidl_adapter: 3.1.5 (/opt/ros/humble/share/rosidl_adapter/cmake)
-- Found rosidl_generator_cpp: 3.1.5 (/opt/ros/humble/share/rosidl_generator_cpp/cmake)
-- Using all available rosidl_typesupport_c: rosidl_typesupport_fastrtps_c;rosidl_typesupport_introspection_c
-- Using all available rosidl_typesupport_cpp: rosidl_typesupport_fastrtps_cpp;rosidl_typesupport_introspection_cpp
-- Found rmw_implementation_cmake: 6.1.1 (/opt/ros/humble/share/rmw_implementation_cmake/cmake)
-- Found rmw_fastrtps_cpp: 6.2.6 (/opt/ros/humble/share/rmw_fastrtps_cpp/cmake)
-- Using RMW implementation 'rmw_fastrtps_cpp' as default
-- Found ament_lint_auto: 0.12.10 (/opt/ros/humble/share/ament_lint_auto/cmake)
-- Found rosidl_default_generators: 1.2.0 (/opt/ros/humble/share/rosidl_default_generators/cmake)
-- Found ament_cmake_ros: 0.10.0 (/opt/ros/humble/share/ament_cmake_ros/cmake)
-- Using all available rosidl_typesupport_c: rosidl_typesupport_fastrtps_c;rosidl_typesupport_introspection_c
-- Using all available rosidl_typesupport_cpp: rosidl_typesupport_fastrtps_cpp;rosidl_typesupport_introspection_cpp
-- Found PythonInterp: /usr/bin/python3 (found suitable version "3.10.12", minimum required is "3.6") 
-- Found python_cmake_module: 0.10.0 (/opt/ros/humble/share/python_cmake_module/cmake)
-- Found PythonLibs: /usr/lib/aarch64-linux-gnu/libpython3.10.so (found suitable version "3.10.12", minimum required is "3.5") 
-- Using PYTHON_EXECUTABLE: /usr/bin/python3
-- Using PYTHON_INCLUDE_DIRS: /usr/include/python3.10
-- Using PYTHON_LIBRARIES: /usr/lib/aarch64-linux-gnu/libpython3.10.so
-- Found PythonExtra: .so  
-- Added test 'lint_cmake' to check CMake code style
-- Added test 'xmllint' to check XML markup files
-- Configuring done
-- Generating done
-- Build files have been written to: /home/ubuntu/ENAE450/ENAE450_ws/build/hw4_interface
[  1%] [34m[1mGenerating C code for ROS interfaces[0m
[  3%] [34m[1mGenerating C++ code for ROS interfaces[0m
[  3%] Built target ament_cmake_python_symlink_hw4_interface
running egg_info
creating hw4_interface.egg-info
writing hw4_interface.egg-info/PKG-INFO
writing dependency_links to hw4_interface.egg-info/dependency_links.txt
writing top-level names to hw4_interface.egg-info/top_level.txt
writing manifest file 'hw4_interface.egg-info/SOURCES.txt'
reading manifest file 'hw4_interface.egg-info/SOURCES.txt'
writing manifest file 'hw4_interface.egg-info/SOURCES.txt'
[  3%] Built target ament_cmake_python_build_hw4_interface_egg
[  3%] Built target hw4_interface__cpp
[  5%] [34m[1mGenerating C++ type support dispatch for ROS interfaces[0m
[  7%] [34m[1mGenerating C++ introspection for ROS interfaces[0m
[  9%] [34m[1mGenerating C++ type support for eProsima Fast-RTPS[0m
[ 10%] [32mBuilding C object CMakeFiles/hw4_interface__rosidl_generator_c.dir/rosidl_generator_c/hw4_interface/srv/detail/catch_turtle__functions.c.o[0m
[ 12%] [32mBuilding C object CMakeFiles/hw4_interface__rosidl_generator_c.dir/rosidl_generator_c/hw4_interface/msg/detail/turtle__functions.c.o[0m
[ 14%] [32mBuilding C object CMakeFiles/hw4_interface__rosidl_generator_c.dir/rosidl_generator_c/hw4_interface/msg/detail/turtle_array__functions.c.o[0m
[ 16%] [32mBuilding C object CMakeFiles/hw4_interface__rosidl_generator_c.dir/rosidl_generator_c/hw4_interface/srv/detail/function_select__functions.c.o[0m
[ 18%] [32m[1mLinking C shared library libhw4_interface__rosidl_generator_c.so[0m
[ 18%] Built target hw4_interface__rosidl_generator_c
[ 20%] [34m[1mGenerating C type support for eProsima Fast-RTPS[0m
[ 21%] [34m[1mGenerating C introspection for ROS interfaces[0m
[ 23%] [34m[1mGenerating C type support dispatch for ROS interfaces[0m
[ 25%] [32mBuilding CXX object CMakeFiles/hw4_interface__rosidl_typesupport_cpp.dir/rosidl_typesupport_cpp/hw4_interface/msg/turtle__type_support.cpp.o[0m
[ 27%] [32mBuilding CXX object CMakeFiles/hw4_interface__rosidl_typesupport_introspection_cpp.dir/rosidl_typesupport_introspection_cpp/hw4_interface/msg/detail/turtle__type_support.cpp.o[0m
[ 29%] [32mBuilding CXX object CMakeFiles/hw4_interface__rosidl_typesupport_fastrtps_cpp.dir/rosidl_typesupport_fastrtps_cpp/hw4_interface/msg/detail/dds_fastrtps/turtle__type_support.cpp.o[0m
[ 30%] [32mBuilding CXX object CMakeFiles/hw4_interface__rosidl_typesupport_cpp.dir/rosidl_typesupport_cpp/hw4_interface/msg/turtle_array__type_support.cpp.o[0m
[ 32%] [32mBuilding CXX object CMakeFiles/hw4_interface__rosidl_typesupport_c.dir/rosidl_typesupport_c/hw4_interface/msg/turtle__type_support.cpp.o[0m
[ 34%] [32mBuilding CXX object CMakeFiles/hw4_interface__rosidl_typesupport_c.dir/rosidl_typesupport_c/hw4_interface/msg/turtle_array__type_support.cpp.o[0m
[ 36%] [32mBuilding C object CMakeFiles/hw4_interface__rosidl_typesupport_introspection_c.dir/rosidl_typesupport_introspection_c/hw4_interface/msg/detail/turtle__type_support.c.o[0m
[ 38%] [32mBuilding CXX object CMakeFiles/hw4_interface__rosidl_typesupport_fastrtps_c.dir/rosidl_typesupport_fastrtps_c/hw4_interface/msg/detail/turtle__type_support_c.cpp.o[0m
[ 40%] [32mBuilding CXX object CMakeFiles/hw4_interface__rosidl_typesupport_c.dir/rosidl_typesupport_c/hw4_interface/srv/catch_turtle__type_support.cpp.o[0m
[ 41%] [32mBuilding C object CMakeFiles/hw4_interface__rosidl_typesupport_introspection_c.dir/rosidl_typesupport_introspection_c/hw4_interface/msg/detail/turtle_array__type_support.c.o[0m
[ 43%] [32mBuilding CXX object CMakeFiles/hw4_interface__rosidl_typesupport_c.dir/rosidl_typesupport_c/hw4_interface/srv/function_select__type_support.cpp.o[0m
[ 45%] [32m[1mLinking CXX shared library libhw4_interface__rosidl_typesupport_c.so[0m
[ 47%] [32mBuilding C object CMakeFiles/hw4_interface__rosidl_typesupport_introspection_c.dir/rosidl_typesupport_introspection_c/hw4_interface/srv/detail/catch_turtle__type_support.c.o[0m
[ 47%] Built target hw4_interface__rosidl_typesupport_c
[ 49%] [32mBuilding CXX object CMakeFiles/hw4_interface__rosidl_typesupport_introspection_cpp.dir/rosidl_typesupport_introspection_cpp/hw4_interface/msg/detail/turtle_array__type_support.cpp.o[0m
[ 50%] [32mBuilding CXX object CMakeFiles/hw4_interface__rosidl_typesupport_introspection_cpp.dir/rosidl_typesupport_introspection_cpp/hw4_interface/srv/detail/catch_turtle__type_support.cpp.o[0m
[ 52%] [32mBuilding C object CMakeFiles/hw4_interface__rosidl_typesupport_introspection_c.dir/rosidl_typesupport_introspection_c/hw4_interface/srv/detail/function_select__type_support.c.o[0m
[ 54%] [32mBuilding CXX object CMakeFiles/hw4_interface__rosidl_typesupport_cpp.dir/rosidl_typesupport_cpp/hw4_interface/srv/catch_turtle__type_support.cpp.o[0m
[ 56%] [32m[1mLinking C shared library libhw4_interface__rosidl_typesupport_introspection_c.so[0m
[ 58%] [32mBuilding CXX object CMakeFiles/hw4_interface__rosidl_typesupport_fastrtps_cpp.dir/rosidl_typesupport_fastrtps_cpp/hw4_interface/msg/detail/dds_fastrtps/turtle_array__type_support.cpp.o[0m
[ 58%] Built target hw4_interface__rosidl_typesupport_introspection_c
[ 60%] [32mBuilding CXX object CMakeFiles/hw4_interface__rosidl_typesupport_fastrtps_cpp.dir/rosidl_typesupport_fastrtps_cpp/hw4_interface/srv/detail/dds_fastrtps/catch_turtle__type_support.cpp.o[0m
[ 61%] [32mBuilding CXX object CMakeFiles/hw4_interface__rosidl_typesupport_fastrtps_c.dir/rosidl_typesupport_fastrtps_c/hw4_interface/msg/detail/turtle_array__type_support_c.cpp.o[0m
[ 63%] [32mBuilding CXX object CMakeFiles/hw4_interface__rosidl_typesupport_cpp.dir/rosidl_typesupport_cpp/hw4_interface/srv/function_select__type_support.cpp.o[0m
[ 65%] [32mBuilding CXX object CMakeFiles/hw4_interface__rosidl_typesupport_introspection_cpp.dir/rosidl_typesupport_introspection_cpp/hw4_interface/srv/detail/function_select__type_support.cpp.o[0m
[ 67%] [32mBuilding CXX object CMakeFiles/hw4_interface__rosidl_typesupport_fastrtps_c.dir/rosidl_typesupport_fastrtps_c/hw4_interface/srv/detail/catch_turtle__type_support_c.cpp.o[0m
[ 69%] [32mBuilding CXX object CMakeFiles/hw4_interface__rosidl_typesupport_fastrtps_cpp.dir/rosidl_typesupport_fastrtps_cpp/hw4_interface/srv/detail/dds_fastrtps/function_select__type_support.cpp.o[0m
[ 70%] [32mBuilding CXX object CMakeFiles/hw4_interface__rosidl_typesupport_fastrtps_c.dir/rosidl_typesupport_fastrtps_c/hw4_interface/srv/detail/function_select__type_support_c.cpp.o[0m
[ 72%] [32m[1mLinking CXX shared library libhw4_interface__rosidl_typesupport_cpp.so[0m
[ 72%] Built target hw4_interface__rosidl_typesupport_cpp
[ 74%] [32m[1mLinking CXX shared library libhw4_interface__rosidl_typesupport_introspection_cpp.so[0m
[ 74%] Built target hw4_interface__rosidl_typesupport_introspection_cpp
[ 76%] [32m[1mLinking CXX shared library libhw4_interface__rosidl_typesupport_fastrtps_c.so[0m
[ 78%] [32m[1mLinking CXX shared library libhw4_interface__rosidl_typesupport_fastrtps_cpp.so[0m
[ 78%] Built target hw4_interface__rosidl_typesupport_fastrtps_c
[ 78%] Built target hw4_interface__rosidl_typesupport_fastrtps_cpp
[ 78%] Built target hw4_interface
[ 80%] [34m[1mGenerating Python code for ROS interfaces[0m
[ 80%] Built target hw4_interface__py
[ 81%] [32mBuilding C object CMakeFiles/hw4_interface__rosidl_generator_py.dir/rosidl_generator_py/hw4_interface/msg/_turtle_s.c.o[0m
[ 83%] [32mBuilding C object CMakeFiles/hw4_interface__rosidl_generator_py.dir/rosidl_generator_py/hw4_interface/msg/_turtle_array_s.c.o[0m
[ 85%] [32mBuilding C object CMakeFiles/hw4_interface__rosidl_generator_py.dir/rosidl_generator_py/hw4_interface/srv/_catch_turtle_s.c.o[0m
[ 87%] [32mBuilding C object CMakeFiles/hw4_interface__rosidl_generator_py.dir/rosidl_generator_py/hw4_interface/srv/_function_select_s.c.o[0m
[ 89%] [32m[1mLinking C shared library rosidl_generator_py/hw4_interface/libhw4_interface__rosidl_generator_py.so[0m
[ 89%] Built target hw4_interface__rosidl_generator_py
[ 92%] [32mBuilding C object CMakeFiles/hw4_interface__rosidl_typesupport_fastrtps_c__pyext.dir/rosidl_generator_py/hw4_interface/_hw4_interface_s.ep.rosidl_typesupport_fastrtps_c.c.o[0m
[ 92%] [32mBuilding C object CMakeFiles/hw4_interface__rosidl_typesupport_introspection_c__pyext.dir/rosidl_generator_py/hw4_interface/_hw4_interface_s.ep.rosidl_typesupport_introspection_c.c.o[0m
[ 94%] [32mBuilding C object CMakeFiles/hw4_interface__rosidl_typesupport_c__pyext.dir/rosidl_generator_py/hw4_interface/_hw4_interface_s.ep.rosidl_typesupport_c.c.o[0m
[ 96%] [32m[1mLinking C shared library rosidl_generator_py/hw4_interface/hw4_interface_s__rosidl_typesupport_c.cpython-310-aarch64-linux-gnu.so[0m
[ 98%] [32m[1mLinking C shared library rosidl_generator_py/hw4_interface/hw4_interface_s__rosidl_typesupport_fastrtps_c.cpython-310-aarch64-linux-gnu.so[0m
[100%] [32m[1mLinking C shared library rosidl_generator_py/hw4_interface/hw4_interface_s__rosidl_typesupport_introspection_c.cpython-310-aarch64-linux-gnu.so[0m
[100%] Built target hw4_interface__rosidl_typesupport_c__pyext
[100%] Built target hw4_interface__rosidl_typesupport_introspection_c__pyext
[100%] Built target hw4_interface__rosidl_typesupport_fastrtps_c__pyext
-- Install configuration: ""
-- Execute custom install script
-- Symlinking: /home/ubuntu/ENAE450/ENAE450_ws/install/hw4_interface/share/ament_index/resource_index/rosidl_interfaces/hw4_interface
-- Symlinking: /home/ubuntu/ENAE450/ENAE450_ws/install/hw4_interface/include/hw4_interface/hw4_interface/msg/detail/turtle__functions.h
-- Symlinking: /home/ubuntu/ENAE450/ENAE450_ws/install/hw4_interface/include/hw4_interface/hw4_interface/msg/detail/turtle__struct.h
-- Symlinking: /home/ubuntu/ENAE450/ENAE450_ws/install/hw4_interface/include/hw4_interface/hw4_interface/msg/detail/turtle__type_support.h
-- Symlinking: /home/ubuntu/ENAE450/ENAE450_ws/install/hw4_interface/include/hw4_interface/hw4_interface/msg/detail/turtle_array__functions.h
-- Symlinking: /home/ubuntu/ENAE450/ENAE450_ws/install/hw4_interface/include/hw4_interface/hw4_interface/msg/detail/turtle_array__struct.h
-- Symlinking: /home/ubuntu/ENAE450/ENAE450_ws/install/hw4_interface/include/hw4_interface/hw4_interface/msg/detail/turtle_array__type_support.h
-- Symlinking: /home/ubuntu/ENAE450/ENAE450_ws/install/hw4_interface/include/hw4_interface/hw4_interface/msg/rosidl_generator_c__visibility_control.h
-- Symlinking: /home/ubuntu/ENAE450/ENAE450_ws/install/hw4_interface/include/hw4_interface/hw4_interface/msg/turtle.h
-- Symlinking: /home/ubuntu/ENAE450/ENAE450_ws/install/hw4_interface/include/hw4_interface/hw4_interface/msg/turtle_array.h
-- Symlinking: /home/ubuntu/ENAE450/ENAE450_ws/install/hw4_interface/include/hw4_interface/hw4_interface/srv/catch_turtle.h
-- Symlinking: /home/ubuntu/ENAE450/ENAE450_ws/install/hw4_interface/include/hw4_interface/hw4_interface/srv/detail/catch_turtle__functions.h
-- Symlinking: /home/ubuntu/ENAE450/ENAE450_ws/install/hw4_interface/include/hw4_interface/hw4_interface/srv/detail/catch_turtle__struct.h
-- Symlinking: /home/ubuntu/ENAE450/ENAE450_ws/install/hw4_interface/include/hw4_interface/hw4_interface/srv/detail/catch_turtle__type_support.h
-- Symlinking: /home/ubuntu/ENAE450/ENAE450_ws/install/hw4_interface/include/hw4_interface/hw4_interface/srv/detail/function_select__functions.h
-- Symlinking: /home/ubuntu/ENAE450/ENAE450_ws/install/hw4_interface/include/hw4_interface/hw4_interface/srv/detail/function_select__struct.h
-- Symlinking: /home/ubuntu/ENAE450/ENAE450_ws/install/hw4_interface/include/hw4_interface/hw4_interface/srv/detail/function_select__type_support.h
-- Symlinking: /home/ubuntu/ENAE450/ENAE450_ws/install/hw4_interface/include/hw4_interface/hw4_interface/srv/function_select.h
-- Symlinking: /home/ubuntu/ENAE450/ENAE450_ws/install/hw4_interface/share/hw4_interface/environment/library_path.sh
-- Symlinking: /home/ubuntu/ENAE450/ENAE450_ws/install/hw4_interface/share/hw4_interface/environment/library_path.dsv
-- Symlinking: /home/ubuntu/ENAE450/ENAE450_ws/install/hw4_interface/include/hw4_interface/hw4_interface/msg/detail/turtle__rosidl_typesupport_fastrtps_c.h
-- Symlinking: /home/ubuntu/ENAE450/ENAE450_ws/install/hw4_interface/include/hw4_interface/hw4_interface/msg/detail/turtle_array__rosidl_typesupport_fastrtps_c.h
-- Symlinking: /home/ubuntu/ENAE450/ENAE450_ws/install/hw4_interface/include/hw4_interface/hw4_interface/msg/rosidl_typesupport_fastrtps_c__visibility_control.h
-- Symlinking: /home/ubuntu/ENAE450/ENAE450_ws/install/hw4_interface/include/hw4_interface/hw4_interface/srv/detail/catch_turtle__rosidl_typesupport_fastrtps_c.h
-- Symlinking: /home/ubuntu/ENAE450/ENAE450_ws/install/hw4_interface/include/hw4_interface/hw4_interface/srv/detail/function_select__rosidl_typesupport_fastrtps_c.h
-- Symlinking: /home/ubuntu/ENAE450/ENAE450_ws/install/hw4_interface/include/hw4_interface/hw4_interface/msg/detail/turtle__builder.hpp
-- Symlinking: /home/ubuntu/ENAE450/ENAE450_ws/install/hw4_interface/include/hw4_interface/hw4_interface/msg/detail/turtle__struct.hpp
-- Symlinking: /home/ubuntu/ENAE450/ENAE450_ws/install/hw4_interface/include/hw4_interface/hw4_interface/msg/detail/turtle__traits.hpp
-- Symlinking: /home/ubuntu/ENAE450/ENAE450_ws/install/hw4_interface/include/hw4_interface/hw4_interface/msg/detail/turtle_array__builder.hpp
-- Symlinking: /home/ubuntu/ENAE450/ENAE450_ws/install/hw4_interface/include/hw4_interface/hw4_interface/msg/detail/turtle_array__struct.hpp
-- Symlinking: /home/ubuntu/ENAE450/ENAE450_ws/install/hw4_interface/include/hw4_interface/hw4_interface/msg/detail/turtle_array__traits.hpp
-- Symlinking: /home/ubuntu/ENAE450/ENAE450_ws/install/hw4_interface/include/hw4_interface/hw4_interface/msg/turtle.hpp
-- Symlinking: /home/ubuntu/ENAE450/ENAE450_ws/install/hw4_interface/include/hw4_interface/hw4_interface/msg/turtle_array.hpp
-- Symlinking: /home/ubuntu/ENAE450/ENAE450_ws/install/hw4_interface/include/hw4_interface/hw4_interface/srv/catch_turtle.hpp
-- Symlinking: /home/ubuntu/ENAE450/ENAE450_ws/install/hw4_interface/include/hw4_interface/hw4_interface/srv/detail/catch_turtle__builder.hpp
-- Symlinking: /home/ubuntu/ENAE450/ENAE450_ws/install/hw4_interface/include/hw4_interface/hw4_interface/srv/detail/catch_turtle__struct.hpp
-- Symlinking: /home/ubuntu/ENAE450/ENAE450_ws/install/hw4_interface/include/hw4_interface/hw4_interface/srv/detail/catch_turtle__traits.hpp
-- Symlinking: /home/ubuntu/ENAE450/ENAE450_ws/install/hw4_interface/include/hw4_interface/hw4_interface/srv/detail/function_select__builder.hpp
-- Symlinking: /home/ubuntu/ENAE450/ENAE450_ws/install/hw4_interface/include/hw4_interface/hw4_interface/srv/detail/function_select__struct.hpp
-- Symlinking: /home/ubuntu/ENAE450/ENAE450_ws/install/hw4_interface/include/hw4_interface/hw4_interface/srv/detail/function_select__traits.hpp
-- Symlinking: /home/ubuntu/ENAE450/ENAE450_ws/install/hw4_interface/include/hw4_interface/hw4_interface/srv/function_select.hpp
-- Symlinking: /home/ubuntu/ENAE450/ENAE450_ws/install/hw4_interface/include/hw4_interface/hw4_interface/msg/detail/turtle__rosidl_typesupport_fastrtps_cpp.hpp
-- Symlinking: /home/ubuntu/ENAE450/ENAE450_ws/install/hw4_interface/include/hw4_interface/hw4_interface/msg/detail/turtle_array__rosidl_typesupport_fastrtps_cpp.hpp
-- Symlinking: /home/ubuntu/ENAE450/ENAE450_ws/install/hw4_interface/include/hw4_interface/hw4_interface/msg/rosidl_typesupport_fastrtps_cpp__visibility_control.h
-- Symlinking: /home/ubuntu/ENAE450/ENAE450_ws/install/hw4_interface/include/hw4_interface/hw4_interface/srv/detail/catch_turtle__rosidl_typesupport_fastrtps_cpp.hpp
-- Symlinking: /home/ubuntu/ENAE450/ENAE450_ws/install/hw4_interface/include/hw4_interface/hw4_interface/srv/detail/function_select__rosidl_typesupport_fastrtps_cpp.hpp
-- Symlinking: /home/ubuntu/ENAE450/ENAE450_ws/install/hw4_interface/include/hw4_interface/hw4_interface/msg/detail/turtle__rosidl_typesupport_introspection_c.h
-- Symlinking: /home/ubuntu/ENAE450/ENAE450_ws/install/hw4_interface/include/hw4_interface/hw4_interface/msg/detail/turtle_array__rosidl_typesupport_introspection_c.h
-- Symlinking: /home/ubuntu/ENAE450/ENAE450_ws/install/hw4_interface/include/hw4_interface/hw4_interface/msg/rosidl_typesupport_introspection_c__visibility_control.h
-- Symlinking: /home/ubuntu/ENAE450/ENAE450_ws/install/hw4_interface/include/hw4_interface/hw4_interface/srv/detail/catch_turtle__rosidl_typesupport_introspection_c.h
-- Symlinking: /home/ubuntu/ENAE450/ENAE450_ws/install/hw4_interface/include/hw4_interface/hw4_interface/srv/detail/function_select__rosidl_typesupport_introspection_c.h
-- Symlinking: /home/ubuntu/ENAE450/ENAE450_ws/install/hw4_interface/include/hw4_interface/hw4_interface/msg/detail/turtle__rosidl_typesupport_introspection_cpp.hpp
-- Symlinking: /home/ubuntu/ENAE450/ENAE450_ws/install/hw4_interface/include/hw4_interface/hw4_interface/msg/detail/turtle_array__rosidl_typesupport_introspection_cpp.hpp
-- Symlinking: /home/ubuntu/ENAE450/ENAE450_ws/install/hw4_interface/include/hw4_interface/hw4_interface/srv/detail/catch_turtle__rosidl_typesupport_introspection_cpp.hpp
-- Symlinking: /home/ubuntu/ENAE450/ENAE450_ws/install/hw4_interface/include/hw4_interface/hw4_interface/srv/detail/function_select__rosidl_typesupport_introspection_cpp.hpp
-- Symlinking: /home/ubuntu/ENAE450/ENAE450_ws/install/hw4_interface/share/hw4_interface/environment/pythonpath.sh
-- Symlinking: /home/ubuntu/ENAE450/ENAE450_ws/install/hw4_interface/share/hw4_interface/environment/pythonpath.dsv
-- Symlinking: /home/ubuntu/ENAE450/ENAE450_ws/install/hw4_interface/local/lib/python3.10/dist-packages/hw4_interface-0.0.0-py3.10.egg-info/PKG-INFO
-- Symlinking: /home/ubuntu/ENAE450/ENAE450_ws/install/hw4_interface/local/lib/python3.10/dist-packages/hw4_interface-0.0.0-py3.10.egg-info/SOURCES.txt
-- Symlinking: /home/ubuntu/ENAE450/ENAE450_ws/install/hw4_interface/local/lib/python3.10/dist-packages/hw4_interface-0.0.0-py3.10.egg-info/dependency_links.txt
-- Symlinking: /home/ubuntu/ENAE450/ENAE450_ws/install/hw4_interface/local/lib/python3.10/dist-packages/hw4_interface-0.0.0-py3.10.egg-info/top_level.txt
-- Symlinking: /home/ubuntu/ENAE450/ENAE450_ws/install/hw4_interface/local/lib/python3.10/dist-packages/hw4_interface/__init__.py
-- Symlinking: /home/ubuntu/ENAE450/ENAE450_ws/install/hw4_interface/local/lib/python3.10/dist-packages/hw4_interface/_hw4_interface_s.ep.rosidl_typesupport_c.c
-- Symlinking: /home/ubuntu/ENAE450/ENAE450_ws/install/hw4_interface/local/lib/python3.10/dist-packages/hw4_interface/_hw4_interface_s.ep.rosidl_typesupport_fastrtps_c.c
-- Symlinking: /home/ubuntu/ENAE450/ENAE450_ws/install/hw4_interface/local/lib/python3.10/dist-packages/hw4_interface/_hw4_interface_s.ep.rosidl_typesupport_introspection_c.c
-- Symlinking: /home/ubuntu/ENAE450/ENAE450_ws/install/hw4_interface/local/lib/python3.10/dist-packages/hw4_interface/hw4_interface_s__rosidl_typesupport_c.cpython-310-aarch64-linux-gnu.so
-- Symlinking: /home/ubuntu/ENAE450/ENAE450_ws/install/hw4_interface/local/lib/python3.10/dist-packages/hw4_interface/hw4_interface_s__rosidl_typesupport_fastrtps_c.cpython-310-aarch64-linux-gnu.so
-- Symlinking: /home/ubuntu/ENAE450/ENAE450_ws/install/hw4_interface/local/lib/python3.10/dist-packages/hw4_interface/hw4_interface_s__rosidl_typesupport_introspection_c.cpython-310-aarch64-linux-gnu.so
-- Symlinking: /home/ubuntu/ENAE450/ENAE450_ws/install/hw4_interface/local/lib/python3.10/dist-packages/hw4_interface/libhw4_interface__rosidl_generator_py.so
-- Symlinking: /home/ubuntu/ENAE450/ENAE450_ws/install/hw4_interface/local/lib/python3.10/dist-packages/hw4_interface/msg/__init__.py
-- Symlinking: /home/ubuntu/ENAE450/ENAE450_ws/install/hw4_interface/local/lib/python3.10/dist-packages/hw4_interface/msg/_turtle.py
-- Symlinking: /home/ubuntu/ENAE450/ENAE450_ws/install/hw4_interface/local/lib/python3.10/dist-packages/hw4_interface/msg/_turtle_array.py
-- Symlinking: /home/ubuntu/ENAE450/ENAE450_ws/install/hw4_interface/local/lib/python3.10/dist-packages/hw4_interface/msg/_turtle_array_s.c
-- Symlinking: /home/ubuntu/ENAE450/ENAE450_ws/install/hw4_interface/local/lib/python3.10/dist-packages/hw4_interface/msg/_turtle_s.c
-- Symlinking: /home/ubuntu/ENAE450/ENAE450_ws/install/hw4_interface/local/lib/python3.10/dist-packages/hw4_interface/srv/__init__.py
-- Symlinking: /home/ubuntu/ENAE450/ENAE450_ws/install/hw4_interface/local/lib/python3.10/dist-packages/hw4_interface/srv/_catch_turtle.py
-- Symlinking: /home/ubuntu/ENAE450/ENAE450_ws/install/hw4_interface/local/lib/python3.10/dist-packages/hw4_interface/srv/_catch_turtle_s.c
-- Symlinking: /home/ubuntu/ENAE450/ENAE450_ws/install/hw4_interface/local/lib/python3.10/dist-packages/hw4_interface/srv/_function_select.py
-- Symlinking: /home/ubuntu/ENAE450/ENAE450_ws/install/hw4_interface/local/lib/python3.10/dist-packages/hw4_interface/srv/_function_select_s.c
-- Up-to-date symlink: /home/ubuntu/ENAE450/ENAE450_ws/install/hw4_interface/local/lib/python3.10/dist-packages/hw4_interface/hw4_interface_s__rosidl_typesupport_fastrtps_c.cpython-310-aarch64-linux-gnu.so
-- Up-to-date symlink: /home/ubuntu/ENAE450/ENAE450_ws/install/hw4_interface/local/lib/python3.10/dist-packages/hw4_interface/hw4_interface_s__rosidl_typesupport_introspection_c.cpython-310-aarch64-linux-gnu.so
-- Up-to-date symlink: /home/ubuntu/ENAE450/ENAE450_ws/install/hw4_interface/local/lib/python3.10/dist-packages/hw4_interface/hw4_interface_s__rosidl_typesupport_c.cpython-310-aarch64-linux-gnu.so
-- Symlinking: /home/ubuntu/ENAE450/ENAE450_ws/install/hw4_interface/share/hw4_interface/msg/Turtle.idl
-- Symlinking: /home/ubuntu/ENAE450/ENAE450_ws/install/hw4_interface/share/hw4_interface/msg/TurtleArray.idl
-- Symlinking: /home/ubuntu/ENAE450/ENAE450_ws/install/hw4_interface/share/hw4_interface/srv/CatchTurtle.idl
-- Symlinking: /home/ubuntu/ENAE450/ENAE450_ws/install/hw4_interface/share/hw4_interface/srv/FunctionSelect.idl
-- Symlinking: /home/ubuntu/ENAE450/ENAE450_ws/install/hw4_interface/share/hw4_interface/msg/Turtle.msg
-- Symlinking: /home/ubuntu/ENAE450/ENAE450_ws/install/hw4_interface/share/hw4_interface/msg/TurtleArray.msg
-- Symlinking: /home/ubuntu/ENAE450/ENAE450_ws/install/hw4_interface/share/hw4_interface/srv/CatchTurtle.srv
-- Symlinking: /home/ubuntu/ENAE450/ENAE450_ws/install/hw4_interface/share/hw4_interface/srv/CatchTurtle_Request.msg
-- Symlinking: /home/ubuntu/ENAE450/ENAE450_ws/install/hw4_interface/share/hw4_interface/srv/CatchTurtle_Response.msg
-- Symlinking: /home/ubuntu/ENAE450/ENAE450_ws/install/hw4_interface/share/hw4_interface/srv/FunctionSelect.srv
-- Symlinking: /home/ubuntu/ENAE450/ENAE450_ws/install/hw4_interface/share/hw4_interface/srv/FunctionSelect_Request.msg
-- Symlinking: /home/ubuntu/ENAE450/ENAE450_ws/install/hw4_interface/share/hw4_interface/srv/FunctionSelect_Response.msg
-- Symlinking: /home/ubuntu/ENAE450/ENAE450_ws/install/hw4_interface/share/ament_index/resource_index/package_run_dependencies/hw4_interface
-- Symlinking: /home/ubuntu/ENAE450/ENAE450_ws/install/hw4_interface/share/ament_index/resource_index/parent_prefix_path/hw4_interface
-- Symlinking: /home/ubuntu/ENAE450/ENAE450_ws/install/hw4_interface/share/hw4_interface/environment/ament_prefix_path.sh
-- Symlinking: /home/ubuntu/ENAE450/ENAE450_ws/install/hw4_interface/share/hw4_interface/environment/ament_prefix_path.dsv
-- Symlinking: /home/ubuntu/ENAE450/ENAE450_ws/install/hw4_interface/share/hw4_interface/environment/path.sh
-- Symlinking: /home/ubuntu/ENAE450/ENAE450_ws/install/hw4_interface/share/hw4_interface/environment/path.dsv
-- Symlinking: /home/ubuntu/ENAE450/ENAE450_ws/install/hw4_interface/share/hw4_interface/local_setup.bash
-- Symlinking: /home/ubuntu/ENAE450/ENAE450_ws/install/hw4_interface/share/hw4_interface/local_setup.sh
-- Symlinking: /home/ubuntu/ENAE450/ENAE450_ws/install/hw4_interface/share/hw4_interface/local_setup.zsh
-- Symlinking: /home/ubuntu/ENAE450/ENAE450_ws/install/hw4_interface/share/hw4_interface/local_setup.dsv
-- Symlinking: /home/ubuntu/ENAE450/ENAE450_ws/install/hw4_interface/share/hw4_interface/package.dsv
-- Symlinking: /home/ubuntu/ENAE450/ENAE450_ws/install/hw4_interface/share/ament_index/resource_index/packages/hw4_interface
-- Symlinking: /home/ubuntu/ENAE450/ENAE450_ws/install/hw4_interface/share/hw4_interface/cmake/rosidl_cmake-extras.cmake
-- Symlinking: /home/ubuntu/ENAE450/ENAE450_ws/install/hw4_interface/share/hw4_interface/cmake/ament_cmake_export_include_directories-extras.cmake
-- Symlinking: /home/ubuntu/ENAE450/ENAE450_ws/install/hw4_interface/share/hw4_interface/cmake/ament_cmake_export_libraries-extras.cmake
-- Symlinking: /home/ubuntu/ENAE450/ENAE450_ws/install/hw4_interface/share/hw4_interface/cmake/ament_cmake_export_targets-extras.cmake
-- Symlinking: /home/ubuntu/ENAE450/ENAE450_ws/install/hw4_interface/share/hw4_interface/cmake/rosidl_cmake_export_typesupport_targets-extras.cmake
-- Symlinking: /home/ubuntu/ENAE450/ENAE450_ws/install/hw4_interface/share/hw4_interface/cmake/ament_cmake_export_dependencies-extras.cmake
-- Symlinking: /home/ubuntu/ENAE450/ENAE450_ws/install/hw4_interface/share/hw4_interface/cmake/rosidl_cmake_export_typesupport_libraries-extras.cmake
-- Symlinking: /home/ubuntu/ENAE450/ENAE450_ws/install/hw4_interface/share/hw4_interface/cmake/hw4_interfaceConfig.cmake
-- Symlinking: /home/ubuntu/ENAE450/ENAE450_ws/install/hw4_interface/share/hw4_interface/cmake/hw4_interfaceConfig-version.cmake
-- Symlinking: /home/ubuntu/ENAE450/ENAE450_ws/install/hw4_interface/share/hw4_interface/package.xml
-- Installing: /home/ubuntu/ENAE450/ENAE450_ws/install/hw4_interface/lib/libhw4_interface__rosidl_generator_c.so
-- Set runtime path of "/home/ubuntu/ENAE450/ENAE450_ws/install/hw4_interface/lib/libhw4_interface__rosidl_generator_c.so" to ""
-- Installing: /home/ubuntu/ENAE450/ENAE450_ws/install/hw4_interface/lib/libhw4_interface__rosidl_typesupport_fastrtps_c.so
-- Set runtime path of "/home/ubuntu/ENAE450/ENAE450_ws/install/hw4_interface/lib/libhw4_interface__rosidl_typesupport_fastrtps_c.so" to ""
-- Installing: /home/ubuntu/ENAE450/ENAE450_ws/install/hw4_interface/lib/libhw4_interface__rosidl_typesupport_fastrtps_cpp.so
-- Set runtime path of "/home/ubuntu/ENAE450/ENAE450_ws/install/hw4_interface/lib/libhw4_interface__rosidl_typesupport_fastrtps_cpp.so" to ""
-- Installing: /home/ubuntu/ENAE450/ENAE450_ws/install/hw4_interface/lib/libhw4_interface__rosidl_typesupport_introspection_c.so
-- Set runtime path of "/home/ubuntu/ENAE450/ENAE450_ws/install/hw4_interface/lib/libhw4_interface__rosidl_typesupport_introspection_c.so" to ""
-- Installing: /home/ubuntu/ENAE450/ENAE450_ws/install/hw4_interface/lib/libhw4_interface__rosidl_typesupport_c.so
-- Set runtime path of "/home/ubuntu/ENAE450/ENAE450_ws/install/hw4_interface/lib/libhw4_interface__rosidl_typesupport_c.so" to ""
-- Installing: /home/ubuntu/ENAE450/ENAE450_ws/install/hw4_interface/lib/libhw4_interface__rosidl_typesupport_introspection_cpp.so
-- Set runtime path of "/home/ubuntu/ENAE450/ENAE450_ws/install/hw4_interface/lib/libhw4_interface__rosidl_typesupport_introspection_cpp.so" to ""
-- Installing: /home/ubuntu/ENAE450/ENAE450_ws/install/hw4_interface/lib/libhw4_interface__rosidl_typesupport_cpp.so
-- Set runtime path of "/home/ubuntu/ENAE450/ENAE450_ws/install/hw4_interface/lib/libhw4_interface__rosidl_typesupport_cpp.so" to ""
Listing '/home/ubuntu/ENAE450/ENAE450_ws/install/hw4_interface/local/lib/python3.10/dist-packages/hw4_interface'...
Compiling '/home/ubuntu/ENAE450/ENAE450_ws/install/hw4_interface/local/lib/python3.10/dist-packages/hw4_interface/__init__.py'...
Listing '/home/ubuntu/ENAE450/ENAE450_ws/install/hw4_interface/local/lib/python3.10/dist-packages/hw4_interface/msg'...
Compiling '/home/ubuntu/ENAE450/ENAE450_ws/install/hw4_interface/local/lib/python3.10/dist-packages/hw4_interface/msg/__init__.py'...
Compiling '/home/ubuntu/ENAE450/ENAE450_ws/install/hw4_interface/local/lib/python3.10/dist-packages/hw4_interface/msg/_turtle.py'...
Compiling '/home/ubuntu/ENAE450/ENAE450_ws/install/hw4_interface/local/lib/python3.10/dist-packages/hw4_interface/msg/_turtle_array.py'...
Listing '/home/ubuntu/ENAE450/ENAE450_ws/install/hw4_interface/local/lib/python3.10/dist-packages/hw4_interface/srv'...
Compiling '/home/ubuntu/ENAE450/ENAE450_ws/install/hw4_interface/local/lib/python3.10/dist-packages/hw4_interface/srv/__init__.py'...
Compiling '/home/ubuntu/ENAE450/ENAE450_ws/install/hw4_interface/local/lib/python3.10/dist-packages/hw4_interface/srv/_catch_turtle.py'...
Compiling '/home/ubuntu/ENAE450/ENAE450_ws/install/hw4_interface/local/lib/python3.10/dist-packages/hw4_interface/srv/_function_select.py'...
-- Installing: /home/ubuntu/ENAE450/ENAE450_ws/install/hw4_interface/lib/libhw4_interface__rosidl_generator_py.so
-- Set runtime path of "/home/ubuntu/ENAE450/ENAE450_ws/install/hw4_interface/lib/libhw4_interface__rosidl_generator_py.so" to ""
-- Installing: /home/ubuntu/ENAE450/ENAE450_ws/install/hw4_interface/share/hw4_interface/cmake/export_hw4_interface__rosidl_generator_cExport.cmake
-- Installing: /home/ubuntu/ENAE450/ENAE450_ws/install/hw4_interface/share/hw4_interface/cmake/export_hw4_interface__rosidl_generator_cExport-noconfig.cmake
-- Installing: /home/ubuntu/ENAE450/ENAE450_ws/install/hw4_interface/share/hw4_interface/cmake/export_hw4_interface__rosidl_typesupport_fastrtps_cExport.cmake
-- Installing: /home/ubuntu/ENAE450/ENAE450_ws/install/hw4_interface/share/hw4_interface/cmake/export_hw4_interface__rosidl_typesupport_fastrtps_cExport-noconfig.cmake
-- Installing: /home/ubuntu/ENAE450/ENAE450_ws/install/hw4_interface/share/hw4_interface/cmake/export_hw4_interface__rosidl_generator_cppExport.cmake
-- Installing: /home/ubuntu/ENAE450/ENAE450_ws/install/hw4_interface/share/hw4_interface/cmake/export_hw4_interface__rosidl_typesupport_fastrtps_cppExport.cmake
-- Installing: /home/ubuntu/ENAE450/ENAE450_ws/install/hw4_interface/share/hw4_interface/cmake/export_hw4_interface__rosidl_typesupport_fastrtps_cppExport-noconfig.cmake
-- Installing: /home/ubuntu/ENAE450/ENAE450_ws/install/hw4_interface/share/hw4_interface/cmake/hw4_interface__rosidl_typesupport_introspection_cExport.cmake
-- Installing: /home/ubuntu/ENAE450/ENAE450_ws/install/hw4_interface/share/hw4_interface/cmake/hw4_interface__rosidl_typesupport_introspection_cExport-noconfig.cmake
-- Installing: /home/ubuntu/ENAE450/ENAE450_ws/install/hw4_interface/share/hw4_interface/cmake/hw4_interface__rosidl_typesupport_cExport.cmake
-- Installing: /home/ubuntu/ENAE450/ENAE450_ws/install/hw4_interface/share/hw4_interface/cmake/hw4_interface__rosidl_typesupport_cExport-noconfig.cmake
-- Installing: /home/ubuntu/ENAE450/ENAE450_ws/install/hw4_interface/share/hw4_interface/cmake/hw4_interface__rosidl_typesupport_introspection_cppExport.cmake
-- Installing: /home/ubuntu/ENAE450/ENAE450_ws/install/hw4_interface/share/hw4_interface/cmake/hw4_interface__rosidl_typesupport_introspection_cppExport-noconfig.cmake
-- Installing: /home/ubuntu/ENAE450/ENAE450_ws/install/hw4_interface/share/hw4_interface/cmake/hw4_interface__rosidl_typesupport_cppExport.cmake
-- Installing: /home/ubuntu/ENAE450/ENAE450_ws/install/hw4_interface/share/hw4_interface/cmake/hw4_interface__rosidl_typesupport_cppExport-noconfig.cmake
-- Installing: /home/ubuntu/ENAE450/ENAE450_ws/install/hw4_interface/share/hw4_interface/cmake/export_hw4_interface__rosidl_generator_pyExport.cmake
-- Installing: /home/ubuntu/ENAE450/ENAE450_ws/install/hw4_interface/share/hw4_interface/cmake/export_hw4_interface__rosidl_generator_pyExport-noconfig.cmake
