running egg_info
writing ../../build/hw4_3/hw4_3.egg-info/PKG-INFO
writing dependency_links to ../../build/hw4_3/hw4_3.egg-info/dependency_links.txt
writing entry points to ../../build/hw4_3/hw4_3.egg-info/entry_points.txt
writing requirements to ../../build/hw4_3/hw4_3.egg-info/requires.txt
writing top-level names to ../../build/hw4_3/hw4_3.egg-info/top_level.txt
reading manifest file '../../build/hw4_3/hw4_3.egg-info/SOURCES.txt'
writing manifest file '../../build/hw4_3/hw4_3.egg-info/SOURCES.txt'
running build
running build_py
copying hw4_3/turtle_driver.py -> /home/ubuntu/ENAE450/ENAE450_ws/build/hw4_3/build/lib/hw4_3
running install
running install_lib
copying /home/ubuntu/ENAE450/ENAE450_ws/build/hw4_3/build/lib/hw4_3/turtle_driver.py -> /home/ubuntu/ENAE450/ENAE450_ws/install/hw4_3/lib/python3.10/site-packages/hw4_3
byte-compiling /home/ubuntu/ENAE450/ENAE450_ws/install/hw4_3/lib/python3.10/site-packages/hw4_3/turtle_driver.py to turtle_driver.cpython-310.pyc
running install_data
running install_egg_info
removing '/home/ubuntu/ENAE450/ENAE450_ws/install/hw4_3/lib/python3.10/site-packages/hw4_3-0.0.0-py3.10.egg-info' (and everything under it)
Copying ../../build/hw4_3/hw4_3.egg-info to /home/ubuntu/ENAE450/ENAE450_ws/install/hw4_3/lib/python3.10/site-packages/hw4_3-0.0.0-py3.10.egg-info
running install_scripts
Installing turtle_driver script to /home/ubuntu/ENAE450/ENAE450_ws/install/hw4_3/lib/hw4_3
Installing turtle_spawner script to /home/ubuntu/ENAE450/ENAE450_ws/install/hw4_3/lib/hw4_3
writing list of installed files to '/home/ubuntu/ENAE450/ENAE450_ws/build/hw4_3/install.log'
