[0.524s] Invoking command in '/home/ubuntu/ENAE450/ENAE450_ws/src/hw4_3': PYTHONPATH=/home/ubuntu/ENAE450/ENAE450_ws/build/hw4_3/prefix_override:/home/ubuntu/ENAE450/ENAE450_ws/install/hw4_3/lib/python3.10/site-packages:${PYTHONPATH} /usr/bin/python3 -W ignore:setup.py install is deprecated setup.py egg_info --egg-base ../../build/hw4_3 build --build-base /home/ubuntu/ENAE450/ENAE450_ws/build/hw4_3/build install --record /home/ubuntu/ENAE450/ENAE450_ws/build/hw4_3/install.log --single-version-externally-managed install_data
[0.661s] running egg_info
[0.662s] writing ../../build/hw4_3/hw4_3.egg-info/PKG-INFO
[0.662s] writing dependency_links to ../../build/hw4_3/hw4_3.egg-info/dependency_links.txt
[0.662s] writing entry points to ../../build/hw4_3/hw4_3.egg-info/entry_points.txt
[0.662s] writing requirements to ../../build/hw4_3/hw4_3.egg-info/requires.txt
[0.662s] writing top-level names to ../../build/hw4_3/hw4_3.egg-info/top_level.txt
[0.662s] reading manifest file '../../build/hw4_3/hw4_3.egg-info/SOURCES.txt'
[0.663s] writing manifest file '../../build/hw4_3/hw4_3.egg-info/SOURCES.txt'
[0.664s] running build
[0.664s] running build_py
[0.665s] copying hw4_3/turtle_driver.py -> /home/ubuntu/ENAE450/ENAE450_ws/build/hw4_3/build/lib/hw4_3
[0.665s] running install
[0.665s] running install_lib
[0.665s] copying /home/ubuntu/ENAE450/ENAE450_ws/build/hw4_3/build/lib/hw4_3/turtle_driver.py -> /home/ubuntu/ENAE450/ENAE450_ws/install/hw4_3/lib/python3.10/site-packages/hw4_3
[0.665s] byte-compiling /home/ubuntu/ENAE450/ENAE450_ws/install/hw4_3/lib/python3.10/site-packages/hw4_3/turtle_driver.py to turtle_driver.cpython-310.pyc
[0.665s] running install_data
[0.665s] running install_egg_info
[0.666s] removing '/home/ubuntu/ENAE450/ENAE450_ws/install/hw4_3/lib/python3.10/site-packages/hw4_3-0.0.0-py3.10.egg-info' (and everything under it)
[0.667s] Copying ../../build/hw4_3/hw4_3.egg-info to /home/ubuntu/ENAE450/ENAE450_ws/install/hw4_3/lib/python3.10/site-packages/hw4_3-0.0.0-py3.10.egg-info
[0.668s] running install_scripts
[0.679s] Installing turtle_driver script to /home/ubuntu/ENAE450/ENAE450_ws/install/hw4_3/lib/hw4_3
[0.679s] Installing turtle_spawner script to /home/ubuntu/ENAE450/ENAE450_ws/install/hw4_3/lib/hw4_3
[0.679s] writing list of installed files to '/home/ubuntu/ENAE450/ENAE450_ws/build/hw4_3/install.log'
[0.700s] Invoked command in '/home/ubuntu/ENAE450/ENAE450_ws/src/hw4_3' returned '0': PYTHONPATH=/home/ubuntu/ENAE450/ENAE450_ws/build/hw4_3/prefix_override:/home/ubuntu/ENAE450/ENAE450_ws/install/hw4_3/lib/python3.10/site-packages:${PYTHONPATH} /usr/bin/python3 -W ignore:setup.py install is deprecated setup.py egg_info --egg-base ../../build/hw4_3 build --build-base /home/ubuntu/ENAE450/ENAE450_ws/build/hw4_3/build install --record /home/ubuntu/ENAE450/ENAE450_ws/build/hw4_3/install.log --single-version-externally-managed install_data
