[0.384s] Invoking command in '/home/ubuntu/ENAE450/ENAE450_ws/build/hw4_2': PYTHONPATH=/home/ubuntu/ENAE450/ENAE450_ws/build/hw4_2/prefix_override:/home/ubuntu/ENAE450/ENAE450_ws/install/hw4_2/lib/python3.10/site-packages:${PYTHONPATH} /usr/bin/python3 -W ignore:setup.py install is deprecated setup.py develop --uninstall --editable --build-directory /home/ubuntu/ENAE450/ENAE450_ws/build/hw4_2/build
[0.526s] running develop
[0.602s] Removing /home/ubuntu/ENAE450/ENAE450_ws/install/hw4_2/lib/python3.10/site-packages/hw4-2.egg-link (link to .)
[0.618s] Invoked command in '/home/ubuntu/ENAE450/ENAE450_ws/build/hw4_2' returned '0': PYTHONPATH=/home/ubuntu/ENAE450/ENAE450_ws/build/hw4_2/prefix_override:/home/ubuntu/ENAE450/ENAE450_ws/install/hw4_2/lib/python3.10/site-packages:${PYTHONPATH} /usr/bin/python3 -W ignore:setup.py install is deprecated setup.py develop --uninstall --editable --build-directory /home/ubuntu/ENAE450/ENAE450_ws/build/hw4_2/build
[0.620s] Invoking command in '/home/ubuntu/ENAE450/ENAE450_ws/src/hw4_2': PYTHONPATH=/home/ubuntu/ENAE450/ENAE450_ws/build/hw4_2/prefix_override:/home/ubuntu/ENAE450/ENAE450_ws/install/hw4_2/lib/python3.10/site-packages:${PYTHONPATH} /usr/bin/python3 -W ignore:setup.py install is deprecated setup.py egg_info --egg-base ../../build/hw4_2 build --build-base /home/ubuntu/ENAE450/ENAE450_ws/build/hw4_2/build install --record /home/ubuntu/ENAE450/ENAE450_ws/build/hw4_2/install.log --single-version-externally-managed install_data --force
[0.753s] running egg_info
[0.753s] writing ../../build/hw4_2/hw4_2.egg-info/PKG-INFO
[0.753s] writing dependency_links to ../../build/hw4_2/hw4_2.egg-info/dependency_links.txt
[0.753s] writing entry points to ../../build/hw4_2/hw4_2.egg-info/entry_points.txt
[0.753s] writing requirements to ../../build/hw4_2/hw4_2.egg-info/requires.txt
[0.753s] writing top-level names to ../../build/hw4_2/hw4_2.egg-info/top_level.txt
[0.754s] reading manifest file '../../build/hw4_2/hw4_2.egg-info/SOURCES.txt'
[0.755s] writing manifest file '../../build/hw4_2/hw4_2.egg-info/SOURCES.txt'
[0.755s] running build
[0.755s] running build_py
[0.755s] copying hw4_2/draw_graphs.py -> /home/ubuntu/ENAE450/ENAE450_ws/build/hw4_2/build/lib/hw4_2
[0.755s] running install
[0.755s] running install_lib
[0.756s] creating /home/ubuntu/ENAE450/ENAE450_ws/install/hw4_2/lib/python3.10/site-packages/hw4_2
[0.756s] copying /home/ubuntu/ENAE450/ENAE450_ws/build/hw4_2/build/lib/hw4_2/draw_graphs.py -> /home/ubuntu/ENAE450/ENAE450_ws/install/hw4_2/lib/python3.10/site-packages/hw4_2
[0.756s] copying /home/ubuntu/ENAE450/ENAE450_ws/build/hw4_2/build/lib/hw4_2/__init__.py -> /home/ubuntu/ENAE450/ENAE450_ws/install/hw4_2/lib/python3.10/site-packages/hw4_2
[0.756s] byte-compiling /home/ubuntu/ENAE450/ENAE450_ws/install/hw4_2/lib/python3.10/site-packages/hw4_2/draw_graphs.py to draw_graphs.cpython-310.pyc
[0.757s] byte-compiling /home/ubuntu/ENAE450/ENAE450_ws/install/hw4_2/lib/python3.10/site-packages/hw4_2/__init__.py to __init__.cpython-310.pyc
[0.757s] running install_data
[0.757s] copying resource/hw4_2 -> /home/ubuntu/ENAE450/ENAE450_ws/install/hw4_2/share/ament_index/resource_index/packages
[0.757s] copying package.xml -> /home/ubuntu/ENAE450/ENAE450_ws/install/hw4_2/share/hw4_2
[0.757s] creating /home/ubuntu/ENAE450/ENAE450_ws/install/hw4_2/share/hw4_2/launch
[0.757s] copying launch/draw_graphs_launch.py -> /home/ubuntu/ENAE450/ENAE450_ws/install/hw4_2/share/hw4_2/launch
[0.757s] running install_egg_info
[0.758s] Copying ../../build/hw4_2/hw4_2.egg-info to /home/ubuntu/ENAE450/ENAE450_ws/install/hw4_2/lib/python3.10/site-packages/hw4_2-0.0.0-py3.10.egg-info
[0.759s] running install_scripts
[0.770s] Installing draw_graphs script to /home/ubuntu/ENAE450/ENAE450_ws/install/hw4_2/lib/hw4_2
[0.770s] writing list of installed files to '/home/ubuntu/ENAE450/ENAE450_ws/build/hw4_2/install.log'
[0.784s] Invoked command in '/home/ubuntu/ENAE450/ENAE450_ws/src/hw4_2' returned '0': PYTHONPATH=/home/ubuntu/ENAE450/ENAE450_ws/build/hw4_2/prefix_override:/home/ubuntu/ENAE450/ENAE450_ws/install/hw4_2/lib/python3.10/site-packages:${PYTHONPATH} /usr/bin/python3 -W ignore:setup.py install is deprecated setup.py egg_info --egg-base ../../build/hw4_2 build --build-base /home/ubuntu/ENAE450/ENAE450_ws/build/hw4_2/build install --record /home/ubuntu/ENAE450/ENAE450_ws/build/hw4_2/install.log --single-version-externally-managed install_data --force
