[0.576s] Invoking command in '/home/ubuntu/ENAE450/ENAE450_ws/build/hw4_1': PYTHONPATH=/home/ubuntu/ENAE450/ENAE450_ws/build/hw4_1/prefix_override:/home/ubuntu/ENAE450/ENAE450_ws/install/hw4_1/lib/python3.10/site-packages:${PYTHONPATH} /usr/bin/python3 -W ignore:setup.py install is deprecated setup.py develop --uninstall --editable --build-directory /home/ubuntu/ENAE450/ENAE450_ws/build/hw4_1/build
[0.740s] running develop
[0.828s] Removing /home/ubuntu/ENAE450/ENAE450_ws/install/hw4_1/lib/python3.10/site-packages/hw4-1.egg-link (link to .)
[0.847s] Invoked command in '/home/ubuntu/ENAE450/ENAE450_ws/build/hw4_1' returned '0': PYTHONPATH=/home/ubuntu/ENAE450/ENAE450_ws/build/hw4_1/prefix_override:/home/ubuntu/ENAE450/ENAE450_ws/install/hw4_1/lib/python3.10/site-packages:${PYTHONPATH} /usr/bin/python3 -W ignore:setup.py install is deprecated setup.py develop --uninstall --editable --build-directory /home/ubuntu/ENAE450/ENAE450_ws/build/hw4_1/build
[0.847s] Invoking command in '/home/ubuntu/ENAE450/ENAE450_ws/src/hw4_1': PYTHONPATH=/home/ubuntu/ENAE450/ENAE450_ws/build/hw4_1/prefix_override:/home/ubuntu/ENAE450/ENAE450_ws/install/hw4_1/lib/python3.10/site-packages:${PYTHONPATH} /usr/bin/python3 -W ignore:setup.py install is deprecated setup.py egg_info --egg-base ../../build/hw4_1 build --build-base /home/ubuntu/ENAE450/ENAE450_ws/build/hw4_1/build install --record /home/ubuntu/ENAE450/ENAE450_ws/build/hw4_1/install.log --single-version-externally-managed install_data --force
[0.993s] running egg_info
[0.994s] writing ../../build/hw4_1/hw4_1.egg-info/PKG-INFO
[0.994s] writing dependency_links to ../../build/hw4_1/hw4_1.egg-info/dependency_links.txt
[0.994s] writing entry points to ../../build/hw4_1/hw4_1.egg-info/entry_points.txt
[0.994s] writing requirements to ../../build/hw4_1/hw4_1.egg-info/requires.txt
[0.994s] writing top-level names to ../../build/hw4_1/hw4_1.egg-info/top_level.txt
[0.995s] reading manifest file '../../build/hw4_1/hw4_1.egg-info/SOURCES.txt'
[0.996s] writing manifest file '../../build/hw4_1/hw4_1.egg-info/SOURCES.txt'
[0.996s] running build
[0.996s] running build_py
[0.996s] running install
[0.997s] running install_lib
[0.997s] creating /home/ubuntu/ENAE450/ENAE450_ws/install/hw4_1/lib/python3.10/site-packages/hw4_1
[0.997s] copying /home/ubuntu/ENAE450/ENAE450_ws/build/hw4_1/build/lib/hw4_1/draw_shapes.py -> /home/ubuntu/ENAE450/ENAE450_ws/install/hw4_1/lib/python3.10/site-packages/hw4_1
[0.997s] copying /home/ubuntu/ENAE450/ENAE450_ws/build/hw4_1/build/lib/hw4_1/__init__.py -> /home/ubuntu/ENAE450/ENAE450_ws/install/hw4_1/lib/python3.10/site-packages/hw4_1
[0.997s] byte-compiling /home/ubuntu/ENAE450/ENAE450_ws/install/hw4_1/lib/python3.10/site-packages/hw4_1/draw_shapes.py to draw_shapes.cpython-310.pyc
[0.997s] byte-compiling /home/ubuntu/ENAE450/ENAE450_ws/install/hw4_1/lib/python3.10/site-packages/hw4_1/__init__.py to __init__.cpython-310.pyc
[0.998s] running install_data
[0.998s] copying resource/hw4_1 -> /home/ubuntu/ENAE450/ENAE450_ws/install/hw4_1/share/ament_index/resource_index/packages
[0.998s] copying package.xml -> /home/ubuntu/ENAE450/ENAE450_ws/install/hw4_1/share/hw4_1
[0.998s] copying launch/draw_shapes_launch.py -> /home/ubuntu/ENAE450/ENAE450_ws/install/hw4_1/share/hw4_1/launch
[0.999s] running install_egg_info
[1.000s] Copying ../../build/hw4_1/hw4_1.egg-info to /home/ubuntu/ENAE450/ENAE450_ws/install/hw4_1/lib/python3.10/site-packages/hw4_1-0.0.0-py3.10.egg-info
[1.001s] running install_scripts
[1.012s] Installing draw_shapes script to /home/ubuntu/ENAE450/ENAE450_ws/install/hw4_1/lib/hw4_1
[1.012s] writing list of installed files to '/home/ubuntu/ENAE450/ENAE450_ws/build/hw4_1/install.log'
[1.036s] Invoked command in '/home/ubuntu/ENAE450/ENAE450_ws/src/hw4_1' returned '0': PYTHONPATH=/home/ubuntu/ENAE450/ENAE450_ws/build/hw4_1/prefix_override:/home/ubuntu/ENAE450/ENAE450_ws/install/hw4_1/lib/python3.10/site-packages:${PYTHONPATH} /usr/bin/python3 -W ignore:setup.py install is deprecated setup.py egg_info --egg-base ../../build/hw4_1 build --build-base /home/ubuntu/ENAE450/ENAE450_ws/build/hw4_1/build install --record /home/ubuntu/ENAE450/ENAE450_ws/build/hw4_1/install.log --single-version-externally-managed install_data --force
