[0.410s] Invoking command in '/home/ubuntu/ENAE450/ENAE450_ws/src/hw4_1': PYTHONPATH=/home/ubuntu/ENAE450/ENAE450_ws/build/hw4_1/prefix_override:/home/ubuntu/ENAE450/ENAE450_ws/install/hw4_1/lib/python3.10/site-packages:${PYTHONPATH} /usr/bin/python3 -W ignore:setup.py install is deprecated setup.py egg_info --egg-base ../../build/hw4_1 build --build-base /home/ubuntu/ENAE450/ENAE450_ws/build/hw4_1/build install --record /home/ubuntu/ENAE450/ENAE450_ws/build/hw4_1/install.log --single-version-externally-managed install_data
[0.554s] running egg_info
[0.555s] writing ../../build/hw4_1/hw4_1.egg-info/PKG-INFO
[0.555s] writing dependency_links to ../../build/hw4_1/hw4_1.egg-info/dependency_links.txt
[0.555s] writing entry points to ../../build/hw4_1/hw4_1.egg-info/entry_points.txt
[0.555s] writing requirements to ../../build/hw4_1/hw4_1.egg-info/requires.txt
[0.555s] writing top-level names to ../../build/hw4_1/hw4_1.egg-info/top_level.txt
[0.556s] reading manifest file '../../build/hw4_1/hw4_1.egg-info/SOURCES.txt'
[0.557s] writing manifest file '../../build/hw4_1/hw4_1.egg-info/SOURCES.txt'
[0.557s] running build
[0.557s] running build_py
[0.557s] copying hw4_1/draw_shapes.py -> /home/ubuntu/ENAE450/ENAE450_ws/build/hw4_1/build/lib/hw4_1
[0.557s] running install
[0.557s] running install_lib
[0.557s] copying /home/ubuntu/ENAE450/ENAE450_ws/build/hw4_1/build/lib/hw4_1/draw_shapes.py -> /home/ubuntu/ENAE450/ENAE450_ws/install/hw4_1/lib/python3.10/site-packages/hw4_1
[0.558s] byte-compiling /home/ubuntu/ENAE450/ENAE450_ws/install/hw4_1/lib/python3.10/site-packages/hw4_1/draw_shapes.py to draw_shapes.cpython-310.pyc
[0.559s] running install_data
[0.559s] running install_egg_info
[0.560s] removing '/home/ubuntu/ENAE450/ENAE450_ws/install/hw4_1/lib/python3.10/site-packages/hw4_1-0.0.0-py3.10.egg-info' (and everything under it)
[0.560s] Copying ../../build/hw4_1/hw4_1.egg-info to /home/ubuntu/ENAE450/ENAE450_ws/install/hw4_1/lib/python3.10/site-packages/hw4_1-0.0.0-py3.10.egg-info
[0.561s] running install_scripts
[0.574s] Installing draw_shapes script to /home/ubuntu/ENAE450/ENAE450_ws/install/hw4_1/lib/hw4_1
[0.574s] writing list of installed files to '/home/ubuntu/ENAE450/ENAE450_ws/build/hw4_1/install.log'
[0.829s] Invoked command in '/home/ubuntu/ENAE450/ENAE450_ws/src/hw4_1' returned '0': PYTHONPATH=/home/ubuntu/ENAE450/ENAE450_ws/build/hw4_1/prefix_override:/home/ubuntu/ENAE450/ENAE450_ws/install/hw4_1/lib/python3.10/site-packages:${PYTHONPATH} /usr/bin/python3 -W ignore:setup.py install is deprecated setup.py egg_info --egg-base ../../build/hw4_1 build --build-base /home/ubuntu/ENAE450/ENAE450_ws/build/hw4_1/build install --record /home/ubuntu/ENAE450/ENAE450_ws/build/hw4_1/install.log --single-version-externally-managed install_data
