[0.519s] Invoking command in '/home/ubuntu/ENAE450/ENAE450_ws/build/hw4_2': PYTHONPATH=/home/ubuntu/ENAE450/ENAE450_ws/build/hw4_2/prefix_override:/home/ubuntu/ENAE450/ENAE450_ws/install/hw4_2/lib/python3.10/site-packages:${PYTHONPATH} /usr/bin/python3 -W ignore:setup.py install is deprecated setup.py develop --uninstall --editable --build-directory /home/ubuntu/ENAE450/ENAE450_ws/build/hw4_2/build
[0.669s] running develop
[0.751s] Removing /home/ubuntu/ENAE450/ENAE450_ws/install/hw4_2/lib/python3.10/site-packages/hw4-2.egg-link (link to .)
[0.772s] Invoked command in '/home/ubuntu/ENAE450/ENAE450_ws/build/hw4_2' returned '0': PYTHONPATH=/home/ubuntu/ENAE450/ENAE450_ws/build/hw4_2/prefix_override:/home/ubuntu/ENAE450/ENAE450_ws/install/hw4_2/lib/python3.10/site-packages:${PYTHONPATH} /usr/bin/python3 -W ignore:setup.py install is deprecated setup.py develop --uninstall --editable --build-directory /home/ubuntu/ENAE450/ENAE450_ws/build/hw4_2/build
[0.772s] Invoking command in '/home/ubuntu/ENAE450/ENAE450_ws/src/hw4_2': PYTHONPATH=/home/ubuntu/ENAE450/ENAE450_ws/build/hw4_2/prefix_override:/home/ubuntu/ENAE450/ENAE450_ws/install/hw4_2/lib/python3.10/site-packages:${PYTHONPATH} /usr/bin/python3 -W ignore:setup.py install is deprecated setup.py egg_info --egg-base ../../build/hw4_2 build --build-base /home/ubuntu/ENAE450/ENAE450_ws/build/hw4_2/build install --record /home/ubuntu/ENAE450/ENAE450_ws/build/hw4_2/install.log --single-version-externally-managed install_data --force
[0.914s] running egg_info
[0.915s] writing ../../build/hw4_2/hw4_2.egg-info/PKG-INFO
[0.915s] writing dependency_links to ../../build/hw4_2/hw4_2.egg-info/dependency_links.txt
[0.915s] writing entry points to ../../build/hw4_2/hw4_2.egg-info/entry_points.txt
[0.915s] writing requirements to ../../build/hw4_2/hw4_2.egg-info/requires.txt
[0.915s] writing top-level names to ../../build/hw4_2/hw4_2.egg-info/top_level.txt
[0.916s] reading manifest file '../../build/hw4_2/hw4_2.egg-info/SOURCES.txt'
[0.917s] writing manifest file '../../build/hw4_2/hw4_2.egg-info/SOURCES.txt'
[0.917s] running build
[0.917s] running build_py
[0.917s] running install
[0.917s] running install_lib
[0.917s] creating /home/ubuntu/ENAE450/ENAE450_ws/install/hw4_2/lib/python3.10/site-packages/hw4_2
[0.918s] copying /home/ubuntu/ENAE450/ENAE450_ws/build/hw4_2/build/lib/hw4_2/__init__.py -> /home/ubuntu/ENAE450/ENAE450_ws/install/hw4_2/lib/python3.10/site-packages/hw4_2
[0.919s] byte-compiling /home/ubuntu/ENAE450/ENAE450_ws/install/hw4_2/lib/python3.10/site-packages/hw4_2/__init__.py to __init__.cpython-310.pyc
[0.919s] running install_data
[0.919s] copying resource/hw4_2 -> /home/ubuntu/ENAE450/ENAE450_ws/install/hw4_2/share/ament_index/resource_index/packages
[0.919s] copying package.xml -> /home/ubuntu/ENAE450/ENAE450_ws/install/hw4_2/share/hw4_2
[0.919s] running install_egg_info
[0.921s] Copying ../../build/hw4_2/hw4_2.egg-info to /home/ubuntu/ENAE450/ENAE450_ws/install/hw4_2/lib/python3.10/site-packages/hw4_2-0.0.0-py3.10.egg-info
[0.921s] running install_scripts
[0.935s] writing list of installed files to '/home/ubuntu/ENAE450/ENAE450_ws/build/hw4_2/install.log'
[0.954s] Invoked command in '/home/ubuntu/ENAE450/ENAE450_ws/src/hw4_2' returned '0': PYTHONPATH=/home/ubuntu/ENAE450/ENAE450_ws/build/hw4_2/prefix_override:/home/ubuntu/ENAE450/ENAE450_ws/install/hw4_2/lib/python3.10/site-packages:${PYTHONPATH} /usr/bin/python3 -W ignore:setup.py install is deprecated setup.py egg_info --egg-base ../../build/hw4_2 build --build-base /home/ubuntu/ENAE450/ENAE450_ws/build/hw4_2/build install --record /home/ubuntu/ENAE450/ENAE450_ws/build/hw4_2/install.log --single-version-externally-managed install_data --force
