[0.514s] Invoking command in '/home/ubuntu/ENAE450/ENAE450_ws/build/hw4_interface': /usr/bin/cmake /home/ubuntu/ENAE450/ENAE450_ws/src/hw4_interface -DCMAKE_INSTALL_PREFIX=/home/ubuntu/ENAE450/ENAE450_ws/install/hw4_interface
[0.761s] -- The C compiler identification is GNU 11.4.0
[0.845s] -- The CXX compiler identification is GNU 11.4.0
[0.860s] -- Detecting C compiler ABI info
[1.042s] -- Detecting C compiler ABI info - done
[1.048s] -- Check for working C compiler: /usr/bin/cc - skipped
[1.048s] -- Detecting C compile features
[1.048s] -- Detecting C compile features - done
[1.051s] -- Detecting CXX compiler ABI info
[1.110s] -- Detecting CXX compiler ABI info - done
[1.116s] -- Check for working CXX compiler: /usr/bin/c++ - skipped
[1.116s] -- Detecting CXX compile features
[1.117s] -- Detecting CXX compile features - done
[1.121s] -- Found ament_cmake: 1.3.8 (/opt/ros/humble/share/ament_cmake/cmake)
[1.228s] -- Found Python3: /usr/bin/python3 (found version "3.10.12") found components: Interpreter 
[1.287s] -- Found rclcpp: 16.0.8 (/opt/ros/humble/share/rclcpp/cmake)
[1.321s] -- Found rosidl_generator_c: 3.1.5 (/opt/ros/humble/share/rosidl_generator_c/cmake)
[1.324s] -- Found rosidl_adapter: 3.1.5 (/opt/ros/humble/share/rosidl_adapter/cmake)
[1.330s] -- Found rosidl_generator_cpp: 3.1.5 (/opt/ros/humble/share/rosidl_generator_cpp/cmake)
[1.340s] -- Using all available rosidl_typesupport_c: rosidl_typesupport_fastrtps_c;rosidl_typesupport_introspection_c
[1.354s] -- Using all available rosidl_typesupport_cpp: rosidl_typesupport_fastrtps_cpp;rosidl_typesupport_introspection_cpp
[1.403s] -- Found rmw_implementation_cmake: 6.1.1 (/opt/ros/humble/share/rmw_implementation_cmake/cmake)
[1.405s] -- Found rmw_fastrtps_cpp: 6.2.6 (/opt/ros/humble/share/rmw_fastrtps_cpp/cmake)
[1.479s] -- Found OpenSSL: /usr/lib/aarch64-linux-gnu/libcrypto.so (found version "3.0.2")  
[1.508s] -- Found FastRTPS: /opt/ros/humble/include  
[1.561s] -- Using RMW implementation 'rmw_fastrtps_cpp' as default
[1.568s] -- Looking for pthread.h
[1.615s] -- Looking for pthread.h - found
[1.615s] -- Performing Test CMAKE_HAVE_LIBC_PTHREAD
[1.665s] -- Performing Test CMAKE_HAVE_LIBC_PTHREAD - Success
[1.666s] -- Found Threads: TRUE  
[1.790s] -- Found ament_lint_auto: 0.12.10 (/opt/ros/humble/share/ament_lint_auto/cmake)
[1.824s] Error parsing '/home/ubuntu/ENAE450/ENAE450_ws/src/hw4_interface/package.xml':
[1.856s] Traceback (most recent call last):
[1.856s]   File "/opt/ros/humble/share/ament_cmake_core/cmake/core/package_xml_2_cmake.py", line 150, in <module>
[1.856s]     main()
[1.856s]   File "/opt/ros/humble/share/ament_cmake_core/cmake/core/package_xml_2_cmake.py", line 53, in main
[1.856s]     raise e
[1.856s]   File "/opt/ros/humble/share/ament_cmake_core/cmake/core/package_xml_2_cmake.py", line 49, in main
[1.856s]     package = parse_package_string(
[1.856s]   File "/usr/lib/python3/dist-packages/catkin_pkg/package.py", line 788, in parse_package_string
[1.857s]     pkg.validate(warnings=warnings)
[1.857s]   File "/usr/lib/python3/dist-packages/catkin_pkg/package.py", line 330, in validate
[1.857s]     raise InvalidPackage('\n'.join(errors), self.filename)
[1.857s] catkin_pkg.package.InvalidPackage: Error(s) in package '/home/ubuntu/ENAE450/ENAE450_ws/src/hw4_interface/package.xml':
[1.857s] Invalid email "=" for person "ubuntu"
[1.866s] [31mCMake Error at /opt/ros/humble/share/ament_cmake_core/cmake/core/ament_package_xml.cmake:95 (message):
[1.867s]   execute_process(/usr/bin/python3
[1.867s]   /opt/ros/humble/share/ament_cmake_core/cmake/core/package_xml_2_cmake.py
[1.867s]   /home/ubuntu/ENAE450/ENAE450_ws/src/hw4_interface/package.xml
[1.867s]   /home/ubuntu/ENAE450/ENAE450_ws/build/hw4_interface/ament_cmake_core/package.cmake)
[1.867s]   returned error code 1
[1.867s] Call Stack (most recent call first):
[1.867s]   /opt/ros/humble/share/ament_cmake_core/cmake/core/ament_package_xml.cmake:49 (_ament_package_xml)
[1.867s]   /opt/ros/humble/share/ament_lint_auto/cmake/ament_lint_auto_find_test_dependencies.cmake:31 (ament_package_xml)
[1.867s]   CMakeLists.txt:21 (ament_lint_auto_find_test_dependencies)
[1.867s] 
[1.867s] [0m
[1.867s] -- Configuring incomplete, errors occurred!
[1.867s] See also "/home/ubuntu/ENAE450/ENAE450_ws/build/hw4_interface/CMakeFiles/CMakeOutput.log".
[1.874s] Invoked command in '/home/ubuntu/ENAE450/ENAE450_ws/build/hw4_interface' returned '1': /usr/bin/cmake /home/ubuntu/ENAE450/ENAE450_ws/src/hw4_interface -DCMAKE_INSTALL_PREFIX=/home/ubuntu/ENAE450/ENAE450_ws/install/hw4_interface
