[0.493s] Invoking command in '/home/ubuntu/ENAE450/ENAE450_ws/src/hw4_1': PYTHONPATH=/home/ubuntu/ENAE450/ENAE450_ws/build/hw4_1/prefix_override:/home/ubuntu/ENAE450/ENAE450_ws/install/hw4_1/lib/python3.10/site-packages:${PYTHONPATH} /usr/bin/python3 -W ignore:setup.py install is deprecated setup.py egg_info --egg-base ../../build/hw4_1 build --build-base /home/ubuntu/ENAE450/ENAE450_ws/build/hw4_1/build install --record /home/ubuntu/ENAE450/ENAE450_ws/build/hw4_1/install.log --single-version-externally-managed install_data
[0.641s] running egg_info
[0.641s] creating ../../build/hw4_1/hw4_1.egg-info
[0.641s] writing ../../build/hw4_1/hw4_1.egg-info/PKG-INFO
[0.642s] writing dependency_links to ../../build/hw4_1/hw4_1.egg-info/dependency_links.txt
[0.642s] writing entry points to ../../build/hw4_1/hw4_1.egg-info/entry_points.txt
[0.642s] writing requirements to ../../build/hw4_1/hw4_1.egg-info/requires.txt
[0.642s] writing top-level names to ../../build/hw4_1/hw4_1.egg-info/top_level.txt
[0.642s] writing manifest file '../../build/hw4_1/hw4_1.egg-info/SOURCES.txt'
[0.643s] reading manifest file '../../build/hw4_1/hw4_1.egg-info/SOURCES.txt'
[0.644s] writing manifest file '../../build/hw4_1/hw4_1.egg-info/SOURCES.txt'
[0.644s] running build
[0.644s] running build_py
[0.644s] creating /home/ubuntu/ENAE450/ENAE450_ws/build/hw4_1/build
[0.644s] creating /home/ubuntu/ENAE450/ENAE450_ws/build/hw4_1/build/lib
[0.644s] creating /home/ubuntu/ENAE450/ENAE450_ws/build/hw4_1/build/lib/hw4_1
[0.644s] copying hw4_1/__init__.py -> /home/ubuntu/ENAE450/ENAE450_ws/build/hw4_1/build/lib/hw4_1
[0.644s] running install
[0.645s] running install_lib
[0.647s] creating /home/ubuntu/ENAE450/ENAE450_ws/install/hw4_1/lib/python3.10/site-packages/hw4_1
[0.647s] copying /home/ubuntu/ENAE450/ENAE450_ws/build/hw4_1/build/lib/hw4_1/__init__.py -> /home/ubuntu/ENAE450/ENAE450_ws/install/hw4_1/lib/python3.10/site-packages/hw4_1
[0.647s] byte-compiling /home/ubuntu/ENAE450/ENAE450_ws/install/hw4_1/lib/python3.10/site-packages/hw4_1/__init__.py to __init__.cpython-310.pyc
[0.647s] running install_data
[0.647s] creating /home/ubuntu/ENAE450/ENAE450_ws/install/hw4_1/share
[0.647s] creating /home/ubuntu/ENAE450/ENAE450_ws/install/hw4_1/share/ament_index
[0.647s] creating /home/ubuntu/ENAE450/ENAE450_ws/install/hw4_1/share/ament_index/resource_index
[0.648s] creating /home/ubuntu/ENAE450/ENAE450_ws/install/hw4_1/share/ament_index/resource_index/packages
[0.648s] copying resource/hw4_1 -> /home/ubuntu/ENAE450/ENAE450_ws/install/hw4_1/share/ament_index/resource_index/packages
[0.648s] creating /home/ubuntu/ENAE450/ENAE450_ws/install/hw4_1/share/hw4_1
[0.648s] copying package.xml -> /home/ubuntu/ENAE450/ENAE450_ws/install/hw4_1/share/hw4_1
[0.648s] running install_egg_info
[0.648s] Copying ../../build/hw4_1/hw4_1.egg-info to /home/ubuntu/ENAE450/ENAE450_ws/install/hw4_1/lib/python3.10/site-packages/hw4_1-0.0.0-py3.10.egg-info
[0.648s] running install_scripts
[0.662s] writing list of installed files to '/home/ubuntu/ENAE450/ENAE450_ws/build/hw4_1/install.log'
[0.677s] Invoked command in '/home/ubuntu/ENAE450/ENAE450_ws/src/hw4_1' returned '0': PYTHONPATH=/home/ubuntu/ENAE450/ENAE450_ws/build/hw4_1/prefix_override:/home/ubuntu/ENAE450/ENAE450_ws/install/hw4_1/lib/python3.10/site-packages:${PYTHONPATH} /usr/bin/python3 -W ignore:setup.py install is deprecated setup.py egg_info --egg-base ../../build/hw4_1 build --build-base /home/ubuntu/ENAE450/ENAE450_ws/build/hw4_1/build install --record /home/ubuntu/ENAE450/ENAE450_ws/build/hw4_1/install.log --single-version-externally-managed install_data
