[0.678s] Invoking command in '/home/ubuntu/ENAE450/ENAE450_ws/build/hw4_3': PYTHONPATH=/home/ubuntu/ENAE450/ENAE450_ws/build/hw4_3/prefix_override:/home/ubuntu/ENAE450/ENAE450_ws/install/hw4_3/lib/python3.10/site-packages:${PYTHONPATH} /usr/bin/python3 -W ignore:setup.py install is deprecated setup.py develop --uninstall --editable --build-directory /home/ubuntu/ENAE450/ENAE450_ws/build/hw4_3/build
[0.830s] running develop
[0.912s] Removing /home/ubuntu/ENAE450/ENAE450_ws/install/hw4_3/lib/python3.10/site-packages/hw4-3.egg-link (link to .)
[0.932s] Invoked command in '/home/ubuntu/ENAE450/ENAE450_ws/build/hw4_3' returned '0': PYTHONPATH=/home/ubuntu/ENAE450/ENAE450_ws/build/hw4_3/prefix_override:/home/ubuntu/ENAE450/ENAE450_ws/install/hw4_3/lib/python3.10/site-packages:${PYTHONPATH} /usr/bin/python3 -W ignore:setup.py install is deprecated setup.py develop --uninstall --editable --build-directory /home/ubuntu/ENAE450/ENAE450_ws/build/hw4_3/build
[0.933s] Invoking command in '/home/ubuntu/ENAE450/ENAE450_ws/src/hw4_3': PYTHONPATH=/home/ubuntu/ENAE450/ENAE450_ws/build/hw4_3/prefix_override:/home/ubuntu/ENAE450/ENAE450_ws/install/hw4_3/lib/python3.10/site-packages:${PYTHONPATH} /usr/bin/python3 -W ignore:setup.py install is deprecated setup.py egg_info --egg-base ../../build/hw4_3 build --build-base /home/ubuntu/ENAE450/ENAE450_ws/build/hw4_3/build install --record /home/ubuntu/ENAE450/ENAE450_ws/build/hw4_3/install.log --single-version-externally-managed install_data --force
[1.075s] running egg_info
[1.076s] writing ../../build/hw4_3/hw4_3.egg-info/PKG-INFO
[1.076s] writing dependency_links to ../../build/hw4_3/hw4_3.egg-info/dependency_links.txt
[1.076s] writing entry points to ../../build/hw4_3/hw4_3.egg-info/entry_points.txt
[1.076s] writing requirements to ../../build/hw4_3/hw4_3.egg-info/requires.txt
[1.076s] writing top-level names to ../../build/hw4_3/hw4_3.egg-info/top_level.txt
[1.077s] reading manifest file '../../build/hw4_3/hw4_3.egg-info/SOURCES.txt'
[1.077s] writing manifest file '../../build/hw4_3/hw4_3.egg-info/SOURCES.txt'
[1.077s] running build
[1.077s] running build_py
[1.077s] running install
[1.077s] running install_lib
[1.078s] creating /home/ubuntu/ENAE450/ENAE450_ws/install/hw4_3/lib/python3.10/site-packages/hw4_3
[1.078s] copying /home/ubuntu/ENAE450/ENAE450_ws/build/hw4_3/build/lib/hw4_3/__init__.py -> /home/ubuntu/ENAE450/ENAE450_ws/install/hw4_3/lib/python3.10/site-packages/hw4_3
[1.078s] byte-compiling /home/ubuntu/ENAE450/ENAE450_ws/install/hw4_3/lib/python3.10/site-packages/hw4_3/__init__.py to __init__.cpython-310.pyc
[1.078s] running install_data
[1.079s] copying resource/hw4_3 -> /home/ubuntu/ENAE450/ENAE450_ws/install/hw4_3/share/ament_index/resource_index/packages
[1.079s] copying package.xml -> /home/ubuntu/ENAE450/ENAE450_ws/install/hw4_3/share/hw4_3
[1.079s] running install_egg_info
[1.080s] Copying ../../build/hw4_3/hw4_3.egg-info to /home/ubuntu/ENAE450/ENAE450_ws/install/hw4_3/lib/python3.10/site-packages/hw4_3-0.0.0-py3.10.egg-info
[1.080s] running install_scripts
[1.092s] writing list of installed files to '/home/ubuntu/ENAE450/ENAE450_ws/build/hw4_3/install.log'
[1.107s] Invoked command in '/home/ubuntu/ENAE450/ENAE450_ws/src/hw4_3' returned '0': PYTHONPATH=/home/ubuntu/ENAE450/ENAE450_ws/build/hw4_3/prefix_override:/home/ubuntu/ENAE450/ENAE450_ws/install/hw4_3/lib/python3.10/site-packages:${PYTHONPATH} /usr/bin/python3 -W ignore:setup.py install is deprecated setup.py egg_info --egg-base ../../build/hw4_3 build --build-base /home/ubuntu/ENAE450/ENAE450_ws/build/hw4_3/build install --record /home/ubuntu/ENAE450/ENAE450_ws/build/hw4_3/install.log --single-version-externally-managed install_data --force
