[0.084s] DEBUG:colcon:Command line arguments: ['/usr/bin/colcon', 'build', '--symlink-install']
[0.084s] DEBUG:colcon:Parsed command line arguments: Namespace(log_base=None, log_level=None, verb_name='build', build_base='build', install_base='install', merge_install=False, symlink_install=True, test_result_base=None, continue_on_error=False, executor='parallel', parallel_workers=6, event_handlers=None, ignore_user_meta=False, metas=['./colcon.meta'], base_paths=['.'], packages_ignore=None, packages_ignore_regex=None, paths=None, packages_up_to=None, packages_up_to_regex=None, packages_above=None, packages_above_and_dependencies=None, packages_above_depth=None, packages_select_by_dep=None, packages_skip_by_dep=None, packages_skip_up_to=None, packages_select_build_failed=False, packages_skip_build_finished=False, packages_select_test_failures=False, packages_skip_test_passed=False, packages_select=None, packages_skip=None, packages_select_regex=None, packages_skip_regex=None, packages_start=None, packages_end=None, allow_overriding=[], cmake_args=None, cmake_target=None, cmake_target_skip_unavailable=False, cmake_clean_cache=False, cmake_clean_first=False, cmake_force_configure=False, ament_cmake_args=None, catkin_cmake_args=None, catkin_skip_building_tests=False, verb_parser=<colcon_defaults.argument_parser.defaults.DefaultArgumentsDecorator object at 0xffffa6147e80>, verb_extension=<colcon_core.verb.build.BuildVerb object at 0xffffa6147970>, main=<bound method BuildVerb.main of <colcon_core.verb.build.BuildVerb object at 0xffffa6147970>>)
[0.212s] Level 1:colcon.colcon_core.package_discovery:discover_packages(colcon_meta) check parameters
[0.212s] Level 1:colcon.colcon_core.package_discovery:discover_packages(recursive) check parameters
[0.212s] Level 1:colcon.colcon_core.package_discovery:discover_packages(ignore) check parameters
[0.212s] Level 1:colcon.colcon_core.package_discovery:discover_packages(path) check parameters
[0.212s] Level 1:colcon.colcon_core.package_discovery:discover_packages(colcon_meta) discover
[0.212s] Level 1:colcon.colcon_core.package_discovery:discover_packages(recursive) discover
[0.212s] INFO:colcon.colcon_core.package_discovery:Crawling recursively for packages in '/home/ubuntu/ENAE450/ENAE450_ws'
[0.212s] Level 1:colcon.colcon_core.package_identification:_identify(.) by extensions ['ignore', 'ignore_ament_install']
[0.212s] Level 1:colcon.colcon_core.package_identification:_identify(.) by extension 'ignore'
[0.212s] Level 1:colcon.colcon_core.package_identification:_identify(.) by extension 'ignore_ament_install'
[0.212s] Level 1:colcon.colcon_core.package_identification:_identify(.) by extensions ['colcon_pkg']
[0.212s] Level 1:colcon.colcon_core.package_identification:_identify(.) by extension 'colcon_pkg'
[0.212s] Level 1:colcon.colcon_core.package_identification:_identify(.) by extensions ['colcon_meta']
[0.212s] Level 1:colcon.colcon_core.package_identification:_identify(.) by extension 'colcon_meta'
[0.212s] Level 1:colcon.colcon_core.package_identification:_identify(.) by extensions ['ros']
[0.212s] Level 1:colcon.colcon_core.package_identification:_identify(.) by extension 'ros'
[0.220s] Level 1:colcon.colcon_core.package_identification:_identify(.) by extensions ['cmake', 'python']
[0.220s] Level 1:colcon.colcon_core.package_identification:_identify(.) by extension 'cmake'
[0.220s] Level 1:colcon.colcon_core.package_identification:_identify(.) by extension 'python'
[0.220s] Level 1:colcon.colcon_core.package_identification:_identify(.) by extensions ['python_setup_py']
[0.220s] Level 1:colcon.colcon_core.package_identification:_identify(.) by extension 'python_setup_py'
[0.220s] Level 1:colcon.colcon_core.package_identification:_identify(build) by extensions ['ignore', 'ignore_ament_install']
[0.220s] Level 1:colcon.colcon_core.package_identification:_identify(build) by extension 'ignore'
[0.220s] Level 1:colcon.colcon_core.package_identification:_identify(build) ignored
[0.221s] Level 1:colcon.colcon_core.package_identification:_identify(install) by extensions ['ignore', 'ignore_ament_install']
[0.221s] Level 1:colcon.colcon_core.package_identification:_identify(install) by extension 'ignore'
[0.221s] Level 1:colcon.colcon_core.package_identification:_identify(install) ignored
[0.221s] Level 1:colcon.colcon_core.package_identification:_identify(log) by extensions ['ignore', 'ignore_ament_install']
[0.221s] Level 1:colcon.colcon_core.package_identification:_identify(log) by extension 'ignore'
[0.221s] Level 1:colcon.colcon_core.package_identification:_identify(log) ignored
[0.221s] Level 1:colcon.colcon_core.package_identification:_identify(src) by extensions ['ignore', 'ignore_ament_install']
[0.221s] Level 1:colcon.colcon_core.package_identification:_identify(src) by extension 'ignore'
[0.221s] Level 1:colcon.colcon_core.package_identification:_identify(src) by extension 'ignore_ament_install'
[0.221s] Level 1:colcon.colcon_core.package_identification:_identify(src) by extensions ['colcon_pkg']
[0.221s] Level 1:colcon.colcon_core.package_identification:_identify(src) by extension 'colcon_pkg'
[0.221s] Level 1:colcon.colcon_core.package_identification:_identify(src) by extensions ['colcon_meta']
[0.221s] Level 1:colcon.colcon_core.package_identification:_identify(src) by extension 'colcon_meta'
[0.221s] Level 1:colcon.colcon_core.package_identification:_identify(src) by extensions ['ros']
[0.221s] Level 1:colcon.colcon_core.package_identification:_identify(src) by extension 'ros'
[0.221s] Level 1:colcon.colcon_core.package_identification:_identify(src) by extensions ['cmake', 'python']
[0.221s] Level 1:colcon.colcon_core.package_identification:_identify(src) by extension 'cmake'
[0.221s] Level 1:colcon.colcon_core.package_identification:_identify(src) by extension 'python'
[0.221s] Level 1:colcon.colcon_core.package_identification:_identify(src) by extensions ['python_setup_py']
[0.221s] Level 1:colcon.colcon_core.package_identification:_identify(src) by extension 'python_setup_py'
[0.221s] Level 1:colcon.colcon_core.package_identification:_identify(src/hw4_1) by extensions ['ignore', 'ignore_ament_install']
[0.221s] Level 1:colcon.colcon_core.package_identification:_identify(src/hw4_1) by extension 'ignore'
[0.221s] Level 1:colcon.colcon_core.package_identification:_identify(src/hw4_1) by extension 'ignore_ament_install'
[0.221s] Level 1:colcon.colcon_core.package_identification:_identify(src/hw4_1) by extensions ['colcon_pkg']
[0.221s] Level 1:colcon.colcon_core.package_identification:_identify(src/hw4_1) by extension 'colcon_pkg'
[0.221s] Level 1:colcon.colcon_core.package_identification:_identify(src/hw4_1) by extensions ['colcon_meta']
[0.221s] Level 1:colcon.colcon_core.package_identification:_identify(src/hw4_1) by extension 'colcon_meta'
[0.221s] Level 1:colcon.colcon_core.package_identification:_identify(src/hw4_1) by extensions ['ros']
[0.221s] Level 1:colcon.colcon_core.package_identification:_identify(src/hw4_1) by extension 'ros'
[0.223s] DEBUG:colcon.colcon_core.package_identification:Package 'src/hw4_1' with type 'ros.ament_python' and name 'hw4_1'
[0.223s] Level 1:colcon.colcon_core.package_identification:_identify(src/hw4_2) by extensions ['ignore', 'ignore_ament_install']
[0.223s] Level 1:colcon.colcon_core.package_identification:_identify(src/hw4_2) by extension 'ignore'
[0.223s] Level 1:colcon.colcon_core.package_identification:_identify(src/hw4_2) by extension 'ignore_ament_install'
[0.223s] Level 1:colcon.colcon_core.package_identification:_identify(src/hw4_2) by extensions ['colcon_pkg']
[0.223s] Level 1:colcon.colcon_core.package_identification:_identify(src/hw4_2) by extension 'colcon_pkg'
[0.223s] Level 1:colcon.colcon_core.package_identification:_identify(src/hw4_2) by extensions ['colcon_meta']
[0.223s] Level 1:colcon.colcon_core.package_identification:_identify(src/hw4_2) by extension 'colcon_meta'
[0.223s] Level 1:colcon.colcon_core.package_identification:_identify(src/hw4_2) by extensions ['ros']
[0.223s] Level 1:colcon.colcon_core.package_identification:_identify(src/hw4_2) by extension 'ros'
[0.224s] DEBUG:colcon.colcon_core.package_identification:Package 'src/hw4_2' with type 'ros.ament_python' and name 'hw4_2'
[0.224s] Level 1:colcon.colcon_core.package_identification:_identify(src/hw4_3) by extensions ['ignore', 'ignore_ament_install']
[0.224s] Level 1:colcon.colcon_core.package_identification:_identify(src/hw4_3) by extension 'ignore'
[0.224s] Level 1:colcon.colcon_core.package_identification:_identify(src/hw4_3) by extension 'ignore_ament_install'
[0.224s] Level 1:colcon.colcon_core.package_identification:_identify(src/hw4_3) by extensions ['colcon_pkg']
[0.224s] Level 1:colcon.colcon_core.package_identification:_identify(src/hw4_3) by extension 'colcon_pkg'
[0.224s] Level 1:colcon.colcon_core.package_identification:_identify(src/hw4_3) by extensions ['colcon_meta']
[0.224s] Level 1:colcon.colcon_core.package_identification:_identify(src/hw4_3) by extension 'colcon_meta'
[0.224s] Level 1:colcon.colcon_core.package_identification:_identify(src/hw4_3) by extensions ['ros']
[0.224s] Level 1:colcon.colcon_core.package_identification:_identify(src/hw4_3) by extension 'ros'
[0.224s] DEBUG:colcon.colcon_core.package_identification:Package 'src/hw4_3' with type 'ros.ament_python' and name 'hw4_3'
[0.224s] Level 1:colcon.colcon_core.package_identification:_identify(src/hw4_interface) by extensions ['ignore', 'ignore_ament_install']
[0.224s] Level 1:colcon.colcon_core.package_identification:_identify(src/hw4_interface) by extension 'ignore'
[0.224s] Level 1:colcon.colcon_core.package_identification:_identify(src/hw4_interface) by extension 'ignore_ament_install'
[0.224s] Level 1:colcon.colcon_core.package_identification:_identify(src/hw4_interface) by extensions ['colcon_pkg']
[0.224s] Level 1:colcon.colcon_core.package_identification:_identify(src/hw4_interface) by extension 'colcon_pkg'
[0.224s] Level 1:colcon.colcon_core.package_identification:_identify(src/hw4_interface) by extensions ['colcon_meta']
[0.224s] Level 1:colcon.colcon_core.package_identification:_identify(src/hw4_interface) by extension 'colcon_meta'
[0.224s] Level 1:colcon.colcon_core.package_identification:_identify(src/hw4_interface) by extensions ['ros']
[0.224s] Level 1:colcon.colcon_core.package_identification:_identify(src/hw4_interface) by extension 'ros'
[0.225s] DEBUG:colcon.colcon_core.package_identification:Package 'src/hw4_interface' with type 'ros.ament_cmake' and name 'hw4_interface'
[0.225s] Level 1:colcon.colcon_core.package_discovery:discover_packages(recursive) using defaults
[0.225s] Level 1:colcon.colcon_core.package_discovery:discover_packages(ignore) discover
[0.225s] Level 1:colcon.colcon_core.package_discovery:discover_packages(ignore) using defaults
[0.225s] Level 1:colcon.colcon_core.package_discovery:discover_packages(path) discover
[0.225s] Level 1:colcon.colcon_core.package_discovery:discover_packages(path) using defaults
[0.244s] Level 1:colcon.colcon_core.package_discovery:discover_packages(prefix_path) check parameters
[0.244s] Level 1:colcon.colcon_core.package_discovery:discover_packages(prefix_path) discover
[0.245s] DEBUG:colcon.colcon_installed_package_information.package_discovery:Found 4 installed packages in /home/ubuntu/ENAE450/ENAE450_ws/install
[0.246s] DEBUG:colcon.colcon_installed_package_information.package_discovery:Found 181 installed packages in /opt/ros/humble
[0.247s] Level 1:colcon.colcon_core.package_discovery:discover_packages(prefix_path) using defaults
[0.265s] Level 5:colcon.colcon_core.verb:set package 'hw4_1' build argument 'cmake_args' from command line to 'None'
[0.265s] Level 5:colcon.colcon_core.verb:set package 'hw4_1' build argument 'cmake_target' from command line to 'None'
[0.265s] Level 5:colcon.colcon_core.verb:set package 'hw4_1' build argument 'cmake_target_skip_unavailable' from command line to 'False'
[0.265s] Level 5:colcon.colcon_core.verb:set package 'hw4_1' build argument 'cmake_clean_cache' from command line to 'False'
[0.265s] Level 5:colcon.colcon_core.verb:set package 'hw4_1' build argument 'cmake_clean_first' from command line to 'False'
[0.265s] Level 5:colcon.colcon_core.verb:set package 'hw4_1' build argument 'cmake_force_configure' from command line to 'False'
[0.265s] Level 5:colcon.colcon_core.verb:set package 'hw4_1' build argument 'ament_cmake_args' from command line to 'None'
[0.265s] Level 5:colcon.colcon_core.verb:set package 'hw4_1' build argument 'catkin_cmake_args' from command line to 'None'
[0.265s] Level 5:colcon.colcon_core.verb:set package 'hw4_1' build argument 'catkin_skip_building_tests' from command line to 'False'
[0.265s] DEBUG:colcon.colcon_core.verb:Building package 'hw4_1' with the following arguments: {'ament_cmake_args': None, 'build_base': '/home/ubuntu/ENAE450/ENAE450_ws/build/hw4_1', 'catkin_cmake_args': None, 'catkin_skip_building_tests': False, 'cmake_args': None, 'cmake_clean_cache': False, 'cmake_clean_first': False, 'cmake_force_configure': False, 'cmake_target': None, 'cmake_target_skip_unavailable': False, 'install_base': '/home/ubuntu/ENAE450/ENAE450_ws/install/hw4_1', 'merge_install': False, 'path': '/home/ubuntu/ENAE450/ENAE450_ws/src/hw4_1', 'symlink_install': True, 'test_result_base': None}
[0.265s] Level 5:colcon.colcon_core.verb:set package 'hw4_3' build argument 'cmake_args' from command line to 'None'
[0.265s] Level 5:colcon.colcon_core.verb:set package 'hw4_3' build argument 'cmake_target' from command line to 'None'
[0.265s] Level 5:colcon.colcon_core.verb:set package 'hw4_3' build argument 'cmake_target_skip_unavailable' from command line to 'False'
[0.265s] Level 5:colcon.colcon_core.verb:set package 'hw4_3' build argument 'cmake_clean_cache' from command line to 'False'
[0.265s] Level 5:colcon.colcon_core.verb:set package 'hw4_3' build argument 'cmake_clean_first' from command line to 'False'
[0.265s] Level 5:colcon.colcon_core.verb:set package 'hw4_3' build argument 'cmake_force_configure' from command line to 'False'
[0.265s] Level 5:colcon.colcon_core.verb:set package 'hw4_3' build argument 'ament_cmake_args' from command line to 'None'
[0.265s] Level 5:colcon.colcon_core.verb:set package 'hw4_3' build argument 'catkin_cmake_args' from command line to 'None'
[0.265s] Level 5:colcon.colcon_core.verb:set package 'hw4_3' build argument 'catkin_skip_building_tests' from command line to 'False'
[0.266s] DEBUG:colcon.colcon_core.verb:Building package 'hw4_3' with the following arguments: {'ament_cmake_args': None, 'build_base': '/home/ubuntu/ENAE450/ENAE450_ws/build/hw4_3', 'catkin_cmake_args': None, 'catkin_skip_building_tests': False, 'cmake_args': None, 'cmake_clean_cache': False, 'cmake_clean_first': False, 'cmake_force_configure': False, 'cmake_target': None, 'cmake_target_skip_unavailable': False, 'install_base': '/home/ubuntu/ENAE450/ENAE450_ws/install/hw4_3', 'merge_install': False, 'path': '/home/ubuntu/ENAE450/ENAE450_ws/src/hw4_3', 'symlink_install': True, 'test_result_base': None}
[0.266s] Level 5:colcon.colcon_core.verb:set package 'hw4_interface' build argument 'cmake_args' from command line to 'None'
[0.266s] Level 5:colcon.colcon_core.verb:set package 'hw4_interface' build argument 'cmake_target' from command line to 'None'
[0.266s] Level 5:colcon.colcon_core.verb:set package 'hw4_interface' build argument 'cmake_target_skip_unavailable' from command line to 'False'
[0.266s] Level 5:colcon.colcon_core.verb:set package 'hw4_interface' build argument 'cmake_clean_cache' from command line to 'False'
[0.266s] Level 5:colcon.colcon_core.verb:set package 'hw4_interface' build argument 'cmake_clean_first' from command line to 'False'
[0.266s] Level 5:colcon.colcon_core.verb:set package 'hw4_interface' build argument 'cmake_force_configure' from command line to 'False'
[0.266s] Level 5:colcon.colcon_core.verb:set package 'hw4_interface' build argument 'ament_cmake_args' from command line to 'None'
[0.266s] Level 5:colcon.colcon_core.verb:set package 'hw4_interface' build argument 'catkin_cmake_args' from command line to 'None'
[0.266s] Level 5:colcon.colcon_core.verb:set package 'hw4_interface' build argument 'catkin_skip_building_tests' from command line to 'False'
[0.266s] DEBUG:colcon.colcon_core.verb:Building package 'hw4_interface' with the following arguments: {'ament_cmake_args': None, 'build_base': '/home/ubuntu/ENAE450/ENAE450_ws/build/hw4_interface', 'catkin_cmake_args': None, 'catkin_skip_building_tests': False, 'cmake_args': None, 'cmake_clean_cache': False, 'cmake_clean_first': False, 'cmake_force_configure': False, 'cmake_target': None, 'cmake_target_skip_unavailable': False, 'install_base': '/home/ubuntu/ENAE450/ENAE450_ws/install/hw4_interface', 'merge_install': False, 'path': '/home/ubuntu/ENAE450/ENAE450_ws/src/hw4_interface', 'symlink_install': True, 'test_result_base': None}
[0.266s] Level 5:colcon.colcon_core.verb:set package 'hw4_2' build argument 'cmake_args' from command line to 'None'
[0.266s] Level 5:colcon.colcon_core.verb:set package 'hw4_2' build argument 'cmake_target' from command line to 'None'
[0.266s] Level 5:colcon.colcon_core.verb:set package 'hw4_2' build argument 'cmake_target_skip_unavailable' from command line to 'False'
[0.266s] Level 5:colcon.colcon_core.verb:set package 'hw4_2' build argument 'cmake_clean_cache' from command line to 'False'
[0.266s] Level 5:colcon.colcon_core.verb:set package 'hw4_2' build argument 'cmake_clean_first' from command line to 'False'
[0.266s] Level 5:colcon.colcon_core.verb:set package 'hw4_2' build argument 'cmake_force_configure' from command line to 'False'
[0.266s] Level 5:colcon.colcon_core.verb:set package 'hw4_2' build argument 'ament_cmake_args' from command line to 'None'
[0.266s] Level 5:colcon.colcon_core.verb:set package 'hw4_2' build argument 'catkin_cmake_args' from command line to 'None'
[0.266s] Level 5:colcon.colcon_core.verb:set package 'hw4_2' build argument 'catkin_skip_building_tests' from command line to 'False'
[0.266s] DEBUG:colcon.colcon_core.verb:Building package 'hw4_2' with the following arguments: {'ament_cmake_args': None, 'build_base': '/home/ubuntu/ENAE450/ENAE450_ws/build/hw4_2', 'catkin_cmake_args': None, 'catkin_skip_building_tests': False, 'cmake_args': None, 'cmake_clean_cache': False, 'cmake_clean_first': False, 'cmake_force_configure': False, 'cmake_target': None, 'cmake_target_skip_unavailable': False, 'install_base': '/home/ubuntu/ENAE450/ENAE450_ws/install/hw4_2', 'merge_install': False, 'path': '/home/ubuntu/ENAE450/ENAE450_ws/src/hw4_2', 'symlink_install': True, 'test_result_base': None}
[0.266s] INFO:colcon.colcon_core.executor:Executing jobs using 'parallel' executor
[0.267s] DEBUG:colcon.colcon_parallel_executor.executor.parallel:run_until_complete
[0.267s] INFO:colcon.colcon_ros.task.ament_cmake.build:Building ROS package in '/home/ubuntu/ENAE450/ENAE450_ws/src/hw4_interface' with build type 'ament_cmake'
[0.267s] INFO:colcon.colcon_cmake.task.cmake.build:Building CMake package in '/home/ubuntu/ENAE450/ENAE450_ws/src/hw4_interface'
[0.268s] INFO:colcon.colcon_core.plugin_system:Skipping extension 'colcon_core.shell.bat': Not used on non-Windows systems
[0.269s] INFO:colcon.colcon_core.shell:Skip shell extension 'powershell' for command environment: Not usable outside of PowerShell
[0.269s] DEBUG:colcon.colcon_core.shell:Skip shell extension 'dsv' for command environment
[0.271s] INFO:colcon.colcon_ros.task.ament_python.build:Building ROS package in '/home/ubuntu/ENAE450/ENAE450_ws/src/hw4_1' with build type 'ament_python'
[0.271s] Level 1:colcon.colcon_core.shell:create_environment_hook('hw4_1', 'ament_prefix_path')
[0.271s] INFO:colcon.colcon_core.shell:Creating environment hook '/home/ubuntu/ENAE450/ENAE450_ws/install/hw4_1/share/hw4_1/hook/ament_prefix_path.ps1'
[0.272s] INFO:colcon.colcon_core.shell:Creating environment descriptor '/home/ubuntu/ENAE450/ENAE450_ws/install/hw4_1/share/hw4_1/hook/ament_prefix_path.dsv'
[0.272s] INFO:colcon.colcon_core.shell:Creating environment hook '/home/ubuntu/ENAE450/ENAE450_ws/install/hw4_1/share/hw4_1/hook/ament_prefix_path.sh'
[0.272s] INFO:colcon.colcon_core.shell:Skip shell extension 'powershell' for command environment: Not usable outside of PowerShell
[0.272s] DEBUG:colcon.colcon_core.shell:Skip shell extension 'dsv' for command environment
[0.275s] INFO:colcon.colcon_ros.task.ament_python.build:Building ROS package in '/home/ubuntu/ENAE450/ENAE450_ws/src/hw4_3' with build type 'ament_python'
[0.275s] Level 1:colcon.colcon_core.shell:create_environment_hook('hw4_3', 'ament_prefix_path')
[0.275s] INFO:colcon.colcon_core.shell:Creating environment hook '/home/ubuntu/ENAE450/ENAE450_ws/install/hw4_3/share/hw4_3/hook/ament_prefix_path.ps1'
[0.275s] INFO:colcon.colcon_core.shell:Creating environment descriptor '/home/ubuntu/ENAE450/ENAE450_ws/install/hw4_3/share/hw4_3/hook/ament_prefix_path.dsv'
[0.275s] INFO:colcon.colcon_core.shell:Creating environment hook '/home/ubuntu/ENAE450/ENAE450_ws/install/hw4_3/share/hw4_3/hook/ament_prefix_path.sh'
[0.276s] INFO:colcon.colcon_core.shell:Skip shell extension 'powershell' for command environment: Not usable outside of PowerShell
[0.276s] DEBUG:colcon.colcon_core.shell:Skip shell extension 'dsv' for command environment
[0.335s] DEBUG:colcon.colcon_core.event_handler.log_command:Invoking command in '/home/ubuntu/ENAE450/ENAE450_ws/build/hw4_interface': CMAKE_PREFIX_PATH=${CMAKE_PREFIX_PATH}:/home/ubuntu/ENAE450/ENAE450_ws/install/hw4_3:/home/ubuntu/ENAE450/ENAE450_ws/install/hw4_2:/home/ubuntu/ENAE450/ENAE450_ws/install/hw4_1:/opt/ros/humble /usr/bin/cmake /home/ubuntu/ENAE450/ENAE450_ws/src/hw4_interface -DAMENT_CMAKE_SYMLINK_INSTALL=1 -DCMAKE_INSTALL_PREFIX=/home/ubuntu/ENAE450/ENAE450_ws/install/hw4_interface
[0.773s] INFO:colcon.colcon_core.task.python.build:Building Python package in '/home/ubuntu/ENAE450/ENAE450_ws/src/hw4_1'
[0.773s] INFO:colcon.colcon_core.shell:Skip shell extension 'powershell' for command environment: Not usable outside of PowerShell
[0.773s] DEBUG:colcon.colcon_core.shell:Skip shell extension 'dsv' for command environment
[0.932s] INFO:colcon.colcon_core.task.python.build:Building Python package in '/home/ubuntu/ENAE450/ENAE450_ws/src/hw4_3'
[0.932s] INFO:colcon.colcon_core.shell:Skip shell extension 'powershell' for command environment: Not usable outside of PowerShell
[0.933s] DEBUG:colcon.colcon_core.shell:Skip shell extension 'dsv' for command environment
[1.161s] DEBUG:colcon.colcon_core.task.python.build:While undoing a previous installation files outside the Python library path are being ignored: /home/ubuntu/ENAE450/ENAE450_ws/install/hw4_3/share/ament_index/resource_index/packages/hw4_3
[1.161s] DEBUG:colcon.colcon_core.task.python.build:While undoing a previous installation files outside the Python library path are being ignored: /home/ubuntu/ENAE450/ENAE450_ws/install/hw4_3/share/hw4_3/package.xml
[1.165s] DEBUG:colcon.colcon_core.task.python.build:While undoing a previous installation files outside the Python library path are being ignored: /home/ubuntu/ENAE450/ENAE450_ws/install/hw4_1/share/ament_index/resource_index/packages/hw4_1
[1.165s] DEBUG:colcon.colcon_core.task.python.build:While undoing a previous installation files outside the Python library path are being ignored: /home/ubuntu/ENAE450/ENAE450_ws/install/hw4_1/share/hw4_1/package.xml
[1.165s] DEBUG:colcon.colcon_core.task.python.build:While undoing a previous installation files outside the Python library path are being ignored: /home/ubuntu/ENAE450/ENAE450_ws/install/hw4_1/share/hw4_1/launch/draw_shapes_launch.py
[1.165s] DEBUG:colcon.colcon_core.task.python.build:While undoing a previous installation files outside the Python library path are being ignored: /home/ubuntu/ENAE450/ENAE450_ws/install/hw4_1/lib/hw4_1/draw_shapes
[1.166s] DEBUG:colcon.colcon_core.event_handler.log_command:Invoking command in '/home/ubuntu/ENAE450/ENAE450_ws/build/hw4_3': PYTHONPATH=/home/ubuntu/ENAE450/ENAE450_ws/build/hw4_3/prefix_override:/home/ubuntu/ENAE450/ENAE450_ws/install/hw4_3/lib/python3.10/site-packages:${PYTHONPATH} /usr/bin/python3 -W ignore:setup.py install is deprecated setup.py develop --editable --build-directory /home/ubuntu/ENAE450/ENAE450_ws/build/hw4_3/build --no-deps symlink_data --force
[1.168s] DEBUG:colcon.colcon_core.event_handler.log_command:Invoking command in '/home/ubuntu/ENAE450/ENAE450_ws/build/hw4_1': PYTHONPATH=/home/ubuntu/ENAE450/ENAE450_ws/build/hw4_1/prefix_override:/home/ubuntu/ENAE450/ENAE450_ws/install/hw4_1/lib/python3.10/site-packages:${PYTHONPATH} /usr/bin/python3 -W ignore:setup.py install is deprecated setup.py develop --editable --build-directory /home/ubuntu/ENAE450/ENAE450_ws/build/hw4_1/build --no-deps symlink_data --force
[1.430s] Level 1:colcon.colcon_core.shell:create_environment_hook('hw4_1', 'pythonpath_develop')
[1.431s] INFO:colcon.colcon_core.shell:Creating environment hook '/home/ubuntu/ENAE450/ENAE450_ws/build/hw4_1/share/hw4_1/hook/pythonpath_develop.ps1'
[1.432s] INFO:colcon.colcon_core.shell:Creating environment descriptor '/home/ubuntu/ENAE450/ENAE450_ws/build/hw4_1/share/hw4_1/hook/pythonpath_develop.dsv'
[1.432s] INFO:colcon.colcon_core.shell:Creating environment hook '/home/ubuntu/ENAE450/ENAE450_ws/build/hw4_1/share/hw4_1/hook/pythonpath_develop.sh'
[1.433s] DEBUG:colcon.colcon_core.event_handler.log_command:Invoked command in '/home/ubuntu/ENAE450/ENAE450_ws/build/hw4_1' returned '0': PYTHONPATH=/home/ubuntu/ENAE450/ENAE450_ws/build/hw4_1/prefix_override:/home/ubuntu/ENAE450/ENAE450_ws/install/hw4_1/lib/python3.10/site-packages:${PYTHONPATH} /usr/bin/python3 -W ignore:setup.py install is deprecated setup.py develop --editable --build-directory /home/ubuntu/ENAE450/ENAE450_ws/build/hw4_1/build --no-deps symlink_data --force
[1.434s] Level 1:colcon.colcon_core.environment:checking '/home/ubuntu/ENAE450/ENAE450_ws/install/hw4_1' for CMake module files
[1.434s] Level 1:colcon.colcon_core.environment:checking '/home/ubuntu/ENAE450/ENAE450_ws/install/hw4_1' for CMake config files
[1.435s] Level 1:colcon.colcon_core.environment:checking '/home/ubuntu/ENAE450/ENAE450_ws/install/hw4_1/lib'
[1.435s] Level 1:colcon.colcon_core.environment:checking '/home/ubuntu/ENAE450/ENAE450_ws/install/hw4_1/bin'
[1.435s] Level 1:colcon.colcon_core.environment:checking '/home/ubuntu/ENAE450/ENAE450_ws/install/hw4_1/lib/pkgconfig/hw4_1.pc'
[1.435s] Level 1:colcon.colcon_core.environment:checking '/home/ubuntu/ENAE450/ENAE450_ws/install/hw4_1/lib/python3.10/site-packages'
[1.435s] Level 1:colcon.colcon_core.shell:create_environment_hook('hw4_1', 'pythonpath')
[1.435s] INFO:colcon.colcon_core.shell:Creating environment hook '/home/ubuntu/ENAE450/ENAE450_ws/install/hw4_1/share/hw4_1/hook/pythonpath.ps1'
[1.436s] INFO:colcon.colcon_core.shell:Creating environment descriptor '/home/ubuntu/ENAE450/ENAE450_ws/install/hw4_1/share/hw4_1/hook/pythonpath.dsv'
[1.436s] INFO:colcon.colcon_core.shell:Creating environment hook '/home/ubuntu/ENAE450/ENAE450_ws/install/hw4_1/share/hw4_1/hook/pythonpath.sh'
[1.436s] Level 1:colcon.colcon_core.environment:checking '/home/ubuntu/ENAE450/ENAE450_ws/install/hw4_1/bin'
[1.436s] Level 1:colcon.colcon_core.environment:create_environment_scripts_only(hw4_1)
[1.436s] INFO:colcon.colcon_core.shell:Creating package script '/home/ubuntu/ENAE450/ENAE450_ws/install/hw4_1/share/hw4_1/package.ps1'
[1.437s] INFO:colcon.colcon_core.shell:Creating package descriptor '/home/ubuntu/ENAE450/ENAE450_ws/install/hw4_1/share/hw4_1/package.dsv'
[1.437s] INFO:colcon.colcon_core.shell:Creating package script '/home/ubuntu/ENAE450/ENAE450_ws/install/hw4_1/share/hw4_1/package.sh'
[1.437s] INFO:colcon.colcon_core.shell:Creating package script '/home/ubuntu/ENAE450/ENAE450_ws/install/hw4_1/share/hw4_1/package.bash'
[1.437s] INFO:colcon.colcon_core.shell:Creating package script '/home/ubuntu/ENAE450/ENAE450_ws/install/hw4_1/share/hw4_1/package.zsh'
[1.438s] Level 1:colcon.colcon_core.environment:create_file_with_runtime_dependencies(/home/ubuntu/ENAE450/ENAE450_ws/install/hw4_1/share/colcon-core/packages/hw4_1)
[1.439s] Level 1:colcon.colcon_core.shell:create_environment_hook('hw4_3', 'pythonpath_develop')
[1.440s] INFO:colcon.colcon_core.shell:Creating environment hook '/home/ubuntu/ENAE450/ENAE450_ws/build/hw4_3/share/hw4_3/hook/pythonpath_develop.ps1'
[1.440s] DEBUG:colcon.colcon_core.event_handler.log_command:Invoked command in '/home/ubuntu/ENAE450/ENAE450_ws/build/hw4_3' returned '0': PYTHONPATH=/home/ubuntu/ENAE450/ENAE450_ws/build/hw4_3/prefix_override:/home/ubuntu/ENAE450/ENAE450_ws/install/hw4_3/lib/python3.10/site-packages:${PYTHONPATH} /usr/bin/python3 -W ignore:setup.py install is deprecated setup.py develop --editable --build-directory /home/ubuntu/ENAE450/ENAE450_ws/build/hw4_3/build --no-deps symlink_data --force
[1.440s] INFO:colcon.colcon_core.shell:Creating environment descriptor '/home/ubuntu/ENAE450/ENAE450_ws/build/hw4_3/share/hw4_3/hook/pythonpath_develop.dsv'
[1.440s] INFO:colcon.colcon_core.shell:Creating environment hook '/home/ubuntu/ENAE450/ENAE450_ws/build/hw4_3/share/hw4_3/hook/pythonpath_develop.sh'
[1.440s] Level 1:colcon.colcon_core.environment:checking '/home/ubuntu/ENAE450/ENAE450_ws/install/hw4_3' for CMake module files
[1.441s] Level 1:colcon.colcon_core.environment:checking '/home/ubuntu/ENAE450/ENAE450_ws/install/hw4_3' for CMake config files
[1.441s] Level 1:colcon.colcon_core.environment:checking '/home/ubuntu/ENAE450/ENAE450_ws/install/hw4_3/lib'
[1.441s] Level 1:colcon.colcon_core.environment:checking '/home/ubuntu/ENAE450/ENAE450_ws/install/hw4_3/bin'
[1.441s] Level 1:colcon.colcon_core.environment:checking '/home/ubuntu/ENAE450/ENAE450_ws/install/hw4_3/lib/pkgconfig/hw4_3.pc'
[1.441s] Level 1:colcon.colcon_core.environment:checking '/home/ubuntu/ENAE450/ENAE450_ws/install/hw4_3/lib/python3.10/site-packages'
[1.441s] Level 1:colcon.colcon_core.shell:create_environment_hook('hw4_3', 'pythonpath')
[1.441s] INFO:colcon.colcon_core.shell:Creating environment hook '/home/ubuntu/ENAE450/ENAE450_ws/install/hw4_3/share/hw4_3/hook/pythonpath.ps1'
[1.441s] INFO:colcon.colcon_core.shell:Creating environment descriptor '/home/ubuntu/ENAE450/ENAE450_ws/install/hw4_3/share/hw4_3/hook/pythonpath.dsv'
[1.441s] INFO:colcon.colcon_core.shell:Creating environment hook '/home/ubuntu/ENAE450/ENAE450_ws/install/hw4_3/share/hw4_3/hook/pythonpath.sh'
[1.442s] Level 1:colcon.colcon_core.environment:checking '/home/ubuntu/ENAE450/ENAE450_ws/install/hw4_3/bin'
[1.442s] Level 1:colcon.colcon_core.environment:create_environment_scripts_only(hw4_3)
[1.442s] INFO:colcon.colcon_core.shell:Creating package script '/home/ubuntu/ENAE450/ENAE450_ws/install/hw4_3/share/hw4_3/package.ps1'
[1.442s] INFO:colcon.colcon_core.shell:Creating package descriptor '/home/ubuntu/ENAE450/ENAE450_ws/install/hw4_3/share/hw4_3/package.dsv'
[1.442s] INFO:colcon.colcon_core.shell:Creating package script '/home/ubuntu/ENAE450/ENAE450_ws/install/hw4_3/share/hw4_3/package.sh'
[1.443s] INFO:colcon.colcon_core.shell:Creating package script '/home/ubuntu/ENAE450/ENAE450_ws/install/hw4_3/share/hw4_3/package.bash'
[1.443s] INFO:colcon.colcon_core.shell:Creating package script '/home/ubuntu/ENAE450/ENAE450_ws/install/hw4_3/share/hw4_3/package.zsh'
[1.443s] Level 1:colcon.colcon_core.environment:create_file_with_runtime_dependencies(/home/ubuntu/ENAE450/ENAE450_ws/install/hw4_3/share/colcon-core/packages/hw4_3)
[1.637s] DEBUG:colcon.colcon_core.event_handler.log_command:Invoked command in '/home/ubuntu/ENAE450/ENAE450_ws/build/hw4_interface' returned '0': CMAKE_PREFIX_PATH=${CMAKE_PREFIX_PATH}:/home/ubuntu/ENAE450/ENAE450_ws/install/hw4_3:/home/ubuntu/ENAE450/ENAE450_ws/install/hw4_2:/home/ubuntu/ENAE450/ENAE450_ws/install/hw4_1:/opt/ros/humble /usr/bin/cmake /home/ubuntu/ENAE450/ENAE450_ws/src/hw4_interface -DAMENT_CMAKE_SYMLINK_INSTALL=1 -DCMAKE_INSTALL_PREFIX=/home/ubuntu/ENAE450/ENAE450_ws/install/hw4_interface
[1.639s] DEBUG:colcon.colcon_core.event_handler.log_command:Invoking command in '/home/ubuntu/ENAE450/ENAE450_ws/build/hw4_interface': CMAKE_PREFIX_PATH=${CMAKE_PREFIX_PATH}:/home/ubuntu/ENAE450/ENAE450_ws/install/hw4_3:/home/ubuntu/ENAE450/ENAE450_ws/install/hw4_2:/home/ubuntu/ENAE450/ENAE450_ws/install/hw4_1:/opt/ros/humble /usr/bin/cmake --build /home/ubuntu/ENAE450/ENAE450_ws/build/hw4_interface -- -j6 -l6
[1.865s] DEBUG:colcon.colcon_core.event_handler.log_command:Invoked command in '/home/ubuntu/ENAE450/ENAE450_ws/build/hw4_interface' returned '0': CMAKE_PREFIX_PATH=${CMAKE_PREFIX_PATH}:/home/ubuntu/ENAE450/ENAE450_ws/install/hw4_3:/home/ubuntu/ENAE450/ENAE450_ws/install/hw4_2:/home/ubuntu/ENAE450/ENAE450_ws/install/hw4_1:/opt/ros/humble /usr/bin/cmake --build /home/ubuntu/ENAE450/ENAE450_ws/build/hw4_interface -- -j6 -l6
[1.940s] DEBUG:colcon.colcon_core.event_handler.log_command:Invoking command in '/home/ubuntu/ENAE450/ENAE450_ws/build/hw4_interface': CMAKE_PREFIX_PATH=${CMAKE_PREFIX_PATH}:/home/ubuntu/ENAE450/ENAE450_ws/install/hw4_3:/home/ubuntu/ENAE450/ENAE450_ws/install/hw4_2:/home/ubuntu/ENAE450/ENAE450_ws/install/hw4_1:/opt/ros/humble /usr/bin/cmake --install /home/ubuntu/ENAE450/ENAE450_ws/build/hw4_interface
[1.994s] Level 1:colcon.colcon_core.environment:create_environment_scripts_only(hw4_interface)
[1.994s] Level 1:colcon.colcon_core.environment:checking '/home/ubuntu/ENAE450/ENAE450_ws/install/hw4_interface' for CMake module files
[1.995s] DEBUG:colcon.colcon_core.event_handler.log_command:Invoked command in '/home/ubuntu/ENAE450/ENAE450_ws/build/hw4_interface' returned '0': CMAKE_PREFIX_PATH=${CMAKE_PREFIX_PATH}:/home/ubuntu/ENAE450/ENAE450_ws/install/hw4_3:/home/ubuntu/ENAE450/ENAE450_ws/install/hw4_2:/home/ubuntu/ENAE450/ENAE450_ws/install/hw4_1:/opt/ros/humble /usr/bin/cmake --install /home/ubuntu/ENAE450/ENAE450_ws/build/hw4_interface
[1.995s] Level 1:colcon.colcon_core.environment:checking '/home/ubuntu/ENAE450/ENAE450_ws/install/hw4_interface' for CMake config files
[1.996s] Level 1:colcon.colcon_core.shell:create_environment_hook('hw4_interface', 'cmake_prefix_path')
[1.996s] INFO:colcon.colcon_core.shell:Creating environment hook '/home/ubuntu/ENAE450/ENAE450_ws/install/hw4_interface/share/hw4_interface/hook/cmake_prefix_path.ps1'
[1.996s] INFO:colcon.colcon_core.shell:Creating environment descriptor '/home/ubuntu/ENAE450/ENAE450_ws/install/hw4_interface/share/hw4_interface/hook/cmake_prefix_path.dsv'
[1.996s] INFO:colcon.colcon_core.shell:Creating environment hook '/home/ubuntu/ENAE450/ENAE450_ws/install/hw4_interface/share/hw4_interface/hook/cmake_prefix_path.sh'
[1.997s] Level 1:colcon.colcon_core.environment:checking '/home/ubuntu/ENAE450/ENAE450_ws/install/hw4_interface/lib'
[1.997s] Level 1:colcon.colcon_core.shell:create_environment_hook('hw4_interface', 'ld_library_path_lib')
[1.997s] INFO:colcon.colcon_core.shell:Creating environment hook '/home/ubuntu/ENAE450/ENAE450_ws/install/hw4_interface/share/hw4_interface/hook/ld_library_path_lib.ps1'
[1.997s] INFO:colcon.colcon_core.shell:Creating environment descriptor '/home/ubuntu/ENAE450/ENAE450_ws/install/hw4_interface/share/hw4_interface/hook/ld_library_path_lib.dsv'
[1.997s] INFO:colcon.colcon_core.shell:Creating environment hook '/home/ubuntu/ENAE450/ENAE450_ws/install/hw4_interface/share/hw4_interface/hook/ld_library_path_lib.sh'
[1.997s] Level 1:colcon.colcon_core.environment:checking '/home/ubuntu/ENAE450/ENAE450_ws/install/hw4_interface/bin'
[1.997s] Level 1:colcon.colcon_core.environment:checking '/home/ubuntu/ENAE450/ENAE450_ws/install/hw4_interface/lib/pkgconfig/hw4_interface.pc'
[1.997s] Level 1:colcon.colcon_core.environment:checking '/home/ubuntu/ENAE450/ENAE450_ws/install/hw4_interface/lib/python3.10/site-packages'
[1.997s] Level 1:colcon.colcon_core.environment:checking '/home/ubuntu/ENAE450/ENAE450_ws/install/hw4_interface/bin'
[1.998s] INFO:colcon.colcon_core.shell:Creating package script '/home/ubuntu/ENAE450/ENAE450_ws/install/hw4_interface/share/hw4_interface/package.ps1'
[1.998s] INFO:colcon.colcon_core.shell:Creating package descriptor '/home/ubuntu/ENAE450/ENAE450_ws/install/hw4_interface/share/hw4_interface/package.dsv'
[1.998s] INFO:colcon.colcon_core.shell:Creating package script '/home/ubuntu/ENAE450/ENAE450_ws/install/hw4_interface/share/hw4_interface/package.sh'
[1.998s] INFO:colcon.colcon_core.shell:Creating package script '/home/ubuntu/ENAE450/ENAE450_ws/install/hw4_interface/share/hw4_interface/package.bash'
[1.998s] INFO:colcon.colcon_core.shell:Creating package script '/home/ubuntu/ENAE450/ENAE450_ws/install/hw4_interface/share/hw4_interface/package.zsh'
[1.998s] Level 1:colcon.colcon_core.environment:create_file_with_runtime_dependencies(/home/ubuntu/ENAE450/ENAE450_ws/install/hw4_interface/share/colcon-core/packages/hw4_interface)
[2.072s] Level 1:colcon.colcon_core.environment:create_environment_scripts_only(hw4_interface)
[2.072s] Level 1:colcon.colcon_core.environment:checking '/home/ubuntu/ENAE450/ENAE450_ws/install/hw4_interface' for CMake module files
[2.072s] Level 1:colcon.colcon_core.environment:checking '/home/ubuntu/ENAE450/ENAE450_ws/install/hw4_interface' for CMake config files
[2.073s] Level 1:colcon.colcon_core.shell:create_environment_hook('hw4_interface', 'cmake_prefix_path')
[2.073s] INFO:colcon.colcon_core.shell:Creating environment hook '/home/ubuntu/ENAE450/ENAE450_ws/install/hw4_interface/share/hw4_interface/hook/cmake_prefix_path.ps1'
[2.073s] INFO:colcon.colcon_core.shell:Creating environment descriptor '/home/ubuntu/ENAE450/ENAE450_ws/install/hw4_interface/share/hw4_interface/hook/cmake_prefix_path.dsv'
[2.074s] INFO:colcon.colcon_core.shell:Creating environment hook '/home/ubuntu/ENAE450/ENAE450_ws/install/hw4_interface/share/hw4_interface/hook/cmake_prefix_path.sh'
[2.074s] Level 1:colcon.colcon_core.environment:checking '/home/ubuntu/ENAE450/ENAE450_ws/install/hw4_interface/lib'
[2.074s] Level 1:colcon.colcon_core.shell:create_environment_hook('hw4_interface', 'ld_library_path_lib')
[2.074s] INFO:colcon.colcon_core.shell:Creating environment hook '/home/ubuntu/ENAE450/ENAE450_ws/install/hw4_interface/share/hw4_interface/hook/ld_library_path_lib.ps1'
[2.074s] INFO:colcon.colcon_core.shell:Creating environment descriptor '/home/ubuntu/ENAE450/ENAE450_ws/install/hw4_interface/share/hw4_interface/hook/ld_library_path_lib.dsv'
[2.074s] INFO:colcon.colcon_core.shell:Creating environment hook '/home/ubuntu/ENAE450/ENAE450_ws/install/hw4_interface/share/hw4_interface/hook/ld_library_path_lib.sh'
[2.074s] Level 1:colcon.colcon_core.environment:checking '/home/ubuntu/ENAE450/ENAE450_ws/install/hw4_interface/bin'
[2.074s] Level 1:colcon.colcon_core.environment:checking '/home/ubuntu/ENAE450/ENAE450_ws/install/hw4_interface/lib/pkgconfig/hw4_interface.pc'
[2.074s] Level 1:colcon.colcon_core.environment:checking '/home/ubuntu/ENAE450/ENAE450_ws/install/hw4_interface/lib/python3.10/site-packages'
[2.075s] Level 1:colcon.colcon_core.environment:checking '/home/ubuntu/ENAE450/ENAE450_ws/install/hw4_interface/bin'
[2.075s] INFO:colcon.colcon_core.shell:Creating package script '/home/ubuntu/ENAE450/ENAE450_ws/install/hw4_interface/share/hw4_interface/package.ps1'
[2.075s] INFO:colcon.colcon_core.shell:Creating package descriptor '/home/ubuntu/ENAE450/ENAE450_ws/install/hw4_interface/share/hw4_interface/package.dsv'
[2.075s] INFO:colcon.colcon_core.shell:Creating package script '/home/ubuntu/ENAE450/ENAE450_ws/install/hw4_interface/share/hw4_interface/package.sh'
[2.075s] INFO:colcon.colcon_core.shell:Creating package script '/home/ubuntu/ENAE450/ENAE450_ws/install/hw4_interface/share/hw4_interface/package.bash'
[2.075s] INFO:colcon.colcon_core.shell:Creating package script '/home/ubuntu/ENAE450/ENAE450_ws/install/hw4_interface/share/hw4_interface/package.zsh'
[2.075s] Level 1:colcon.colcon_core.environment:create_file_with_runtime_dependencies(/home/ubuntu/ENAE450/ENAE450_ws/install/hw4_interface/share/colcon-core/packages/hw4_interface)
[2.076s] INFO:colcon.colcon_ros.task.ament_python.build:Building ROS package in '/home/ubuntu/ENAE450/ENAE450_ws/src/hw4_2' with build type 'ament_python'
[2.076s] Level 1:colcon.colcon_core.shell:create_environment_hook('hw4_2', 'ament_prefix_path')
[2.076s] INFO:colcon.colcon_core.shell:Creating environment hook '/home/ubuntu/ENAE450/ENAE450_ws/install/hw4_2/share/hw4_2/hook/ament_prefix_path.ps1'
[2.076s] INFO:colcon.colcon_core.shell:Creating environment descriptor '/home/ubuntu/ENAE450/ENAE450_ws/install/hw4_2/share/hw4_2/hook/ament_prefix_path.dsv'
[2.077s] INFO:colcon.colcon_core.shell:Creating environment hook '/home/ubuntu/ENAE450/ENAE450_ws/install/hw4_2/share/hw4_2/hook/ament_prefix_path.sh'
[2.077s] INFO:colcon.colcon_core.shell:Skip shell extension 'powershell' for command environment: Not usable outside of PowerShell
[2.077s] DEBUG:colcon.colcon_core.shell:Skip shell extension 'dsv' for command environment
[2.231s] INFO:colcon.colcon_core.task.python.build:Building Python package in '/home/ubuntu/ENAE450/ENAE450_ws/src/hw4_2'
[2.231s] INFO:colcon.colcon_core.shell:Skip shell extension 'powershell' for command environment: Not usable outside of PowerShell
[2.231s] DEBUG:colcon.colcon_core.shell:Skip shell extension 'dsv' for command environment
[2.416s] DEBUG:colcon.colcon_core.task.python.build:While undoing a previous installation files outside the Python library path are being ignored: /home/ubuntu/ENAE450/ENAE450_ws/install/hw4_2/share/ament_index/resource_index/packages/hw4_2
[2.416s] DEBUG:colcon.colcon_core.task.python.build:While undoing a previous installation files outside the Python library path are being ignored: /home/ubuntu/ENAE450/ENAE450_ws/install/hw4_2/share/hw4_2/package.xml
[2.416s] DEBUG:colcon.colcon_core.task.python.build:While undoing a previous installation files outside the Python library path are being ignored: /home/ubuntu/ENAE450/ENAE450_ws/install/hw4_2/share/hw4_2/launch/draw_graphs_launch.py
[2.416s] DEBUG:colcon.colcon_core.task.python.build:While undoing a previous installation files outside the Python library path are being ignored: /home/ubuntu/ENAE450/ENAE450_ws/install/hw4_2/lib/hw4_2/draw_graphs
[2.419s] DEBUG:colcon.colcon_core.event_handler.log_command:Invoking command in '/home/ubuntu/ENAE450/ENAE450_ws/build/hw4_2': PYTHONPATH=/home/ubuntu/ENAE450/ENAE450_ws/build/hw4_2/prefix_override:/home/ubuntu/ENAE450/ENAE450_ws/install/hw4_2/lib/python3.10/site-packages:${PYTHONPATH} /usr/bin/python3 -W ignore:setup.py install is deprecated setup.py develop --editable --build-directory /home/ubuntu/ENAE450/ENAE450_ws/build/hw4_2/build --no-deps symlink_data --force
[2.657s] Level 1:colcon.colcon_core.shell:create_environment_hook('hw4_2', 'pythonpath_develop')
[2.657s] INFO:colcon.colcon_core.shell:Creating environment hook '/home/ubuntu/ENAE450/ENAE450_ws/build/hw4_2/share/hw4_2/hook/pythonpath_develop.ps1'
[2.657s] DEBUG:colcon.colcon_core.event_handler.log_command:Invoked command in '/home/ubuntu/ENAE450/ENAE450_ws/build/hw4_2' returned '0': PYTHONPATH=/home/ubuntu/ENAE450/ENAE450_ws/build/hw4_2/prefix_override:/home/ubuntu/ENAE450/ENAE450_ws/install/hw4_2/lib/python3.10/site-packages:${PYTHONPATH} /usr/bin/python3 -W ignore:setup.py install is deprecated setup.py develop --editable --build-directory /home/ubuntu/ENAE450/ENAE450_ws/build/hw4_2/build --no-deps symlink_data --force
[2.658s] INFO:colcon.colcon_core.shell:Creating environment descriptor '/home/ubuntu/ENAE450/ENAE450_ws/build/hw4_2/share/hw4_2/hook/pythonpath_develop.dsv'
[2.658s] INFO:colcon.colcon_core.shell:Creating environment hook '/home/ubuntu/ENAE450/ENAE450_ws/build/hw4_2/share/hw4_2/hook/pythonpath_develop.sh'
[2.658s] Level 1:colcon.colcon_core.environment:checking '/home/ubuntu/ENAE450/ENAE450_ws/install/hw4_2' for CMake module files
[2.658s] Level 1:colcon.colcon_core.environment:checking '/home/ubuntu/ENAE450/ENAE450_ws/install/hw4_2' for CMake config files
[2.658s] Level 1:colcon.colcon_core.environment:checking '/home/ubuntu/ENAE450/ENAE450_ws/install/hw4_2/lib'
[2.658s] Level 1:colcon.colcon_core.environment:checking '/home/ubuntu/ENAE450/ENAE450_ws/install/hw4_2/bin'
[2.659s] Level 1:colcon.colcon_core.environment:checking '/home/ubuntu/ENAE450/ENAE450_ws/install/hw4_2/lib/pkgconfig/hw4_2.pc'
[2.659s] Level 1:colcon.colcon_core.environment:checking '/home/ubuntu/ENAE450/ENAE450_ws/install/hw4_2/lib/python3.10/site-packages'
[2.659s] Level 1:colcon.colcon_core.shell:create_environment_hook('hw4_2', 'pythonpath')
[2.659s] INFO:colcon.colcon_core.shell:Creating environment hook '/home/ubuntu/ENAE450/ENAE450_ws/install/hw4_2/share/hw4_2/hook/pythonpath.ps1'
[2.659s] INFO:colcon.colcon_core.shell:Creating environment descriptor '/home/ubuntu/ENAE450/ENAE450_ws/install/hw4_2/share/hw4_2/hook/pythonpath.dsv'
[2.659s] INFO:colcon.colcon_core.shell:Creating environment hook '/home/ubuntu/ENAE450/ENAE450_ws/install/hw4_2/share/hw4_2/hook/pythonpath.sh'
[2.659s] Level 1:colcon.colcon_core.environment:checking '/home/ubuntu/ENAE450/ENAE450_ws/install/hw4_2/bin'
[2.659s] Level 1:colcon.colcon_core.environment:create_environment_scripts_only(hw4_2)
[2.659s] INFO:colcon.colcon_core.shell:Creating package script '/home/ubuntu/ENAE450/ENAE450_ws/install/hw4_2/share/hw4_2/package.ps1'
[2.660s] INFO:colcon.colcon_core.shell:Creating package descriptor '/home/ubuntu/ENAE450/ENAE450_ws/install/hw4_2/share/hw4_2/package.dsv'
[2.660s] INFO:colcon.colcon_core.shell:Creating package script '/home/ubuntu/ENAE450/ENAE450_ws/install/hw4_2/share/hw4_2/package.sh'
[2.660s] INFO:colcon.colcon_core.shell:Creating package script '/home/ubuntu/ENAE450/ENAE450_ws/install/hw4_2/share/hw4_2/package.bash'
[2.660s] INFO:colcon.colcon_core.shell:Creating package script '/home/ubuntu/ENAE450/ENAE450_ws/install/hw4_2/share/hw4_2/package.zsh'
[2.660s] Level 1:colcon.colcon_core.environment:create_file_with_runtime_dependencies(/home/ubuntu/ENAE450/ENAE450_ws/install/hw4_2/share/colcon-core/packages/hw4_2)
[2.660s] DEBUG:colcon.colcon_parallel_executor.executor.parallel:closing loop
[2.661s] DEBUG:colcon.colcon_parallel_executor.executor.parallel:loop closed
[2.661s] DEBUG:colcon.colcon_parallel_executor.executor.parallel:run_until_complete finished with '0'
[2.661s] DEBUG:colcon.colcon_core.event_reactor:joining thread
[2.665s] INFO:colcon.colcon_core.plugin_system:Skipping extension 'colcon_notification.desktop_notification.terminal_notifier': Not used on non-Darwin systems
[2.665s] INFO:colcon.colcon_core.plugin_system:Skipping extension 'colcon_notification.desktop_notification.win32': Not used on non-Windows systems
[2.665s] INFO:colcon.colcon_notification.desktop_notification:Sending desktop notification using 'notify2'
[2.692s] DEBUG:colcon.colcon_core.event_reactor:joined thread
[2.692s] INFO:colcon.colcon_core.shell:Creating prefix script '/home/ubuntu/ENAE450/ENAE450_ws/install/local_setup.ps1'
[2.693s] INFO:colcon.colcon_core.shell:Creating prefix util module '/home/ubuntu/ENAE450/ENAE450_ws/install/_local_setup_util_ps1.py'
[2.694s] INFO:colcon.colcon_core.shell:Creating prefix chain script '/home/ubuntu/ENAE450/ENAE450_ws/install/setup.ps1'
[2.694s] INFO:colcon.colcon_core.shell:Creating prefix script '/home/ubuntu/ENAE450/ENAE450_ws/install/local_setup.sh'
[2.695s] INFO:colcon.colcon_core.shell:Creating prefix util module '/home/ubuntu/ENAE450/ENAE450_ws/install/_local_setup_util_sh.py'
[2.695s] INFO:colcon.colcon_core.shell:Creating prefix chain script '/home/ubuntu/ENAE450/ENAE450_ws/install/setup.sh'
[2.696s] INFO:colcon.colcon_core.shell:Creating prefix script '/home/ubuntu/ENAE450/ENAE450_ws/install/local_setup.bash'
[2.696s] INFO:colcon.colcon_core.shell:Creating prefix chain script '/home/ubuntu/ENAE450/ENAE450_ws/install/setup.bash'
[2.697s] INFO:colcon.colcon_core.shell:Creating prefix script '/home/ubuntu/ENAE450/ENAE450_ws/install/local_setup.zsh'
[2.697s] INFO:colcon.colcon_core.shell:Creating prefix chain script '/home/ubuntu/ENAE450/ENAE450_ws/install/setup.zsh'
