[0.092s] DEBUG:colcon:Command line arguments: ['/usr/bin/colcon', 'build', '--symlink-install']
[0.092s] DEBUG:colcon:Parsed command line arguments: Namespace(log_base=None, log_level=None, verb_name='build', build_base='build', install_base='install', merge_install=False, symlink_install=True, test_result_base=None, continue_on_error=False, executor='parallel', parallel_workers=6, event_handlers=None, ignore_user_meta=False, metas=['./colcon.meta'], base_paths=['.'], packages_ignore=None, packages_ignore_regex=None, paths=None, packages_up_to=None, packages_up_to_regex=None, packages_above=None, packages_above_and_dependencies=None, packages_above_depth=None, packages_select_by_dep=None, packages_skip_by_dep=None, packages_skip_up_to=None, packages_select_build_failed=False, packages_skip_build_finished=False, packages_select_test_failures=False, packages_skip_test_passed=False, packages_select=None, packages_skip=None, packages_select_regex=None, packages_skip_regex=None, packages_start=None, packages_end=None, allow_overriding=[], cmake_args=None, cmake_target=None, cmake_target_skip_unavailable=False, cmake_clean_cache=False, cmake_clean_first=False, cmake_force_configure=False, ament_cmake_args=None, catkin_cmake_args=None, catkin_skip_building_tests=False, verb_parser=<colcon_defaults.argument_parser.defaults.DefaultArgumentsDecorator object at 0xffffbd1afaf0>, verb_extension=<colcon_core.verb.build.BuildVerb object at 0xffffbd1af5e0>, main=<bound method BuildVerb.main of <colcon_core.verb.build.BuildVerb object at 0xffffbd1af5e0>>)
[0.226s] Level 1:colcon.colcon_core.package_discovery:discover_packages(colcon_meta) check parameters
[0.226s] Level 1:colcon.colcon_core.package_discovery:discover_packages(recursive) check parameters
[0.226s] Level 1:colcon.colcon_core.package_discovery:discover_packages(ignore) check parameters
[0.226s] Level 1:colcon.colcon_core.package_discovery:discover_packages(path) check parameters
[0.226s] Level 1:colcon.colcon_core.package_discovery:discover_packages(colcon_meta) discover
[0.226s] Level 1:colcon.colcon_core.package_discovery:discover_packages(recursive) discover
[0.226s] INFO:colcon.colcon_core.package_discovery:Crawling recursively for packages in '/home/ubuntu/ENAE450/ENAE450_ws'
[0.226s] Level 1:colcon.colcon_core.package_identification:_identify(.) by extensions ['ignore', 'ignore_ament_install']
[0.227s] Level 1:colcon.colcon_core.package_identification:_identify(.) by extension 'ignore'
[0.227s] Level 1:colcon.colcon_core.package_identification:_identify(.) by extension 'ignore_ament_install'
[0.227s] Level 1:colcon.colcon_core.package_identification:_identify(.) by extensions ['colcon_pkg']
[0.227s] Level 1:colcon.colcon_core.package_identification:_identify(.) by extension 'colcon_pkg'
[0.227s] Level 1:colcon.colcon_core.package_identification:_identify(.) by extensions ['colcon_meta']
[0.227s] Level 1:colcon.colcon_core.package_identification:_identify(.) by extension 'colcon_meta'
[0.227s] Level 1:colcon.colcon_core.package_identification:_identify(.) by extensions ['ros']
[0.227s] Level 1:colcon.colcon_core.package_identification:_identify(.) by extension 'ros'
[0.235s] Level 1:colcon.colcon_core.package_identification:_identify(.) by extensions ['cmake', 'python']
[0.235s] Level 1:colcon.colcon_core.package_identification:_identify(.) by extension 'cmake'
[0.235s] Level 1:colcon.colcon_core.package_identification:_identify(.) by extension 'python'
[0.235s] Level 1:colcon.colcon_core.package_identification:_identify(.) by extensions ['python_setup_py']
[0.235s] Level 1:colcon.colcon_core.package_identification:_identify(.) by extension 'python_setup_py'
[0.235s] Level 1:colcon.colcon_core.package_identification:_identify(build) by extensions ['ignore', 'ignore_ament_install']
[0.235s] Level 1:colcon.colcon_core.package_identification:_identify(build) by extension 'ignore'
[0.235s] Level 1:colcon.colcon_core.package_identification:_identify(build) ignored
[0.235s] Level 1:colcon.colcon_core.package_identification:_identify(install) by extensions ['ignore', 'ignore_ament_install']
[0.235s] Level 1:colcon.colcon_core.package_identification:_identify(install) by extension 'ignore'
[0.235s] Level 1:colcon.colcon_core.package_identification:_identify(install) ignored
[0.235s] Level 1:colcon.colcon_core.package_identification:_identify(log) by extensions ['ignore', 'ignore_ament_install']
[0.235s] Level 1:colcon.colcon_core.package_identification:_identify(log) by extension 'ignore'
[0.235s] Level 1:colcon.colcon_core.package_identification:_identify(log) ignored
[0.235s] Level 1:colcon.colcon_core.package_identification:_identify(src) by extensions ['ignore', 'ignore_ament_install']
[0.235s] Level 1:colcon.colcon_core.package_identification:_identify(src) by extension 'ignore'
[0.235s] Level 1:colcon.colcon_core.package_identification:_identify(src) by extension 'ignore_ament_install'
[0.236s] Level 1:colcon.colcon_core.package_identification:_identify(src) by extensions ['colcon_pkg']
[0.236s] Level 1:colcon.colcon_core.package_identification:_identify(src) by extension 'colcon_pkg'
[0.236s] Level 1:colcon.colcon_core.package_identification:_identify(src) by extensions ['colcon_meta']
[0.236s] Level 1:colcon.colcon_core.package_identification:_identify(src) by extension 'colcon_meta'
[0.236s] Level 1:colcon.colcon_core.package_identification:_identify(src) by extensions ['ros']
[0.236s] Level 1:colcon.colcon_core.package_identification:_identify(src) by extension 'ros'
[0.236s] Level 1:colcon.colcon_core.package_identification:_identify(src) by extensions ['cmake', 'python']
[0.236s] Level 1:colcon.colcon_core.package_identification:_identify(src) by extension 'cmake'
[0.236s] Level 1:colcon.colcon_core.package_identification:_identify(src) by extension 'python'
[0.236s] Level 1:colcon.colcon_core.package_identification:_identify(src) by extensions ['python_setup_py']
[0.236s] Level 1:colcon.colcon_core.package_identification:_identify(src) by extension 'python_setup_py'
[0.236s] Level 1:colcon.colcon_core.package_identification:_identify(src/hw4_1) by extensions ['ignore', 'ignore_ament_install']
[0.236s] Level 1:colcon.colcon_core.package_identification:_identify(src/hw4_1) by extension 'ignore'
[0.236s] Level 1:colcon.colcon_core.package_identification:_identify(src/hw4_1) by extension 'ignore_ament_install'
[0.236s] Level 1:colcon.colcon_core.package_identification:_identify(src/hw4_1) by extensions ['colcon_pkg']
[0.236s] Level 1:colcon.colcon_core.package_identification:_identify(src/hw4_1) by extension 'colcon_pkg'
[0.236s] Level 1:colcon.colcon_core.package_identification:_identify(src/hw4_1) by extensions ['colcon_meta']
[0.236s] Level 1:colcon.colcon_core.package_identification:_identify(src/hw4_1) by extension 'colcon_meta'
[0.236s] Level 1:colcon.colcon_core.package_identification:_identify(src/hw4_1) by extensions ['ros']
[0.236s] Level 1:colcon.colcon_core.package_identification:_identify(src/hw4_1) by extension 'ros'
[0.237s] DEBUG:colcon.colcon_core.package_identification:Package 'src/hw4_1' with type 'ros.ament_python' and name 'hw4_1'
[0.238s] Level 1:colcon.colcon_core.package_identification:_identify(src/hw4_2) by extensions ['ignore', 'ignore_ament_install']
[0.238s] Level 1:colcon.colcon_core.package_identification:_identify(src/hw4_2) by extension 'ignore'
[0.238s] Level 1:colcon.colcon_core.package_identification:_identify(src/hw4_2) by extension 'ignore_ament_install'
[0.238s] Level 1:colcon.colcon_core.package_identification:_identify(src/hw4_2) by extensions ['colcon_pkg']
[0.238s] Level 1:colcon.colcon_core.package_identification:_identify(src/hw4_2) by extension 'colcon_pkg'
[0.238s] Level 1:colcon.colcon_core.package_identification:_identify(src/hw4_2) by extensions ['colcon_meta']
[0.238s] Level 1:colcon.colcon_core.package_identification:_identify(src/hw4_2) by extension 'colcon_meta'
[0.238s] Level 1:colcon.colcon_core.package_identification:_identify(src/hw4_2) by extensions ['ros']
[0.238s] Level 1:colcon.colcon_core.package_identification:_identify(src/hw4_2) by extension 'ros'
[0.238s] DEBUG:colcon.colcon_core.package_identification:Package 'src/hw4_2' with type 'ros.ament_python' and name 'hw4_2'
[0.238s] Level 1:colcon.colcon_core.package_identification:_identify(src/hw4_3) by extensions ['ignore', 'ignore_ament_install']
[0.238s] Level 1:colcon.colcon_core.package_identification:_identify(src/hw4_3) by extension 'ignore'
[0.238s] Level 1:colcon.colcon_core.package_identification:_identify(src/hw4_3) by extension 'ignore_ament_install'
[0.238s] Level 1:colcon.colcon_core.package_identification:_identify(src/hw4_3) by extensions ['colcon_pkg']
[0.238s] Level 1:colcon.colcon_core.package_identification:_identify(src/hw4_3) by extension 'colcon_pkg'
[0.238s] Level 1:colcon.colcon_core.package_identification:_identify(src/hw4_3) by extensions ['colcon_meta']
[0.238s] Level 1:colcon.colcon_core.package_identification:_identify(src/hw4_3) by extension 'colcon_meta'
[0.238s] Level 1:colcon.colcon_core.package_identification:_identify(src/hw4_3) by extensions ['ros']
[0.238s] Level 1:colcon.colcon_core.package_identification:_identify(src/hw4_3) by extension 'ros'
[0.238s] DEBUG:colcon.colcon_core.package_identification:Package 'src/hw4_3' with type 'ros.ament_python' and name 'hw4_3'
[0.238s] Level 1:colcon.colcon_core.package_identification:_identify(src/hw4_interface) by extensions ['ignore', 'ignore_ament_install']
[0.239s] Level 1:colcon.colcon_core.package_identification:_identify(src/hw4_interface) by extension 'ignore'
[0.239s] Level 1:colcon.colcon_core.package_identification:_identify(src/hw4_interface) by extension 'ignore_ament_install'
[0.239s] Level 1:colcon.colcon_core.package_identification:_identify(src/hw4_interface) by extensions ['colcon_pkg']
[0.239s] Level 1:colcon.colcon_core.package_identification:_identify(src/hw4_interface) by extension 'colcon_pkg'
[0.239s] Level 1:colcon.colcon_core.package_identification:_identify(src/hw4_interface) by extensions ['colcon_meta']
[0.239s] Level 1:colcon.colcon_core.package_identification:_identify(src/hw4_interface) by extension 'colcon_meta'
[0.239s] Level 1:colcon.colcon_core.package_identification:_identify(src/hw4_interface) by extensions ['ros']
[0.239s] Level 1:colcon.colcon_core.package_identification:_identify(src/hw4_interface) by extension 'ros'
[0.239s] DEBUG:colcon.colcon_core.package_identification:Found ROS schema reference in package manifest in 'src/hw4_interface'
[0.239s] WARNING:colcon.colcon_core.package_identification:Failed to parse ROS package manifest in 'src/hw4_interface': Error(s) in package 'src/hw4_interface/package.xml':
Invalid email "=" for person "ubuntu"
[0.239s] Level 1:colcon.colcon_core.package_identification:_identify(src/hw4_interface) by extensions ['cmake', 'python']
[0.239s] Level 1:colcon.colcon_core.package_identification:_identify(src/hw4_interface) by extension 'cmake'
[0.240s] Level 1:colcon.colcon_core.package_identification:_identify(src/hw4_interface) by extension 'python'
[0.240s] DEBUG:colcon.colcon_core.package_identification:Package 'src/hw4_interface' with type 'cmake' and name 'hw4_interface'
[0.240s] Level 1:colcon.colcon_core.package_discovery:discover_packages(recursive) using defaults
[0.240s] Level 1:colcon.colcon_core.package_discovery:discover_packages(ignore) discover
[0.240s] Level 1:colcon.colcon_core.package_discovery:discover_packages(ignore) using defaults
[0.240s] Level 1:colcon.colcon_core.package_discovery:discover_packages(path) discover
[0.240s] Level 1:colcon.colcon_core.package_discovery:discover_packages(path) using defaults
[0.268s] Level 1:colcon.colcon_core.package_discovery:discover_packages(prefix_path) check parameters
[0.268s] Level 1:colcon.colcon_core.package_discovery:discover_packages(prefix_path) discover
[0.270s] DEBUG:colcon.colcon_installed_package_information.package_discovery:Found 3 installed packages in /home/ubuntu/ENAE450/ENAE450_ws/install
[0.276s] DEBUG:colcon.colcon_installed_package_information.package_discovery:Found 181 installed packages in /opt/ros/humble
[0.277s] Level 1:colcon.colcon_core.package_discovery:discover_packages(prefix_path) using defaults
[0.320s] Level 5:colcon.colcon_core.verb:set package 'hw4_1' build argument 'cmake_args' from command line to 'None'
[0.320s] Level 5:colcon.colcon_core.verb:set package 'hw4_1' build argument 'cmake_target' from command line to 'None'
[0.320s] Level 5:colcon.colcon_core.verb:set package 'hw4_1' build argument 'cmake_target_skip_unavailable' from command line to 'False'
[0.320s] Level 5:colcon.colcon_core.verb:set package 'hw4_1' build argument 'cmake_clean_cache' from command line to 'False'
[0.320s] Level 5:colcon.colcon_core.verb:set package 'hw4_1' build argument 'cmake_clean_first' from command line to 'False'
[0.320s] Level 5:colcon.colcon_core.verb:set package 'hw4_1' build argument 'cmake_force_configure' from command line to 'False'
[0.320s] Level 5:colcon.colcon_core.verb:set package 'hw4_1' build argument 'ament_cmake_args' from command line to 'None'
[0.320s] Level 5:colcon.colcon_core.verb:set package 'hw4_1' build argument 'catkin_cmake_args' from command line to 'None'
[0.320s] Level 5:colcon.colcon_core.verb:set package 'hw4_1' build argument 'catkin_skip_building_tests' from command line to 'False'
[0.320s] DEBUG:colcon.colcon_core.verb:Building package 'hw4_1' with the following arguments: {'ament_cmake_args': None, 'build_base': '/home/ubuntu/ENAE450/ENAE450_ws/build/hw4_1', 'catkin_cmake_args': None, 'catkin_skip_building_tests': False, 'cmake_args': None, 'cmake_clean_cache': False, 'cmake_clean_first': False, 'cmake_force_configure': False, 'cmake_target': None, 'cmake_target_skip_unavailable': False, 'install_base': '/home/ubuntu/ENAE450/ENAE450_ws/install/hw4_1', 'merge_install': False, 'path': '/home/ubuntu/ENAE450/ENAE450_ws/src/hw4_1', 'symlink_install': True, 'test_result_base': None}
[0.320s] Level 5:colcon.colcon_core.verb:set package 'hw4_2' build argument 'cmake_args' from command line to 'None'
[0.320s] Level 5:colcon.colcon_core.verb:set package 'hw4_2' build argument 'cmake_target' from command line to 'None'
[0.320s] Level 5:colcon.colcon_core.verb:set package 'hw4_2' build argument 'cmake_target_skip_unavailable' from command line to 'False'
[0.320s] Level 5:colcon.colcon_core.verb:set package 'hw4_2' build argument 'cmake_clean_cache' from command line to 'False'
[0.320s] Level 5:colcon.colcon_core.verb:set package 'hw4_2' build argument 'cmake_clean_first' from command line to 'False'
[0.320s] Level 5:colcon.colcon_core.verb:set package 'hw4_2' build argument 'cmake_force_configure' from command line to 'False'
[0.320s] Level 5:colcon.colcon_core.verb:set package 'hw4_2' build argument 'ament_cmake_args' from command line to 'None'
[0.320s] Level 5:colcon.colcon_core.verb:set package 'hw4_2' build argument 'catkin_cmake_args' from command line to 'None'
[0.320s] Level 5:colcon.colcon_core.verb:set package 'hw4_2' build argument 'catkin_skip_building_tests' from command line to 'False'
[0.320s] DEBUG:colcon.colcon_core.verb:Building package 'hw4_2' with the following arguments: {'ament_cmake_args': None, 'build_base': '/home/ubuntu/ENAE450/ENAE450_ws/build/hw4_2', 'catkin_cmake_args': None, 'catkin_skip_building_tests': False, 'cmake_args': None, 'cmake_clean_cache': False, 'cmake_clean_first': False, 'cmake_force_configure': False, 'cmake_target': None, 'cmake_target_skip_unavailable': False, 'install_base': '/home/ubuntu/ENAE450/ENAE450_ws/install/hw4_2', 'merge_install': False, 'path': '/home/ubuntu/ENAE450/ENAE450_ws/src/hw4_2', 'symlink_install': True, 'test_result_base': None}
[0.320s] Level 5:colcon.colcon_core.verb:set package 'hw4_3' build argument 'cmake_args' from command line to 'None'
[0.320s] Level 5:colcon.colcon_core.verb:set package 'hw4_3' build argument 'cmake_target' from command line to 'None'
[0.320s] Level 5:colcon.colcon_core.verb:set package 'hw4_3' build argument 'cmake_target_skip_unavailable' from command line to 'False'
[0.320s] Level 5:colcon.colcon_core.verb:set package 'hw4_3' build argument 'cmake_clean_cache' from command line to 'False'
[0.320s] Level 5:colcon.colcon_core.verb:set package 'hw4_3' build argument 'cmake_clean_first' from command line to 'False'
[0.320s] Level 5:colcon.colcon_core.verb:set package 'hw4_3' build argument 'cmake_force_configure' from command line to 'False'
[0.320s] Level 5:colcon.colcon_core.verb:set package 'hw4_3' build argument 'ament_cmake_args' from command line to 'None'
[0.320s] Level 5:colcon.colcon_core.verb:set package 'hw4_3' build argument 'catkin_cmake_args' from command line to 'None'
[0.320s] Level 5:colcon.colcon_core.verb:set package 'hw4_3' build argument 'catkin_skip_building_tests' from command line to 'False'
[0.320s] DEBUG:colcon.colcon_core.verb:Building package 'hw4_3' with the following arguments: {'ament_cmake_args': None, 'build_base': '/home/ubuntu/ENAE450/ENAE450_ws/build/hw4_3', 'catkin_cmake_args': None, 'catkin_skip_building_tests': False, 'cmake_args': None, 'cmake_clean_cache': False, 'cmake_clean_first': False, 'cmake_force_configure': False, 'cmake_target': None, 'cmake_target_skip_unavailable': False, 'install_base': '/home/ubuntu/ENAE450/ENAE450_ws/install/hw4_3', 'merge_install': False, 'path': '/home/ubuntu/ENAE450/ENAE450_ws/src/hw4_3', 'symlink_install': True, 'test_result_base': None}
[0.321s] Level 5:colcon.colcon_core.verb:set package 'hw4_interface' build argument 'cmake_args' from command line to 'None'
[0.321s] Level 5:colcon.colcon_core.verb:set package 'hw4_interface' build argument 'cmake_target' from command line to 'None'
[0.321s] Level 5:colcon.colcon_core.verb:set package 'hw4_interface' build argument 'cmake_target_skip_unavailable' from command line to 'False'
[0.321s] Level 5:colcon.colcon_core.verb:set package 'hw4_interface' build argument 'cmake_clean_cache' from command line to 'False'
[0.321s] Level 5:colcon.colcon_core.verb:set package 'hw4_interface' build argument 'cmake_clean_first' from command line to 'False'
[0.321s] Level 5:colcon.colcon_core.verb:set package 'hw4_interface' build argument 'cmake_force_configure' from command line to 'False'
[0.321s] Level 5:colcon.colcon_core.verb:set package 'hw4_interface' build argument 'ament_cmake_args' from command line to 'None'
[0.321s] Level 5:colcon.colcon_core.verb:set package 'hw4_interface' build argument 'catkin_cmake_args' from command line to 'None'
[0.321s] Level 5:colcon.colcon_core.verb:set package 'hw4_interface' build argument 'catkin_skip_building_tests' from command line to 'False'
[0.321s] DEBUG:colcon.colcon_core.verb:Building package 'hw4_interface' with the following arguments: {'ament_cmake_args': None, 'build_base': '/home/ubuntu/ENAE450/ENAE450_ws/build/hw4_interface', 'catkin_cmake_args': None, 'catkin_skip_building_tests': False, 'cmake_args': None, 'cmake_clean_cache': False, 'cmake_clean_first': False, 'cmake_force_configure': False, 'cmake_target': None, 'cmake_target_skip_unavailable': False, 'install_base': '/home/ubuntu/ENAE450/ENAE450_ws/install/hw4_interface', 'merge_install': False, 'path': '/home/ubuntu/ENAE450/ENAE450_ws/src/hw4_interface', 'symlink_install': True, 'test_result_base': None}
[0.321s] INFO:colcon.colcon_core.executor:Executing jobs using 'parallel' executor
[0.324s] DEBUG:colcon.colcon_parallel_executor.executor.parallel:run_until_complete
[0.324s] INFO:colcon.colcon_ros.task.ament_python.build:Building ROS package in '/home/ubuntu/ENAE450/ENAE450_ws/src/hw4_1' with build type 'ament_python'
[0.324s] Level 1:colcon.colcon_core.shell:create_environment_hook('hw4_1', 'ament_prefix_path')
[0.326s] INFO:colcon.colcon_core.plugin_system:Skipping extension 'colcon_core.shell.bat': Not used on non-Windows systems
[0.327s] INFO:colcon.colcon_core.shell:Creating environment hook '/home/ubuntu/ENAE450/ENAE450_ws/install/hw4_1/share/hw4_1/hook/ament_prefix_path.ps1'
[0.327s] INFO:colcon.colcon_core.shell:Creating environment descriptor '/home/ubuntu/ENAE450/ENAE450_ws/install/hw4_1/share/hw4_1/hook/ament_prefix_path.dsv'
[0.327s] INFO:colcon.colcon_core.shell:Creating environment hook '/home/ubuntu/ENAE450/ENAE450_ws/install/hw4_1/share/hw4_1/hook/ament_prefix_path.sh'
[0.328s] INFO:colcon.colcon_core.shell:Skip shell extension 'powershell' for command environment: Not usable outside of PowerShell
[0.328s] DEBUG:colcon.colcon_core.shell:Skip shell extension 'dsv' for command environment
[0.331s] INFO:colcon.colcon_ros.task.ament_python.build:Building ROS package in '/home/ubuntu/ENAE450/ENAE450_ws/src/hw4_2' with build type 'ament_python'
[0.331s] Level 1:colcon.colcon_core.shell:create_environment_hook('hw4_2', 'ament_prefix_path')
[0.331s] INFO:colcon.colcon_core.shell:Creating environment hook '/home/ubuntu/ENAE450/ENAE450_ws/install/hw4_2/share/hw4_2/hook/ament_prefix_path.ps1'
[0.331s] INFO:colcon.colcon_core.shell:Creating environment descriptor '/home/ubuntu/ENAE450/ENAE450_ws/install/hw4_2/share/hw4_2/hook/ament_prefix_path.dsv'
[0.331s] INFO:colcon.colcon_core.shell:Creating environment hook '/home/ubuntu/ENAE450/ENAE450_ws/install/hw4_2/share/hw4_2/hook/ament_prefix_path.sh'
[0.332s] INFO:colcon.colcon_core.shell:Skip shell extension 'powershell' for command environment: Not usable outside of PowerShell
[0.332s] DEBUG:colcon.colcon_core.shell:Skip shell extension 'dsv' for command environment
[0.334s] INFO:colcon.colcon_ros.task.ament_python.build:Building ROS package in '/home/ubuntu/ENAE450/ENAE450_ws/src/hw4_3' with build type 'ament_python'
[0.334s] Level 1:colcon.colcon_core.shell:create_environment_hook('hw4_3', 'ament_prefix_path')
[0.334s] INFO:colcon.colcon_core.shell:Creating environment hook '/home/ubuntu/ENAE450/ENAE450_ws/install/hw4_3/share/hw4_3/hook/ament_prefix_path.ps1'
[0.335s] INFO:colcon.colcon_core.shell:Creating environment descriptor '/home/ubuntu/ENAE450/ENAE450_ws/install/hw4_3/share/hw4_3/hook/ament_prefix_path.dsv'
[0.335s] INFO:colcon.colcon_core.shell:Creating environment hook '/home/ubuntu/ENAE450/ENAE450_ws/install/hw4_3/share/hw4_3/hook/ament_prefix_path.sh'
[0.336s] INFO:colcon.colcon_core.shell:Skip shell extension 'powershell' for command environment: Not usable outside of PowerShell
[0.336s] DEBUG:colcon.colcon_core.shell:Skip shell extension 'dsv' for command environment
[0.338s] INFO:colcon.colcon_cmake.task.cmake.build:Building CMake package in '/home/ubuntu/ENAE450/ENAE450_ws/src/hw4_interface'
[0.338s] INFO:colcon.colcon_core.shell:Skip shell extension 'powershell' for command environment: Not usable outside of PowerShell
[0.338s] DEBUG:colcon.colcon_core.shell:Skip shell extension 'dsv' for command environment
[0.519s] INFO:colcon.colcon_core.task.python.build:Building Python package in '/home/ubuntu/ENAE450/ENAE450_ws/src/hw4_1'
[0.519s] INFO:colcon.colcon_core.shell:Skip shell extension 'powershell' for command environment: Not usable outside of PowerShell
[0.519s] DEBUG:colcon.colcon_core.shell:Skip shell extension 'dsv' for command environment
[0.688s] INFO:colcon.colcon_core.task.python.build:Building Python package in '/home/ubuntu/ENAE450/ENAE450_ws/src/hw4_2'
[0.688s] INFO:colcon.colcon_core.shell:Skip shell extension 'powershell' for command environment: Not usable outside of PowerShell
[0.688s] DEBUG:colcon.colcon_core.shell:Skip shell extension 'dsv' for command environment
[0.843s] INFO:colcon.colcon_core.task.python.build:Building Python package in '/home/ubuntu/ENAE450/ENAE450_ws/src/hw4_3'
[0.843s] INFO:colcon.colcon_core.shell:Skip shell extension 'powershell' for command environment: Not usable outside of PowerShell
[0.843s] DEBUG:colcon.colcon_core.shell:Skip shell extension 'dsv' for command environment
[0.853s] DEBUG:colcon.colcon_core.event_handler.log_command:Invoking command in '/home/ubuntu/ENAE450/ENAE450_ws/build/hw4_interface': /usr/bin/cmake /home/ubuntu/ENAE450/ENAE450_ws/src/hw4_interface -DCMAKE_INSTALL_PREFIX=/home/ubuntu/ENAE450/ENAE450_ws/install/hw4_interface
[1.104s] DEBUG:colcon.colcon_core.event_handler.log_command:Invoking command in '/home/ubuntu/ENAE450/ENAE450_ws/build/hw4_3': PYTHONPATH=/home/ubuntu/ENAE450/ENAE450_ws/build/hw4_3/prefix_override:/home/ubuntu/ENAE450/ENAE450_ws/install/hw4_3/lib/python3.10/site-packages:${PYTHONPATH} /usr/bin/python3 -W ignore:setup.py install is deprecated setup.py develop --editable --build-directory /home/ubuntu/ENAE450/ENAE450_ws/build/hw4_3/build --no-deps symlink_data
[1.107s] DEBUG:colcon.colcon_core.event_handler.log_command:Invoking command in '/home/ubuntu/ENAE450/ENAE450_ws/build/hw4_1': PYTHONPATH=/home/ubuntu/ENAE450/ENAE450_ws/build/hw4_1/prefix_override:/home/ubuntu/ENAE450/ENAE450_ws/install/hw4_1/lib/python3.10/site-packages:${PYTHONPATH} /usr/bin/python3 -W ignore:setup.py install is deprecated setup.py develop --editable --build-directory /home/ubuntu/ENAE450/ENAE450_ws/build/hw4_1/build --no-deps symlink_data
[1.108s] DEBUG:colcon.colcon_core.event_handler.log_command:Invoking command in '/home/ubuntu/ENAE450/ENAE450_ws/build/hw4_2': PYTHONPATH=/home/ubuntu/ENAE450/ENAE450_ws/build/hw4_2/prefix_override:/home/ubuntu/ENAE450/ENAE450_ws/install/hw4_2/lib/python3.10/site-packages:${PYTHONPATH} /usr/bin/python3 -W ignore:setup.py install is deprecated setup.py develop --editable --build-directory /home/ubuntu/ENAE450/ENAE450_ws/build/hw4_2/build --no-deps symlink_data
[1.524s] Level 1:colcon.colcon_core.shell:create_environment_hook('hw4_3', 'pythonpath_develop')
[1.524s] INFO:colcon.colcon_core.shell:Creating environment hook '/home/ubuntu/ENAE450/ENAE450_ws/build/hw4_3/share/hw4_3/hook/pythonpath_develop.ps1'
[1.525s] DEBUG:colcon.colcon_core.event_handler.log_command:Invoked command in '/home/ubuntu/ENAE450/ENAE450_ws/build/hw4_3' returned '0': PYTHONPATH=/home/ubuntu/ENAE450/ENAE450_ws/build/hw4_3/prefix_override:/home/ubuntu/ENAE450/ENAE450_ws/install/hw4_3/lib/python3.10/site-packages:${PYTHONPATH} /usr/bin/python3 -W ignore:setup.py install is deprecated setup.py develop --editable --build-directory /home/ubuntu/ENAE450/ENAE450_ws/build/hw4_3/build --no-deps symlink_data
[1.525s] INFO:colcon.colcon_core.shell:Creating environment descriptor '/home/ubuntu/ENAE450/ENAE450_ws/build/hw4_3/share/hw4_3/hook/pythonpath_develop.dsv'
[1.525s] INFO:colcon.colcon_core.shell:Creating environment hook '/home/ubuntu/ENAE450/ENAE450_ws/build/hw4_3/share/hw4_3/hook/pythonpath_develop.sh'
[1.528s] Level 1:colcon.colcon_core.environment:checking '/home/ubuntu/ENAE450/ENAE450_ws/install/hw4_3' for CMake module files
[1.528s] Level 1:colcon.colcon_core.environment:checking '/home/ubuntu/ENAE450/ENAE450_ws/install/hw4_3' for CMake config files
[1.529s] Level 1:colcon.colcon_core.environment:checking '/home/ubuntu/ENAE450/ENAE450_ws/install/hw4_3/lib'
[1.529s] Level 1:colcon.colcon_core.environment:checking '/home/ubuntu/ENAE450/ENAE450_ws/install/hw4_3/bin'
[1.529s] Level 1:colcon.colcon_core.environment:checking '/home/ubuntu/ENAE450/ENAE450_ws/install/hw4_3/lib/pkgconfig/hw4_3.pc'
[1.529s] Level 1:colcon.colcon_core.environment:checking '/home/ubuntu/ENAE450/ENAE450_ws/install/hw4_3/lib/python3.10/site-packages'
[1.529s] Level 1:colcon.colcon_core.shell:create_environment_hook('hw4_3', 'pythonpath')
[1.529s] INFO:colcon.colcon_core.shell:Creating environment hook '/home/ubuntu/ENAE450/ENAE450_ws/install/hw4_3/share/hw4_3/hook/pythonpath.ps1'
[1.529s] INFO:colcon.colcon_core.shell:Creating environment descriptor '/home/ubuntu/ENAE450/ENAE450_ws/install/hw4_3/share/hw4_3/hook/pythonpath.dsv'
[1.529s] INFO:colcon.colcon_core.shell:Creating environment hook '/home/ubuntu/ENAE450/ENAE450_ws/install/hw4_3/share/hw4_3/hook/pythonpath.sh'
[1.530s] Level 1:colcon.colcon_core.environment:checking '/home/ubuntu/ENAE450/ENAE450_ws/install/hw4_3/bin'
[1.530s] Level 1:colcon.colcon_core.environment:create_environment_scripts_only(hw4_3)
[1.530s] INFO:colcon.colcon_core.shell:Creating package script '/home/ubuntu/ENAE450/ENAE450_ws/install/hw4_3/share/hw4_3/package.ps1'
[1.530s] INFO:colcon.colcon_core.shell:Creating package descriptor '/home/ubuntu/ENAE450/ENAE450_ws/install/hw4_3/share/hw4_3/package.dsv'
[1.530s] INFO:colcon.colcon_core.shell:Creating package script '/home/ubuntu/ENAE450/ENAE450_ws/install/hw4_3/share/hw4_3/package.sh'
[1.531s] INFO:colcon.colcon_core.shell:Creating package script '/home/ubuntu/ENAE450/ENAE450_ws/install/hw4_3/share/hw4_3/package.bash'
[1.531s] INFO:colcon.colcon_core.shell:Creating package script '/home/ubuntu/ENAE450/ENAE450_ws/install/hw4_3/share/hw4_3/package.zsh'
[1.532s] Level 1:colcon.colcon_core.environment:create_file_with_runtime_dependencies(/home/ubuntu/ENAE450/ENAE450_ws/install/hw4_3/share/colcon-core/packages/hw4_3)
[1.534s] Level 1:colcon.colcon_core.shell:create_environment_hook('hw4_2', 'pythonpath_develop')
[1.534s] INFO:colcon.colcon_core.shell:Creating environment hook '/home/ubuntu/ENAE450/ENAE450_ws/build/hw4_2/share/hw4_2/hook/pythonpath_develop.ps1'
[1.535s] DEBUG:colcon.colcon_core.event_handler.log_command:Invoked command in '/home/ubuntu/ENAE450/ENAE450_ws/build/hw4_2' returned '0': PYTHONPATH=/home/ubuntu/ENAE450/ENAE450_ws/build/hw4_2/prefix_override:/home/ubuntu/ENAE450/ENAE450_ws/install/hw4_2/lib/python3.10/site-packages:${PYTHONPATH} /usr/bin/python3 -W ignore:setup.py install is deprecated setup.py develop --editable --build-directory /home/ubuntu/ENAE450/ENAE450_ws/build/hw4_2/build --no-deps symlink_data
[1.536s] INFO:colcon.colcon_core.shell:Creating environment descriptor '/home/ubuntu/ENAE450/ENAE450_ws/build/hw4_2/share/hw4_2/hook/pythonpath_develop.dsv'
[1.536s] INFO:colcon.colcon_core.shell:Creating environment hook '/home/ubuntu/ENAE450/ENAE450_ws/build/hw4_2/share/hw4_2/hook/pythonpath_develop.sh'
[1.536s] Level 1:colcon.colcon_core.environment:checking '/home/ubuntu/ENAE450/ENAE450_ws/install/hw4_2' for CMake module files
[1.536s] Level 1:colcon.colcon_core.environment:checking '/home/ubuntu/ENAE450/ENAE450_ws/install/hw4_2' for CMake config files
[1.537s] Level 1:colcon.colcon_core.environment:checking '/home/ubuntu/ENAE450/ENAE450_ws/install/hw4_2/lib'
[1.537s] Level 1:colcon.colcon_core.environment:checking '/home/ubuntu/ENAE450/ENAE450_ws/install/hw4_2/bin'
[1.537s] Level 1:colcon.colcon_core.environment:checking '/home/ubuntu/ENAE450/ENAE450_ws/install/hw4_2/lib/pkgconfig/hw4_2.pc'
[1.537s] Level 1:colcon.colcon_core.environment:checking '/home/ubuntu/ENAE450/ENAE450_ws/install/hw4_2/lib/python3.10/site-packages'
[1.537s] Level 1:colcon.colcon_core.shell:create_environment_hook('hw4_2', 'pythonpath')
[1.537s] INFO:colcon.colcon_core.shell:Creating environment hook '/home/ubuntu/ENAE450/ENAE450_ws/install/hw4_2/share/hw4_2/hook/pythonpath.ps1'
[1.537s] INFO:colcon.colcon_core.shell:Creating environment descriptor '/home/ubuntu/ENAE450/ENAE450_ws/install/hw4_2/share/hw4_2/hook/pythonpath.dsv'
[1.537s] INFO:colcon.colcon_core.shell:Creating environment hook '/home/ubuntu/ENAE450/ENAE450_ws/install/hw4_2/share/hw4_2/hook/pythonpath.sh'
[1.537s] Level 1:colcon.colcon_core.environment:checking '/home/ubuntu/ENAE450/ENAE450_ws/install/hw4_2/bin'
[1.537s] Level 1:colcon.colcon_core.environment:create_environment_scripts_only(hw4_2)
[1.538s] INFO:colcon.colcon_core.shell:Creating package script '/home/ubuntu/ENAE450/ENAE450_ws/install/hw4_2/share/hw4_2/package.ps1'
[1.538s] INFO:colcon.colcon_core.shell:Creating package descriptor '/home/ubuntu/ENAE450/ENAE450_ws/install/hw4_2/share/hw4_2/package.dsv'
[1.538s] INFO:colcon.colcon_core.shell:Creating package script '/home/ubuntu/ENAE450/ENAE450_ws/install/hw4_2/share/hw4_2/package.sh'
[1.538s] INFO:colcon.colcon_core.shell:Creating package script '/home/ubuntu/ENAE450/ENAE450_ws/install/hw4_2/share/hw4_2/package.bash'
[1.538s] INFO:colcon.colcon_core.shell:Creating package script '/home/ubuntu/ENAE450/ENAE450_ws/install/hw4_2/share/hw4_2/package.zsh'
[1.538s] Level 1:colcon.colcon_core.environment:create_file_with_runtime_dependencies(/home/ubuntu/ENAE450/ENAE450_ws/install/hw4_2/share/colcon-core/packages/hw4_2)
[1.539s] Level 1:colcon.colcon_core.shell:create_environment_hook('hw4_1', 'pythonpath_develop')
[1.539s] INFO:colcon.colcon_core.shell:Creating environment hook '/home/ubuntu/ENAE450/ENAE450_ws/build/hw4_1/share/hw4_1/hook/pythonpath_develop.ps1'
[1.539s] DEBUG:colcon.colcon_core.event_handler.log_command:Invoked command in '/home/ubuntu/ENAE450/ENAE450_ws/build/hw4_1' returned '0': PYTHONPATH=/home/ubuntu/ENAE450/ENAE450_ws/build/hw4_1/prefix_override:/home/ubuntu/ENAE450/ENAE450_ws/install/hw4_1/lib/python3.10/site-packages:${PYTHONPATH} /usr/bin/python3 -W ignore:setup.py install is deprecated setup.py develop --editable --build-directory /home/ubuntu/ENAE450/ENAE450_ws/build/hw4_1/build --no-deps symlink_data
[1.540s] INFO:colcon.colcon_core.shell:Creating environment descriptor '/home/ubuntu/ENAE450/ENAE450_ws/build/hw4_1/share/hw4_1/hook/pythonpath_develop.dsv'
[1.540s] INFO:colcon.colcon_core.shell:Creating environment hook '/home/ubuntu/ENAE450/ENAE450_ws/build/hw4_1/share/hw4_1/hook/pythonpath_develop.sh'
[1.540s] Level 1:colcon.colcon_core.environment:checking '/home/ubuntu/ENAE450/ENAE450_ws/install/hw4_1' for CMake module files
[1.541s] Level 1:colcon.colcon_core.environment:checking '/home/ubuntu/ENAE450/ENAE450_ws/install/hw4_1' for CMake config files
[1.541s] Level 1:colcon.colcon_core.environment:checking '/home/ubuntu/ENAE450/ENAE450_ws/install/hw4_1/lib'
[1.541s] Level 1:colcon.colcon_core.environment:checking '/home/ubuntu/ENAE450/ENAE450_ws/install/hw4_1/bin'
[1.541s] Level 1:colcon.colcon_core.environment:checking '/home/ubuntu/ENAE450/ENAE450_ws/install/hw4_1/lib/pkgconfig/hw4_1.pc'
[1.541s] Level 1:colcon.colcon_core.environment:checking '/home/ubuntu/ENAE450/ENAE450_ws/install/hw4_1/lib/python3.10/site-packages'
[1.541s] Level 1:colcon.colcon_core.shell:create_environment_hook('hw4_1', 'pythonpath')
[1.541s] INFO:colcon.colcon_core.shell:Creating environment hook '/home/ubuntu/ENAE450/ENAE450_ws/install/hw4_1/share/hw4_1/hook/pythonpath.ps1'
[1.541s] INFO:colcon.colcon_core.shell:Creating environment descriptor '/home/ubuntu/ENAE450/ENAE450_ws/install/hw4_1/share/hw4_1/hook/pythonpath.dsv'
[1.542s] INFO:colcon.colcon_core.shell:Creating environment hook '/home/ubuntu/ENAE450/ENAE450_ws/install/hw4_1/share/hw4_1/hook/pythonpath.sh'
[1.542s] Level 1:colcon.colcon_core.environment:checking '/home/ubuntu/ENAE450/ENAE450_ws/install/hw4_1/bin'
[1.542s] Level 1:colcon.colcon_core.environment:create_environment_scripts_only(hw4_1)
[1.542s] INFO:colcon.colcon_core.shell:Creating package script '/home/ubuntu/ENAE450/ENAE450_ws/install/hw4_1/share/hw4_1/package.ps1'
[1.543s] INFO:colcon.colcon_core.shell:Creating package descriptor '/home/ubuntu/ENAE450/ENAE450_ws/install/hw4_1/share/hw4_1/package.dsv'
[1.543s] INFO:colcon.colcon_core.shell:Creating package script '/home/ubuntu/ENAE450/ENAE450_ws/install/hw4_1/share/hw4_1/package.sh'
[1.543s] INFO:colcon.colcon_core.shell:Creating package script '/home/ubuntu/ENAE450/ENAE450_ws/install/hw4_1/share/hw4_1/package.bash'
[1.544s] INFO:colcon.colcon_core.shell:Creating package script '/home/ubuntu/ENAE450/ENAE450_ws/install/hw4_1/share/hw4_1/package.zsh'
[1.544s] Level 1:colcon.colcon_core.environment:create_file_with_runtime_dependencies(/home/ubuntu/ENAE450/ENAE450_ws/install/hw4_1/share/colcon-core/packages/hw4_1)
[2.213s] DEBUG:colcon.colcon_core.event_handler.log_command:Invoked command in '/home/ubuntu/ENAE450/ENAE450_ws/build/hw4_interface' returned '1': /usr/bin/cmake /home/ubuntu/ENAE450/ENAE450_ws/src/hw4_interface -DCMAKE_INSTALL_PREFIX=/home/ubuntu/ENAE450/ENAE450_ws/install/hw4_interface
[2.224s] DEBUG:colcon.colcon_parallel_executor.executor.parallel:closing loop
[2.224s] DEBUG:colcon.colcon_parallel_executor.executor.parallel:loop closed
[2.224s] DEBUG:colcon.colcon_parallel_executor.executor.parallel:run_until_complete finished with '1'
[2.224s] DEBUG:colcon.colcon_core.event_reactor:joining thread
[2.229s] INFO:colcon.colcon_core.plugin_system:Skipping extension 'colcon_notification.desktop_notification.terminal_notifier': Not used on non-Darwin systems
[2.229s] INFO:colcon.colcon_core.plugin_system:Skipping extension 'colcon_notification.desktop_notification.win32': Not used on non-Windows systems
[2.229s] INFO:colcon.colcon_notification.desktop_notification:Sending desktop notification using 'notify2'
[2.248s] DEBUG:colcon.colcon_core.event_reactor:joined thread
[2.248s] INFO:colcon.colcon_core.shell:Creating prefix script '/home/ubuntu/ENAE450/ENAE450_ws/install/local_setup.ps1'
[2.248s] INFO:colcon.colcon_core.shell:Creating prefix util module '/home/ubuntu/ENAE450/ENAE450_ws/install/_local_setup_util_ps1.py'
[2.249s] INFO:colcon.colcon_core.shell:Creating prefix chain script '/home/ubuntu/ENAE450/ENAE450_ws/install/setup.ps1'
[2.250s] INFO:colcon.colcon_core.shell:Creating prefix script '/home/ubuntu/ENAE450/ENAE450_ws/install/local_setup.sh'
[2.250s] INFO:colcon.colcon_core.shell:Creating prefix util module '/home/ubuntu/ENAE450/ENAE450_ws/install/_local_setup_util_sh.py'
[2.250s] INFO:colcon.colcon_core.shell:Creating prefix chain script '/home/ubuntu/ENAE450/ENAE450_ws/install/setup.sh'
[2.251s] INFO:colcon.colcon_core.shell:Creating prefix script '/home/ubuntu/ENAE450/ENAE450_ws/install/local_setup.bash'
[2.251s] INFO:colcon.colcon_core.shell:Creating prefix chain script '/home/ubuntu/ENAE450/ENAE450_ws/install/setup.bash'
[2.252s] INFO:colcon.colcon_core.shell:Creating prefix script '/home/ubuntu/ENAE450/ENAE450_ws/install/local_setup.zsh'
[2.252s] INFO:colcon.colcon_core.shell:Creating prefix chain script '/home/ubuntu/ENAE450/ENAE450_ws/install/setup.zsh'
