running egg_info
writing ../../build/hw4_2/hw4_2.egg-info/PKG-INFO
writing dependency_links to ../../build/hw4_2/hw4_2.egg-info/dependency_links.txt
writing entry points to ../../build/hw4_2/hw4_2.egg-info/entry_points.txt
writing requirements to ../../build/hw4_2/hw4_2.egg-info/requires.txt
writing top-level names to ../../build/hw4_2/hw4_2.egg-info/top_level.txt
reading manifest file '../../build/hw4_2/hw4_2.egg-info/SOURCES.txt'
writing manifest file '../../build/hw4_2/hw4_2.egg-info/SOURCES.txt'
running build
running build_py
running install
running install_lib
running install_data
running install_egg_info
removing '/home/ubuntu/ENAE450/ENAE450_ws/install/hw4_2/lib/python3.10/site-packages/hw4_2-0.0.0-py3.10.egg-info' (and everything under it)
Copying ../../build/hw4_2/hw4_2.egg-info to /home/ubuntu/ENAE450/ENAE450_ws/install/hw4_2/lib/python3.10/site-packages/hw4_2-0.0.0-py3.10.egg-info
running install_scripts
Installing draw_graphs script to /home/ubuntu/ENAE450/ENAE450_ws/install/hw4_2/lib/hw4_2
Installing select_graphs script to /home/ubuntu/ENAE450/ENAE450_ws/install/hw4_2/lib/hw4_2
writing list of installed files to '/home/ubuntu/ENAE450/ENAE450_ws/build/hw4_2/install.log'
