[0.517s] Invoking command in '/home/ubuntu/ENAE450/ENAE450_ws/src/hw4_2': PYTHONPATH=/home/ubuntu/ENAE450/ENAE450_ws/build/hw4_2/prefix_override:/home/ubuntu/ENAE450/ENAE450_ws/install/hw4_2/lib/python3.10/site-packages:${PYTHONPATH} /usr/bin/python3 -W ignore:setup.py install is deprecated setup.py egg_info --egg-base ../../build/hw4_2 build --build-base /home/ubuntu/ENAE450/ENAE450_ws/build/hw4_2/build install --record /home/ubuntu/ENAE450/ENAE450_ws/build/hw4_2/install.log --single-version-externally-managed install_data
[0.653s] running egg_info
[0.653s] writing ../../build/hw4_2/hw4_2.egg-info/PKG-INFO
[0.653s] writing dependency_links to ../../build/hw4_2/hw4_2.egg-info/dependency_links.txt
[0.653s] writing entry points to ../../build/hw4_2/hw4_2.egg-info/entry_points.txt
[0.653s] writing requirements to ../../build/hw4_2/hw4_2.egg-info/requires.txt
[0.653s] writing top-level names to ../../build/hw4_2/hw4_2.egg-info/top_level.txt
[0.654s] reading manifest file '../../build/hw4_2/hw4_2.egg-info/SOURCES.txt'
[0.655s] writing manifest file '../../build/hw4_2/hw4_2.egg-info/SOURCES.txt'
[0.655s] running build
[0.655s] running build_py
[0.656s] running install
[0.656s] running install_lib
[0.657s] running install_data
[0.657s] running install_egg_info
[0.658s] removing '/home/ubuntu/ENAE450/ENAE450_ws/install/hw4_2/lib/python3.10/site-packages/hw4_2-0.0.0-py3.10.egg-info' (and everything under it)
[0.658s] Copying ../../build/hw4_2/hw4_2.egg-info to /home/ubuntu/ENAE450/ENAE450_ws/install/hw4_2/lib/python3.10/site-packages/hw4_2-0.0.0-py3.10.egg-info
[0.659s] running install_scripts
[0.670s] Installing draw_graphs script to /home/ubuntu/ENAE450/ENAE450_ws/install/hw4_2/lib/hw4_2
[0.670s] Installing select_graphs script to /home/ubuntu/ENAE450/ENAE450_ws/install/hw4_2/lib/hw4_2
[0.670s] writing list of installed files to '/home/ubuntu/ENAE450/ENAE450_ws/build/hw4_2/install.log'
[0.686s] Invoked command in '/home/ubuntu/ENAE450/ENAE450_ws/src/hw4_2' returned '0': PYTHONPATH=/home/ubuntu/ENAE450/ENAE450_ws/build/hw4_2/prefix_override:/home/ubuntu/ENAE450/ENAE450_ws/install/hw4_2/lib/python3.10/site-packages:${PYTHONPATH} /usr/bin/python3 -W ignore:setup.py install is deprecated setup.py egg_info --egg-base ../../build/hw4_2 build --build-base /home/ubuntu/ENAE450/ENAE450_ws/build/hw4_2/build install --record /home/ubuntu/ENAE450/ENAE450_ws/build/hw4_2/install.log --single-version-externally-managed install_data
