[0.535s] Invoking command in '/home/ubuntu/ENAE450/ENAE450_ws/src/hw4_2': PYTHONPATH=/home/ubuntu/ENAE450/ENAE450_ws/build/hw4_2/prefix_override:/home/ubuntu/ENAE450/ENAE450_ws/install/hw4_2/lib/python3.10/site-packages:${PYTHONPATH} /usr/bin/python3 -W ignore:setup.py install is deprecated setup.py egg_info --egg-base ../../build/hw4_2 build --build-base /home/ubuntu/ENAE450/ENAE450_ws/build/hw4_2/build install --record /home/ubuntu/ENAE450/ENAE450_ws/build/hw4_2/install.log --single-version-externally-managed install_data
[0.684s] running egg_info
[0.685s] creating ../../build/hw4_2/hw4_2.egg-info
[0.685s] writing ../../build/hw4_2/hw4_2.egg-info/PKG-INFO
[0.685s] writing dependency_links to ../../build/hw4_2/hw4_2.egg-info/dependency_links.txt
[0.685s] writing entry points to ../../build/hw4_2/hw4_2.egg-info/entry_points.txt
[0.685s] writing requirements to ../../build/hw4_2/hw4_2.egg-info/requires.txt
[0.685s] writing top-level names to ../../build/hw4_2/hw4_2.egg-info/top_level.txt
[0.685s] writing manifest file '../../build/hw4_2/hw4_2.egg-info/SOURCES.txt'
[0.687s] reading manifest file '../../build/hw4_2/hw4_2.egg-info/SOURCES.txt'
[0.687s] writing manifest file '../../build/hw4_2/hw4_2.egg-info/SOURCES.txt'
[0.687s] running build
[0.687s] running build_py
[0.687s] creating /home/ubuntu/ENAE450/ENAE450_ws/build/hw4_2/build
[0.688s] creating /home/ubuntu/ENAE450/ENAE450_ws/build/hw4_2/build/lib
[0.688s] creating /home/ubuntu/ENAE450/ENAE450_ws/build/hw4_2/build/lib/hw4_2
[0.688s] copying hw4_2/__init__.py -> /home/ubuntu/ENAE450/ENAE450_ws/build/hw4_2/build/lib/hw4_2
[0.688s] running install
[0.688s] running install_lib
[0.688s] creating /home/ubuntu/ENAE450/ENAE450_ws/install/hw4_2/lib/python3.10/site-packages/hw4_2
[0.688s] copying /home/ubuntu/ENAE450/ENAE450_ws/build/hw4_2/build/lib/hw4_2/__init__.py -> /home/ubuntu/ENAE450/ENAE450_ws/install/hw4_2/lib/python3.10/site-packages/hw4_2
[0.689s] byte-compiling /home/ubuntu/ENAE450/ENAE450_ws/install/hw4_2/lib/python3.10/site-packages/hw4_2/__init__.py to __init__.cpython-310.pyc
[0.689s] running install_data
[0.689s] creating /home/ubuntu/ENAE450/ENAE450_ws/install/hw4_2/share
[0.689s] creating /home/ubuntu/ENAE450/ENAE450_ws/install/hw4_2/share/ament_index
[0.689s] creating /home/ubuntu/ENAE450/ENAE450_ws/install/hw4_2/share/ament_index/resource_index
[0.689s] creating /home/ubuntu/ENAE450/ENAE450_ws/install/hw4_2/share/ament_index/resource_index/packages
[0.690s] copying resource/hw4_2 -> /home/ubuntu/ENAE450/ENAE450_ws/install/hw4_2/share/ament_index/resource_index/packages
[0.690s] creating /home/ubuntu/ENAE450/ENAE450_ws/install/hw4_2/share/hw4_2
[0.690s] copying package.xml -> /home/ubuntu/ENAE450/ENAE450_ws/install/hw4_2/share/hw4_2
[0.690s] running install_egg_info
[0.691s] Copying ../../build/hw4_2/hw4_2.egg-info to /home/ubuntu/ENAE450/ENAE450_ws/install/hw4_2/lib/python3.10/site-packages/hw4_2-0.0.0-py3.10.egg-info
[0.692s] running install_scripts
[0.705s] writing list of installed files to '/home/ubuntu/ENAE450/ENAE450_ws/build/hw4_2/install.log'
[0.724s] Invoked command in '/home/ubuntu/ENAE450/ENAE450_ws/src/hw4_2' returned '0': PYTHONPATH=/home/ubuntu/ENAE450/ENAE450_ws/build/hw4_2/prefix_override:/home/ubuntu/ENAE450/ENAE450_ws/install/hw4_2/lib/python3.10/site-packages:${PYTHONPATH} /usr/bin/python3 -W ignore:setup.py install is deprecated setup.py egg_info --egg-base ../../build/hw4_2 build --build-base /home/ubuntu/ENAE450/ENAE450_ws/build/hw4_2/build install --record /home/ubuntu/ENAE450/ENAE450_ws/build/hw4_2/install.log --single-version-externally-managed install_data
