[0.016s] Invoking command in '/home/ubuntu/ENAE450/ENAE450_ws/build/hw4_interface': CMAKE_PREFIX_PATH=${CMAKE_PREFIX_PATH}:/home/ubuntu/ENAE450/ENAE450_ws/install/hw4_3:/home/ubuntu/ENAE450/ENAE450_ws/install/hw4_2:/home/ubuntu/ENAE450/ENAE450_ws/install/hw4_1:/opt/ros/humble /usr/bin/cmake /home/ubuntu/ENAE450/ENAE450_ws/src/hw4_interface -DCMAKE_INSTALL_PREFIX=/home/ubuntu/ENAE450/ENAE450_ws/install/hw4_interface
[0.035s] -- Found ament_cmake: 1.3.8 (/opt/ros/humble/share/ament_cmake/cmake)
[0.122s] -- Override CMake install command with custom implementation using symlinks instead of copying resources
[0.132s] -- Found rclcpp: 16.0.8 (/opt/ros/humble/share/rclcpp/cmake)
[0.167s] -- Found rosidl_generator_c: 3.1.5 (/opt/ros/humble/share/rosidl_generator_c/cmake)
[0.169s] -- Found rosidl_adapter: 3.1.5 (/opt/ros/humble/share/rosidl_adapter/cmake)
[0.173s] -- Found rosidl_generator_cpp: 3.1.5 (/opt/ros/humble/share/rosidl_generator_cpp/cmake)
[0.181s] -- Using all available rosidl_typesupport_c: rosidl_typesupport_fastrtps_c;rosidl_typesupport_introspection_c
[0.193s] -- Using all available rosidl_typesupport_cpp: rosidl_typesupport_fastrtps_cpp;rosidl_typesupport_introspection_cpp
[0.239s] -- Found rmw_implementation_cmake: 6.1.1 (/opt/ros/humble/share/rmw_implementation_cmake/cmake)
[0.240s] -- Found rmw_fastrtps_cpp: 6.2.6 (/opt/ros/humble/share/rmw_fastrtps_cpp/cmake)
[0.373s] -- Using RMW implementation 'rmw_fastrtps_cpp' as default
[0.499s] -- Found ament_lint_auto: 0.12.10 (/opt/ros/humble/share/ament_lint_auto/cmake)
[0.541s] -- Found rosidl_default_generators: 1.2.0 (/opt/ros/humble/share/rosidl_default_generators/cmake)
[0.676s] -- Found ament_cmake_ros: 0.10.0 (/opt/ros/humble/share/ament_cmake_ros/cmake)
[0.859s] -- Using all available rosidl_typesupport_c: rosidl_typesupport_fastrtps_c;rosidl_typesupport_introspection_c
[0.927s] -- Using all available rosidl_typesupport_cpp: rosidl_typesupport_fastrtps_cpp;rosidl_typesupport_introspection_cpp
[0.939s] -- Found python_cmake_module: 0.10.0 (/opt/ros/humble/share/python_cmake_module/cmake)
[0.952s] -- Using PYTHON_EXECUTABLE: /usr/bin/python3
[0.952s] -- Using PYTHON_INCLUDE_DIRS: /usr/include/python3.10
[0.952s] -- Using PYTHON_LIBRARIES: /usr/lib/aarch64-linux-gnu/libpython3.10.so
[0.965s] -- Added test 'lint_cmake' to check CMake code style
[0.966s] -- Added test 'xmllint' to check XML markup files
[0.970s] -- Configuring done
[0.999s] -- Generating done
[1.002s] -- Build files have been written to: /home/ubuntu/ENAE450/ENAE450_ws/build/hw4_interface
[1.007s] Invoked command in '/home/ubuntu/ENAE450/ENAE450_ws/build/hw4_interface' returned '0': CMAKE_PREFIX_PATH=${CMAKE_PREFIX_PATH}:/home/ubuntu/ENAE450/ENAE450_ws/install/hw4_3:/home/ubuntu/ENAE450/ENAE450_ws/install/hw4_2:/home/ubuntu/ENAE450/ENAE450_ws/install/hw4_1:/opt/ros/humble /usr/bin/cmake /home/ubuntu/ENAE450/ENAE450_ws/src/hw4_interface -DCMAKE_INSTALL_PREFIX=/home/ubuntu/ENAE450/ENAE450_ws/install/hw4_interface
[1.009s] Invoking command in '/home/ubuntu/ENAE450/ENAE450_ws/build/hw4_interface': CMAKE_PREFIX_PATH=${CMAKE_PREFIX_PATH}:/home/ubuntu/ENAE450/ENAE450_ws/install/hw4_3:/home/ubuntu/ENAE450/ENAE450_ws/install/hw4_2:/home/ubuntu/ENAE450/ENAE450_ws/install/hw4_1:/opt/ros/humble /usr/bin/cmake --build /home/ubuntu/ENAE450/ENAE450_ws/build/hw4_interface -- -j6 -l6
[1.036s] [35m[1mConsolidate compiler generated dependencies of target hw4_interface__rosidl_generator_c[0m
[1.044s] [  1%] Built target hw4_interface__cpp
[1.046s] [  1%] Built target ament_cmake_python_symlink_hw4_interface
[1.047s] [ 12%] Built target hw4_interface__rosidl_generator_c
[1.052s] [35m[1mConsolidate compiler generated dependencies of target hw4_interface__rosidl_typesupport_cpp[0m
[1.053s] [35m[1mConsolidate compiler generated dependencies of target hw4_interface__rosidl_typesupport_introspection_cpp[0m
[1.055s] [35m[1mConsolidate compiler generated dependencies of target hw4_interface__rosidl_typesupport_fastrtps_c[0m
[1.055s] [35m[1mConsolidate compiler generated dependencies of target hw4_interface__rosidl_typesupport_fastrtps_cpp[0m
[1.059s] [35m[1mConsolidate compiler generated dependencies of target hw4_interface__rosidl_typesupport_introspection_c[0m
[1.065s] [ 23%] Built target hw4_interface__rosidl_typesupport_cpp
[1.066s] [ 34%] Built target hw4_interface__rosidl_typesupport_introspection_cpp
[1.069s] [ 50%] Built target hw4_interface__rosidl_typesupport_fastrtps_c
[1.069s] [ 56%] Built target hw4_interface__rosidl_typesupport_fastrtps_cpp
[1.071s] [ 67%] Built target hw4_interface__rosidl_typesupport_introspection_c
[1.072s] [35m[1mConsolidate compiler generated dependencies of target hw4_interface__rosidl_typesupport_c[0m
[1.080s] [ 78%] Built target hw4_interface__rosidl_typesupport_c
[1.092s] [ 78%] Built target hw4_interface
[1.104s] [ 80%] Built target hw4_interface__py
[1.111s] [35m[1mConsolidate compiler generated dependencies of target hw4_interface__rosidl_generator_py[0m
[1.120s] [ 89%] Built target hw4_interface__rosidl_generator_py
[1.127s] [35m[1mConsolidate compiler generated dependencies of target hw4_interface__rosidl_typesupport_fastrtps_c__pyext[0m
[1.127s] [35m[1mConsolidate compiler generated dependencies of target hw4_interface__rosidl_typesupport_introspection_c__pyext[0m
[1.127s] [35m[1mConsolidate compiler generated dependencies of target hw4_interface__rosidl_typesupport_c__pyext[0m
[1.136s] [ 92%] Built target hw4_interface__rosidl_typesupport_fastrtps_c__pyext
[1.136s] [ 96%] Built target hw4_interface__rosidl_typesupport_introspection_c__pyext
[1.137s] [100%] Built target hw4_interface__rosidl_typesupport_c__pyext
[1.196s] running egg_info
[1.196s] writing hw4_interface.egg-info/PKG-INFO
[1.197s] writing dependency_links to hw4_interface.egg-info/dependency_links.txt
[1.197s] writing top-level names to hw4_interface.egg-info/top_level.txt
[1.198s] reading manifest file 'hw4_interface.egg-info/SOURCES.txt'
[1.198s] writing manifest file 'hw4_interface.egg-info/SOURCES.txt'
[1.212s] [100%] Built target ament_cmake_python_build_hw4_interface_egg
[1.219s] Invoked command in '/home/ubuntu/ENAE450/ENAE450_ws/build/hw4_interface' returned '0': CMAKE_PREFIX_PATH=${CMAKE_PREFIX_PATH}:/home/ubuntu/ENAE450/ENAE450_ws/install/hw4_3:/home/ubuntu/ENAE450/ENAE450_ws/install/hw4_2:/home/ubuntu/ENAE450/ENAE450_ws/install/hw4_1:/opt/ros/humble /usr/bin/cmake --build /home/ubuntu/ENAE450/ENAE450_ws/build/hw4_interface -- -j6 -l6
[1.298s] Invoking command in '/home/ubuntu/ENAE450/ENAE450_ws/build/hw4_interface': CMAKE_PREFIX_PATH=${CMAKE_PREFIX_PATH}:/home/ubuntu/ENAE450/ENAE450_ws/install/hw4_3:/home/ubuntu/ENAE450/ENAE450_ws/install/hw4_2:/home/ubuntu/ENAE450/ENAE450_ws/install/hw4_1:/opt/ros/humble /usr/bin/cmake --install /home/ubuntu/ENAE450/ENAE450_ws/build/hw4_interface
[1.302s] -- Install configuration: ""
[1.303s] -- Execute custom install script
[1.303s] -- Up-to-date symlink: /home/ubuntu/ENAE450/ENAE450_ws/install/hw4_interface/share/ament_index/resource_index/rosidl_interfaces/hw4_interface
[1.304s] -- Up-to-date symlink: /home/ubuntu/ENAE450/ENAE450_ws/install/hw4_interface/include/hw4_interface/hw4_interface/msg/detail/turtle__functions.h
[1.304s] -- Up-to-date symlink: /home/ubuntu/ENAE450/ENAE450_ws/install/hw4_interface/include/hw4_interface/hw4_interface/msg/detail/turtle__struct.h
[1.304s] -- Up-to-date symlink: /home/ubuntu/ENAE450/ENAE450_ws/install/hw4_interface/include/hw4_interface/hw4_interface/msg/detail/turtle__type_support.h
[1.304s] -- Up-to-date symlink: /home/ubuntu/ENAE450/ENAE450_ws/install/hw4_interface/include/hw4_interface/hw4_interface/msg/detail/turtle_array__functions.h
[1.304s] -- Up-to-date symlink: /home/ubuntu/ENAE450/ENAE450_ws/install/hw4_interface/include/hw4_interface/hw4_interface/msg/detail/turtle_array__struct.h
[1.304s] -- Up-to-date symlink: /home/ubuntu/ENAE450/ENAE450_ws/install/hw4_interface/include/hw4_interface/hw4_interface/msg/detail/turtle_array__type_support.h
[1.304s] -- Up-to-date symlink: /home/ubuntu/ENAE450/ENAE450_ws/install/hw4_interface/include/hw4_interface/hw4_interface/msg/rosidl_generator_c__visibility_control.h
[1.304s] -- Up-to-date symlink: /home/ubuntu/ENAE450/ENAE450_ws/install/hw4_interface/include/hw4_interface/hw4_interface/msg/turtle.h
[1.304s] -- Up-to-date symlink: /home/ubuntu/ENAE450/ENAE450_ws/install/hw4_interface/include/hw4_interface/hw4_interface/msg/turtle_array.h
[1.304s] -- Up-to-date symlink: /home/ubuntu/ENAE450/ENAE450_ws/install/hw4_interface/include/hw4_interface/hw4_interface/srv/catch_turtle.h
[1.305s] -- Up-to-date symlink: /home/ubuntu/ENAE450/ENAE450_ws/install/hw4_interface/include/hw4_interface/hw4_interface/srv/detail/catch_turtle__functions.h
[1.305s] -- Up-to-date symlink: /home/ubuntu/ENAE450/ENAE450_ws/install/hw4_interface/include/hw4_interface/hw4_interface/srv/detail/catch_turtle__struct.h
[1.305s] -- Up-to-date symlink: /home/ubuntu/ENAE450/ENAE450_ws/install/hw4_interface/include/hw4_interface/hw4_interface/srv/detail/catch_turtle__type_support.h
[1.305s] -- Up-to-date symlink: /home/ubuntu/ENAE450/ENAE450_ws/install/hw4_interface/include/hw4_interface/hw4_interface/srv/detail/function_select__functions.h
[1.305s] -- Up-to-date symlink: /home/ubuntu/ENAE450/ENAE450_ws/install/hw4_interface/include/hw4_interface/hw4_interface/srv/detail/function_select__struct.h
[1.305s] -- Up-to-date symlink: /home/ubuntu/ENAE450/ENAE450_ws/install/hw4_interface/include/hw4_interface/hw4_interface/srv/detail/function_select__type_support.h
[1.305s] -- Up-to-date symlink: /home/ubuntu/ENAE450/ENAE450_ws/install/hw4_interface/include/hw4_interface/hw4_interface/srv/function_select.h
[1.305s] -- Up-to-date symlink: /home/ubuntu/ENAE450/ENAE450_ws/install/hw4_interface/share/hw4_interface/environment/library_path.sh
[1.305s] -- Up-to-date symlink: /home/ubuntu/ENAE450/ENAE450_ws/install/hw4_interface/share/hw4_interface/environment/library_path.dsv
[1.306s] -- Up-to-date symlink: /home/ubuntu/ENAE450/ENAE450_ws/install/hw4_interface/include/hw4_interface/hw4_interface/msg/detail/turtle__rosidl_typesupport_fastrtps_c.h
[1.306s] -- Up-to-date symlink: /home/ubuntu/ENAE450/ENAE450_ws/install/hw4_interface/include/hw4_interface/hw4_interface/msg/detail/turtle_array__rosidl_typesupport_fastrtps_c.h
[1.306s] -- Up-to-date symlink: /home/ubuntu/ENAE450/ENAE450_ws/install/hw4_interface/include/hw4_interface/hw4_interface/msg/rosidl_typesupport_fastrtps_c__visibility_control.h
[1.306s] -- Up-to-date symlink: /home/ubuntu/ENAE450/ENAE450_ws/install/hw4_interface/include/hw4_interface/hw4_interface/srv/detail/catch_turtle__rosidl_typesupport_fastrtps_c.h
[1.306s] -- Up-to-date symlink: /home/ubuntu/ENAE450/ENAE450_ws/install/hw4_interface/include/hw4_interface/hw4_interface/srv/detail/function_select__rosidl_typesupport_fastrtps_c.h
[1.306s] -- Up-to-date symlink: /home/ubuntu/ENAE450/ENAE450_ws/install/hw4_interface/include/hw4_interface/hw4_interface/msg/detail/turtle__builder.hpp
[1.306s] -- Up-to-date symlink: /home/ubuntu/ENAE450/ENAE450_ws/install/hw4_interface/include/hw4_interface/hw4_interface/msg/detail/turtle__struct.hpp
[1.306s] -- Up-to-date symlink: /home/ubuntu/ENAE450/ENAE450_ws/install/hw4_interface/include/hw4_interface/hw4_interface/msg/detail/turtle__traits.hpp
[1.307s] -- Up-to-date symlink: /home/ubuntu/ENAE450/ENAE450_ws/install/hw4_interface/include/hw4_interface/hw4_interface/msg/detail/turtle_array__builder.hpp
[1.307s] -- Up-to-date symlink: /home/ubuntu/ENAE450/ENAE450_ws/install/hw4_interface/include/hw4_interface/hw4_interface/msg/detail/turtle_array__struct.hpp
[1.307s] -- Up-to-date symlink: /home/ubuntu/ENAE450/ENAE450_ws/install/hw4_interface/include/hw4_interface/hw4_interface/msg/detail/turtle_array__traits.hpp
[1.307s] -- Up-to-date symlink: /home/ubuntu/ENAE450/ENAE450_ws/install/hw4_interface/include/hw4_interface/hw4_interface/msg/turtle.hpp
[1.307s] -- Up-to-date symlink: /home/ubuntu/ENAE450/ENAE450_ws/install/hw4_interface/include/hw4_interface/hw4_interface/msg/turtle_array.hpp
[1.307s] -- Up-to-date symlink: /home/ubuntu/ENAE450/ENAE450_ws/install/hw4_interface/include/hw4_interface/hw4_interface/srv/catch_turtle.hpp
[1.307s] -- Up-to-date symlink: /home/ubuntu/ENAE450/ENAE450_ws/install/hw4_interface/include/hw4_interface/hw4_interface/srv/detail/catch_turtle__builder.hpp
[1.307s] -- Up-to-date symlink: /home/ubuntu/ENAE450/ENAE450_ws/install/hw4_interface/include/hw4_interface/hw4_interface/srv/detail/catch_turtle__struct.hpp
[1.307s] -- Up-to-date symlink: /home/ubuntu/ENAE450/ENAE450_ws/install/hw4_interface/include/hw4_interface/hw4_interface/srv/detail/catch_turtle__traits.hpp
[1.307s] -- Up-to-date symlink: /home/ubuntu/ENAE450/ENAE450_ws/install/hw4_interface/include/hw4_interface/hw4_interface/srv/detail/function_select__builder.hpp
[1.307s] -- Up-to-date symlink: /home/ubuntu/ENAE450/ENAE450_ws/install/hw4_interface/include/hw4_interface/hw4_interface/srv/detail/function_select__struct.hpp
[1.307s] -- Up-to-date symlink: /home/ubuntu/ENAE450/ENAE450_ws/install/hw4_interface/include/hw4_interface/hw4_interface/srv/detail/function_select__traits.hpp
[1.308s] -- Up-to-date symlink: /home/ubuntu/ENAE450/ENAE450_ws/install/hw4_interface/include/hw4_interface/hw4_interface/srv/function_select.hpp
[1.308s] -- Up-to-date symlink: /home/ubuntu/ENAE450/ENAE450_ws/install/hw4_interface/include/hw4_interface/hw4_interface/msg/detail/turtle__rosidl_typesupport_fastrtps_cpp.hpp
[1.308s] -- Up-to-date symlink: /home/ubuntu/ENAE450/ENAE450_ws/install/hw4_interface/include/hw4_interface/hw4_interface/msg/detail/turtle_array__rosidl_typesupport_fastrtps_cpp.hpp
[1.308s] -- Up-to-date symlink: /home/ubuntu/ENAE450/ENAE450_ws/install/hw4_interface/include/hw4_interface/hw4_interface/msg/rosidl_typesupport_fastrtps_cpp__visibility_control.h
[1.308s] -- Up-to-date symlink: /home/ubuntu/ENAE450/ENAE450_ws/install/hw4_interface/include/hw4_interface/hw4_interface/srv/detail/catch_turtle__rosidl_typesupport_fastrtps_cpp.hpp
[1.308s] -- Up-to-date symlink: /home/ubuntu/ENAE450/ENAE450_ws/install/hw4_interface/include/hw4_interface/hw4_interface/srv/detail/function_select__rosidl_typesupport_fastrtps_cpp.hpp
[1.309s] -- Up-to-date symlink: /home/ubuntu/ENAE450/ENAE450_ws/install/hw4_interface/include/hw4_interface/hw4_interface/msg/detail/turtle__rosidl_typesupport_introspection_c.h
[1.309s] -- Up-to-date symlink: /home/ubuntu/ENAE450/ENAE450_ws/install/hw4_interface/include/hw4_interface/hw4_interface/msg/detail/turtle_array__rosidl_typesupport_introspection_c.h
[1.309s] -- Up-to-date symlink: /home/ubuntu/ENAE450/ENAE450_ws/install/hw4_interface/include/hw4_interface/hw4_interface/msg/rosidl_typesupport_introspection_c__visibility_control.h
[1.309s] -- Up-to-date symlink: /home/ubuntu/ENAE450/ENAE450_ws/install/hw4_interface/include/hw4_interface/hw4_interface/srv/detail/catch_turtle__rosidl_typesupport_introspection_c.h
[1.309s] -- Up-to-date symlink: /home/ubuntu/ENAE450/ENAE450_ws/install/hw4_interface/include/hw4_interface/hw4_interface/srv/detail/function_select__rosidl_typesupport_introspection_c.h
[1.309s] -- Up-to-date symlink: /home/ubuntu/ENAE450/ENAE450_ws/install/hw4_interface/include/hw4_interface/hw4_interface/msg/detail/turtle__rosidl_typesupport_introspection_cpp.hpp
[1.310s] -- Up-to-date symlink: /home/ubuntu/ENAE450/ENAE450_ws/install/hw4_interface/include/hw4_interface/hw4_interface/msg/detail/turtle_array__rosidl_typesupport_introspection_cpp.hpp
[1.310s] -- Up-to-date symlink: /home/ubuntu/ENAE450/ENAE450_ws/install/hw4_interface/include/hw4_interface/hw4_interface/srv/detail/catch_turtle__rosidl_typesupport_introspection_cpp.hpp
[1.310s] -- Up-to-date symlink: /home/ubuntu/ENAE450/ENAE450_ws/install/hw4_interface/include/hw4_interface/hw4_interface/srv/detail/function_select__rosidl_typesupport_introspection_cpp.hpp
[1.310s] -- Up-to-date symlink: /home/ubuntu/ENAE450/ENAE450_ws/install/hw4_interface/share/hw4_interface/environment/pythonpath.sh
[1.310s] -- Up-to-date symlink: /home/ubuntu/ENAE450/ENAE450_ws/install/hw4_interface/share/hw4_interface/environment/pythonpath.dsv
[1.310s] -- Up-to-date symlink: /home/ubuntu/ENAE450/ENAE450_ws/install/hw4_interface/local/lib/python3.10/dist-packages/hw4_interface-0.0.0-py3.10.egg-info/PKG-INFO
[1.310s] -- Up-to-date symlink: /home/ubuntu/ENAE450/ENAE450_ws/install/hw4_interface/local/lib/python3.10/dist-packages/hw4_interface-0.0.0-py3.10.egg-info/SOURCES.txt
[1.310s] -- Up-to-date symlink: /home/ubuntu/ENAE450/ENAE450_ws/install/hw4_interface/local/lib/python3.10/dist-packages/hw4_interface-0.0.0-py3.10.egg-info/dependency_links.txt
[1.311s] -- Up-to-date symlink: /home/ubuntu/ENAE450/ENAE450_ws/install/hw4_interface/local/lib/python3.10/dist-packages/hw4_interface-0.0.0-py3.10.egg-info/top_level.txt
[1.311s] -- Up-to-date symlink: /home/ubuntu/ENAE450/ENAE450_ws/install/hw4_interface/local/lib/python3.10/dist-packages/hw4_interface/__init__.py
[1.311s] -- Up-to-date symlink: /home/ubuntu/ENAE450/ENAE450_ws/install/hw4_interface/local/lib/python3.10/dist-packages/hw4_interface/_hw4_interface_s.ep.rosidl_typesupport_c.c
[1.311s] -- Up-to-date symlink: /home/ubuntu/ENAE450/ENAE450_ws/install/hw4_interface/local/lib/python3.10/dist-packages/hw4_interface/_hw4_interface_s.ep.rosidl_typesupport_fastrtps_c.c
[1.311s] -- Up-to-date symlink: /home/ubuntu/ENAE450/ENAE450_ws/install/hw4_interface/local/lib/python3.10/dist-packages/hw4_interface/_hw4_interface_s.ep.rosidl_typesupport_introspection_c.c
[1.311s] -- Up-to-date symlink: /home/ubuntu/ENAE450/ENAE450_ws/install/hw4_interface/local/lib/python3.10/dist-packages/hw4_interface/hw4_interface_s__rosidl_typesupport_c.cpython-310-aarch64-linux-gnu.so
[1.311s] -- Up-to-date symlink: /home/ubuntu/ENAE450/ENAE450_ws/install/hw4_interface/local/lib/python3.10/dist-packages/hw4_interface/hw4_interface_s__rosidl_typesupport_fastrtps_c.cpython-310-aarch64-linux-gnu.so
[1.311s] -- Up-to-date symlink: /home/ubuntu/ENAE450/ENAE450_ws/install/hw4_interface/local/lib/python3.10/dist-packages/hw4_interface/hw4_interface_s__rosidl_typesupport_introspection_c.cpython-310-aarch64-linux-gnu.so
[1.312s] -- Up-to-date symlink: /home/ubuntu/ENAE450/ENAE450_ws/install/hw4_interface/local/lib/python3.10/dist-packages/hw4_interface/libhw4_interface__rosidl_generator_py.so
[1.312s] -- Up-to-date symlink: /home/ubuntu/ENAE450/ENAE450_ws/install/hw4_interface/local/lib/python3.10/dist-packages/hw4_interface/msg/__init__.py
[1.312s] -- Up-to-date symlink: /home/ubuntu/ENAE450/ENAE450_ws/install/hw4_interface/local/lib/python3.10/dist-packages/hw4_interface/msg/_turtle.py
[1.312s] -- Up-to-date symlink: /home/ubuntu/ENAE450/ENAE450_ws/install/hw4_interface/local/lib/python3.10/dist-packages/hw4_interface/msg/_turtle_array.py
[1.312s] -- Up-to-date symlink: /home/ubuntu/ENAE450/ENAE450_ws/install/hw4_interface/local/lib/python3.10/dist-packages/hw4_interface/msg/_turtle_array_s.c
[1.312s] -- Up-to-date symlink: /home/ubuntu/ENAE450/ENAE450_ws/install/hw4_interface/local/lib/python3.10/dist-packages/hw4_interface/msg/_turtle_s.c
[1.312s] -- Up-to-date symlink: /home/ubuntu/ENAE450/ENAE450_ws/install/hw4_interface/local/lib/python3.10/dist-packages/hw4_interface/srv/__init__.py
[1.314s] -- Up-to-date symlink: /home/ubuntu/ENAE450/ENAE450_ws/install/hw4_interface/local/lib/python3.10/dist-packages/hw4_interface/srv/_catch_turtle.py
[1.314s] -- Up-to-date symlink: /home/ubuntu/ENAE450/ENAE450_ws/install/hw4_interface/local/lib/python3.10/dist-packages/hw4_interface/srv/_catch_turtle_s.c
[1.314s] -- Up-to-date symlink: /home/ubuntu/ENAE450/ENAE450_ws/install/hw4_interface/local/lib/python3.10/dist-packages/hw4_interface/srv/_function_select.py
[1.314s] -- Up-to-date symlink: /home/ubuntu/ENAE450/ENAE450_ws/install/hw4_interface/local/lib/python3.10/dist-packages/hw4_interface/srv/_function_select_s.c
[1.314s] -- Up-to-date symlink: /home/ubuntu/ENAE450/ENAE450_ws/install/hw4_interface/local/lib/python3.10/dist-packages/hw4_interface/hw4_interface_s__rosidl_typesupport_fastrtps_c.cpython-310-aarch64-linux-gnu.so
[1.314s] -- Up-to-date symlink: /home/ubuntu/ENAE450/ENAE450_ws/install/hw4_interface/local/lib/python3.10/dist-packages/hw4_interface/hw4_interface_s__rosidl_typesupport_introspection_c.cpython-310-aarch64-linux-gnu.so
[1.314s] -- Up-to-date symlink: /home/ubuntu/ENAE450/ENAE450_ws/install/hw4_interface/local/lib/python3.10/dist-packages/hw4_interface/hw4_interface_s__rosidl_typesupport_c.cpython-310-aarch64-linux-gnu.so
[1.314s] -- Up-to-date symlink: /home/ubuntu/ENAE450/ENAE450_ws/install/hw4_interface/share/hw4_interface/msg/Turtle.idl
[1.314s] -- Up-to-date symlink: /home/ubuntu/ENAE450/ENAE450_ws/install/hw4_interface/share/hw4_interface/msg/TurtleArray.idl
[1.314s] -- Up-to-date symlink: /home/ubuntu/ENAE450/ENAE450_ws/install/hw4_interface/share/hw4_interface/srv/CatchTurtle.idl
[1.314s] -- Up-to-date symlink: /home/ubuntu/ENAE450/ENAE450_ws/install/hw4_interface/share/hw4_interface/srv/FunctionSelect.idl
[1.315s] -- Up-to-date symlink: /home/ubuntu/ENAE450/ENAE450_ws/install/hw4_interface/share/hw4_interface/msg/Turtle.msg
[1.315s] -- Up-to-date symlink: /home/ubuntu/ENAE450/ENAE450_ws/install/hw4_interface/share/hw4_interface/msg/TurtleArray.msg
[1.315s] -- Up-to-date symlink: /home/ubuntu/ENAE450/ENAE450_ws/install/hw4_interface/share/hw4_interface/srv/CatchTurtle.srv
[1.315s] -- Up-to-date symlink: /home/ubuntu/ENAE450/ENAE450_ws/install/hw4_interface/share/hw4_interface/srv/CatchTurtle_Request.msg
[1.315s] -- Up-to-date symlink: /home/ubuntu/ENAE450/ENAE450_ws/install/hw4_interface/share/hw4_interface/srv/CatchTurtle_Response.msg
[1.315s] -- Up-to-date symlink: /home/ubuntu/ENAE450/ENAE450_ws/install/hw4_interface/share/hw4_interface/srv/FunctionSelect.srv
[1.315s] -- Up-to-date symlink: /home/ubuntu/ENAE450/ENAE450_ws/install/hw4_interface/share/hw4_interface/srv/FunctionSelect_Request.msg
[1.315s] -- Up-to-date symlink: /home/ubuntu/ENAE450/ENAE450_ws/install/hw4_interface/share/hw4_interface/srv/FunctionSelect_Response.msg
[1.315s] -- Up-to-date symlink: /home/ubuntu/ENAE450/ENAE450_ws/install/hw4_interface/share/ament_index/resource_index/package_run_dependencies/hw4_interface
[1.315s] -- Up-to-date symlink: /home/ubuntu/ENAE450/ENAE450_ws/install/hw4_interface/share/ament_index/resource_index/parent_prefix_path/hw4_interface
[1.316s] -- Up-to-date symlink: /home/ubuntu/ENAE450/ENAE450_ws/install/hw4_interface/share/hw4_interface/environment/ament_prefix_path.sh
[1.316s] -- Up-to-date symlink: /home/ubuntu/ENAE450/ENAE450_ws/install/hw4_interface/share/hw4_interface/environment/ament_prefix_path.dsv
[1.316s] -- Up-to-date symlink: /home/ubuntu/ENAE450/ENAE450_ws/install/hw4_interface/share/hw4_interface/environment/path.sh
[1.316s] -- Up-to-date symlink: /home/ubuntu/ENAE450/ENAE450_ws/install/hw4_interface/share/hw4_interface/environment/path.dsv
[1.316s] -- Up-to-date symlink: /home/ubuntu/ENAE450/ENAE450_ws/install/hw4_interface/share/hw4_interface/local_setup.bash
[1.316s] -- Up-to-date symlink: /home/ubuntu/ENAE450/ENAE450_ws/install/hw4_interface/share/hw4_interface/local_setup.sh
[1.317s] -- Up-to-date symlink: /home/ubuntu/ENAE450/ENAE450_ws/install/hw4_interface/share/hw4_interface/local_setup.zsh
[1.317s] -- Up-to-date symlink: /home/ubuntu/ENAE450/ENAE450_ws/install/hw4_interface/share/hw4_interface/local_setup.dsv
[1.317s] -- Symlinking: /home/ubuntu/ENAE450/ENAE450_ws/install/hw4_interface/share/hw4_interface/package.dsv
[1.321s] -- Up-to-date symlink: /home/ubuntu/ENAE450/ENAE450_ws/install/hw4_interface/share/ament_index/resource_index/packages/hw4_interface
[1.321s] -- Up-to-date symlink: /home/ubuntu/ENAE450/ENAE450_ws/install/hw4_interface/share/hw4_interface/cmake/rosidl_cmake-extras.cmake
[1.321s] -- Up-to-date symlink: /home/ubuntu/ENAE450/ENAE450_ws/install/hw4_interface/share/hw4_interface/cmake/ament_cmake_export_include_directories-extras.cmake
[1.321s] -- Up-to-date symlink: /home/ubuntu/ENAE450/ENAE450_ws/install/hw4_interface/share/hw4_interface/cmake/ament_cmake_export_libraries-extras.cmake
[1.321s] -- Up-to-date symlink: /home/ubuntu/ENAE450/ENAE450_ws/install/hw4_interface/share/hw4_interface/cmake/ament_cmake_export_targets-extras.cmake
[1.322s] -- Up-to-date symlink: /home/ubuntu/ENAE450/ENAE450_ws/install/hw4_interface/share/hw4_interface/cmake/rosidl_cmake_export_typesupport_targets-extras.cmake
[1.322s] -- Up-to-date symlink: /home/ubuntu/ENAE450/ENAE450_ws/install/hw4_interface/share/hw4_interface/cmake/ament_cmake_export_dependencies-extras.cmake
[1.322s] -- Up-to-date symlink: /home/ubuntu/ENAE450/ENAE450_ws/install/hw4_interface/share/hw4_interface/cmake/rosidl_cmake_export_typesupport_libraries-extras.cmake
[1.322s] -- Up-to-date symlink: /home/ubuntu/ENAE450/ENAE450_ws/install/hw4_interface/share/hw4_interface/cmake/hw4_interfaceConfig.cmake
[1.322s] -- Up-to-date symlink: /home/ubuntu/ENAE450/ENAE450_ws/install/hw4_interface/share/hw4_interface/cmake/hw4_interfaceConfig-version.cmake
[1.322s] -- Up-to-date symlink: /home/ubuntu/ENAE450/ENAE450_ws/install/hw4_interface/share/hw4_interface/package.xml
[1.322s] -- Up-to-date: /home/ubuntu/ENAE450/ENAE450_ws/install/hw4_interface/lib/libhw4_interface__rosidl_generator_c.so
[1.322s] -- Up-to-date: /home/ubuntu/ENAE450/ENAE450_ws/install/hw4_interface/lib/libhw4_interface__rosidl_typesupport_fastrtps_c.so
[1.323s] -- Up-to-date: /home/ubuntu/ENAE450/ENAE450_ws/install/hw4_interface/lib/libhw4_interface__rosidl_typesupport_fastrtps_cpp.so
[1.323s] -- Up-to-date: /home/ubuntu/ENAE450/ENAE450_ws/install/hw4_interface/lib/libhw4_interface__rosidl_typesupport_introspection_c.so
[1.323s] -- Up-to-date: /home/ubuntu/ENAE450/ENAE450_ws/install/hw4_interface/lib/libhw4_interface__rosidl_typesupport_c.so
[1.323s] -- Up-to-date: /home/ubuntu/ENAE450/ENAE450_ws/install/hw4_interface/lib/libhw4_interface__rosidl_typesupport_introspection_cpp.so
[1.324s] -- Up-to-date: /home/ubuntu/ENAE450/ENAE450_ws/install/hw4_interface/lib/libhw4_interface__rosidl_typesupport_cpp.so
[1.347s] Listing '/home/ubuntu/ENAE450/ENAE450_ws/install/hw4_interface/local/lib/python3.10/dist-packages/hw4_interface'...
[1.347s] Compiling '/home/ubuntu/ENAE450/ENAE450_ws/install/hw4_interface/local/lib/python3.10/dist-packages/hw4_interface/__init__.py'...
[1.347s] Listing '/home/ubuntu/ENAE450/ENAE450_ws/install/hw4_interface/local/lib/python3.10/dist-packages/hw4_interface/msg'...
[1.347s] Listing '/home/ubuntu/ENAE450/ENAE450_ws/install/hw4_interface/local/lib/python3.10/dist-packages/hw4_interface/srv'...
[1.349s] -- Up-to-date: /home/ubuntu/ENAE450/ENAE450_ws/install/hw4_interface/lib/libhw4_interface__rosidl_generator_py.so
[1.349s] -- Up-to-date: /home/ubuntu/ENAE450/ENAE450_ws/install/hw4_interface/share/hw4_interface/cmake/export_hw4_interface__rosidl_generator_cExport.cmake
[1.349s] -- Up-to-date: /home/ubuntu/ENAE450/ENAE450_ws/install/hw4_interface/share/hw4_interface/cmake/export_hw4_interface__rosidl_generator_cExport-noconfig.cmake
[1.349s] -- Up-to-date: /home/ubuntu/ENAE450/ENAE450_ws/install/hw4_interface/share/hw4_interface/cmake/export_hw4_interface__rosidl_typesupport_fastrtps_cExport.cmake
[1.349s] -- Up-to-date: /home/ubuntu/ENAE450/ENAE450_ws/install/hw4_interface/share/hw4_interface/cmake/export_hw4_interface__rosidl_typesupport_fastrtps_cExport-noconfig.cmake
[1.349s] -- Up-to-date: /home/ubuntu/ENAE450/ENAE450_ws/install/hw4_interface/share/hw4_interface/cmake/export_hw4_interface__rosidl_generator_cppExport.cmake
[1.349s] -- Up-to-date: /home/ubuntu/ENAE450/ENAE450_ws/install/hw4_interface/share/hw4_interface/cmake/export_hw4_interface__rosidl_typesupport_fastrtps_cppExport.cmake
[1.349s] -- Up-to-date: /home/ubuntu/ENAE450/ENAE450_ws/install/hw4_interface/share/hw4_interface/cmake/export_hw4_interface__rosidl_typesupport_fastrtps_cppExport-noconfig.cmake
[1.349s] -- Up-to-date: /home/ubuntu/ENAE450/ENAE450_ws/install/hw4_interface/share/hw4_interface/cmake/hw4_interface__rosidl_typesupport_introspection_cExport.cmake
[1.349s] -- Up-to-date: /home/ubuntu/ENAE450/ENAE450_ws/install/hw4_interface/share/hw4_interface/cmake/hw4_interface__rosidl_typesupport_introspection_cExport-noconfig.cmake
[1.349s] -- Up-to-date: /home/ubuntu/ENAE450/ENAE450_ws/install/hw4_interface/share/hw4_interface/cmake/hw4_interface__rosidl_typesupport_cExport.cmake
[1.350s] -- Up-to-date: /home/ubuntu/ENAE450/ENAE450_ws/install/hw4_interface/share/hw4_interface/cmake/hw4_interface__rosidl_typesupport_cExport-noconfig.cmake
[1.350s] -- Up-to-date: /home/ubuntu/ENAE450/ENAE450_ws/install/hw4_interface/share/hw4_interface/cmake/hw4_interface__rosidl_typesupport_introspection_cppExport.cmake
[1.350s] -- Up-to-date: /home/ubuntu/ENAE450/ENAE450_ws/install/hw4_interface/share/hw4_interface/cmake/hw4_interface__rosidl_typesupport_introspection_cppExport-noconfig.cmake
[1.350s] -- Up-to-date: /home/ubuntu/ENAE450/ENAE450_ws/install/hw4_interface/share/hw4_interface/cmake/hw4_interface__rosidl_typesupport_cppExport.cmake
[1.350s] -- Up-to-date: /home/ubuntu/ENAE450/ENAE450_ws/install/hw4_interface/share/hw4_interface/cmake/hw4_interface__rosidl_typesupport_cppExport-noconfig.cmake
[1.350s] -- Up-to-date: /home/ubuntu/ENAE450/ENAE450_ws/install/hw4_interface/share/hw4_interface/cmake/export_hw4_interface__rosidl_generator_pyExport.cmake
[1.350s] -- Up-to-date: /home/ubuntu/ENAE450/ENAE450_ws/install/hw4_interface/share/hw4_interface/cmake/export_hw4_interface__rosidl_generator_pyExport-noconfig.cmake
[1.351s] Invoked command in '/home/ubuntu/ENAE450/ENAE450_ws/build/hw4_interface' returned '0': CMAKE_PREFIX_PATH=${CMAKE_PREFIX_PATH}:/home/ubuntu/ENAE450/ENAE450_ws/install/hw4_3:/home/ubuntu/ENAE450/ENAE450_ws/install/hw4_2:/home/ubuntu/ENAE450/ENAE450_ws/install/hw4_1:/opt/ros/humble /usr/bin/cmake --install /home/ubuntu/ENAE450/ENAE450_ws/build/hw4_interface
