[0.343s] Invoking command in '/home/ubuntu/ENAE450/ENAE450_ws/build/hw4_2': PYTHONPATH=/home/ubuntu/ENAE450/ENAE450_ws/build/hw4_2/prefix_override:/home/ubuntu/ENAE450/ENAE450_ws/install/hw4_2/lib/python3.10/site-packages:${PYTHONPATH} /usr/bin/python3 -W ignore:setup.py install is deprecated setup.py develop --editable --build-directory /home/ubuntu/ENAE450/ENAE450_ws/build/hw4_2/build --no-deps symlink_data --force
[0.487s] running develop
[0.561s] running egg_info
[0.562s] writing hw4_2.egg-info/PKG-INFO
[0.562s] writing dependency_links to hw4_2.egg-info/dependency_links.txt
[0.562s] writing entry points to hw4_2.egg-info/entry_points.txt
[0.562s] writing requirements to hw4_2.egg-info/requires.txt
[0.562s] writing top-level names to hw4_2.egg-info/top_level.txt
[0.562s] reading manifest file 'hw4_2.egg-info/SOURCES.txt'
[0.563s] writing manifest file 'hw4_2.egg-info/SOURCES.txt'
[0.564s] running build_ext
[0.564s] Creating /home/ubuntu/ENAE450/ENAE450_ws/install/hw4_2/lib/python3.10/site-packages/hw4-2.egg-link (link to .)
[0.564s] Installing draw_graphs script to /home/ubuntu/ENAE450/ENAE450_ws/install/hw4_2/lib/hw4_2
[0.564s] 
[0.564s] Installed /home/ubuntu/ENAE450/ENAE450_ws/build/hw4_2
[0.564s] running symlink_data
[0.565s] symbolically linking /home/ubuntu/ENAE450/ENAE450_ws/build/hw4_2/resource/hw4_2 -> /home/ubuntu/ENAE450/ENAE450_ws/install/hw4_2/share/ament_index/resource_index/packages
[0.565s] symbolically linking /home/ubuntu/ENAE450/ENAE450_ws/build/hw4_2/package.xml -> /home/ubuntu/ENAE450/ENAE450_ws/install/hw4_2/share/hw4_2
[0.565s] symbolically linking /home/ubuntu/ENAE450/ENAE450_ws/build/hw4_2/launch/draw_graphs_launch.py -> /home/ubuntu/ENAE450/ENAE450_ws/install/hw4_2/share/hw4_2/launch
[0.581s] Invoked command in '/home/ubuntu/ENAE450/ENAE450_ws/build/hw4_2' returned '0': PYTHONPATH=/home/ubuntu/ENAE450/ENAE450_ws/build/hw4_2/prefix_override:/home/ubuntu/ENAE450/ENAE450_ws/install/hw4_2/lib/python3.10/site-packages:${PYTHONPATH} /usr/bin/python3 -W ignore:setup.py install is deprecated setup.py develop --editable --build-directory /home/ubuntu/ENAE450/ENAE450_ws/build/hw4_2/build --no-deps symlink_data --force
