[0.494s] Invoking command in '/home/ubuntu/ENAE450/ENAE450_ws/build/hw4_2': PYTHONPATH=/home/ubuntu/ENAE450/ENAE450_ws/build/hw4_2/prefix_override:/home/ubuntu/ENAE450/ENAE450_ws/install/hw4_2/lib/python3.10/site-packages:${PYTHONPATH} /usr/bin/python3 -W ignore:setup.py install is deprecated setup.py develop --uninstall --editable --build-directory /home/ubuntu/ENAE450/ENAE450_ws/build/hw4_2/build
[0.644s] running develop
[0.730s] Removing /home/ubuntu/ENAE450/ENAE450_ws/install/hw4_2/lib/python3.10/site-packages/hw4-2.egg-link (link to .)
[0.750s] Invoked command in '/home/ubuntu/ENAE450/ENAE450_ws/build/hw4_2' returned '0': PYTHONPATH=/home/ubuntu/ENAE450/ENAE450_ws/build/hw4_2/prefix_override:/home/ubuntu/ENAE450/ENAE450_ws/install/hw4_2/lib/python3.10/site-packages:${PYTHONPATH} /usr/bin/python3 -W ignore:setup.py install is deprecated setup.py develop --uninstall --editable --build-directory /home/ubuntu/ENAE450/ENAE450_ws/build/hw4_2/build
[0.752s] Invoking command in '/home/ubuntu/ENAE450/ENAE450_ws/src/hw4_2': PYTHONPATH=/home/ubuntu/ENAE450/ENAE450_ws/build/hw4_2/prefix_override:/home/ubuntu/ENAE450/ENAE450_ws/install/hw4_2/lib/python3.10/site-packages:${PYTHONPATH} /usr/bin/python3 -W ignore:setup.py install is deprecated setup.py egg_info --egg-base ../../build/hw4_2 build --build-base /home/ubuntu/ENAE450/ENAE450_ws/build/hw4_2/build install --record /home/ubuntu/ENAE450/ENAE450_ws/build/hw4_2/install.log --single-version-externally-managed install_data --force
[0.891s] running egg_info
[0.892s] writing ../../build/hw4_2/hw4_2.egg-info/PKG-INFO
[0.893s] writing dependency_links to ../../build/hw4_2/hw4_2.egg-info/dependency_links.txt
[0.893s] writing entry points to ../../build/hw4_2/hw4_2.egg-info/entry_points.txt
[0.893s] writing requirements to ../../build/hw4_2/hw4_2.egg-info/requires.txt
[0.893s] writing top-level names to ../../build/hw4_2/hw4_2.egg-info/top_level.txt
[0.893s] reading manifest file '../../build/hw4_2/hw4_2.egg-info/SOURCES.txt'
[0.893s] writing manifest file '../../build/hw4_2/hw4_2.egg-info/SOURCES.txt'
[0.893s] running build
[0.893s] running build_py
[0.893s] copying hw4_2/draw_graphs.py -> /home/ubuntu/ENAE450/ENAE450_ws/build/hw4_2/build/lib/hw4_2
[0.893s] copying hw4_2/select_graphs.py -> /home/ubuntu/ENAE450/ENAE450_ws/build/hw4_2/build/lib/hw4_2
[0.893s] running install
[0.894s] running install_lib
[0.894s] creating /home/ubuntu/ENAE450/ENAE450_ws/install/hw4_2/lib/python3.10/site-packages/hw4_2
[0.894s] copying /home/ubuntu/ENAE450/ENAE450_ws/build/hw4_2/build/lib/hw4_2/select_graphs.py -> /home/ubuntu/ENAE450/ENAE450_ws/install/hw4_2/lib/python3.10/site-packages/hw4_2
[0.895s] copying /home/ubuntu/ENAE450/ENAE450_ws/build/hw4_2/build/lib/hw4_2/draw_graphs.py -> /home/ubuntu/ENAE450/ENAE450_ws/install/hw4_2/lib/python3.10/site-packages/hw4_2
[0.895s] copying /home/ubuntu/ENAE450/ENAE450_ws/build/hw4_2/build/lib/hw4_2/__init__.py -> /home/ubuntu/ENAE450/ENAE450_ws/install/hw4_2/lib/python3.10/site-packages/hw4_2
[0.895s] byte-compiling /home/ubuntu/ENAE450/ENAE450_ws/install/hw4_2/lib/python3.10/site-packages/hw4_2/select_graphs.py to select_graphs.cpython-310.pyc
[0.895s] byte-compiling /home/ubuntu/ENAE450/ENAE450_ws/install/hw4_2/lib/python3.10/site-packages/hw4_2/draw_graphs.py to draw_graphs.cpython-310.pyc
[0.895s] byte-compiling /home/ubuntu/ENAE450/ENAE450_ws/install/hw4_2/lib/python3.10/site-packages/hw4_2/__init__.py to __init__.cpython-310.pyc
[0.896s] running install_data
[0.896s] copying resource/hw4_2 -> /home/ubuntu/ENAE450/ENAE450_ws/install/hw4_2/share/ament_index/resource_index/packages
[0.896s] copying package.xml -> /home/ubuntu/ENAE450/ENAE450_ws/install/hw4_2/share/hw4_2
[0.896s] copying launch/draw_graphs_launch.py -> /home/ubuntu/ENAE450/ENAE450_ws/install/hw4_2/share/hw4_2/launch
[0.896s] copying launch/select_graphs_launch.py -> /home/ubuntu/ENAE450/ENAE450_ws/install/hw4_2/share/hw4_2/launch
[0.896s] running install_egg_info
[0.897s] Copying ../../build/hw4_2/hw4_2.egg-info to /home/ubuntu/ENAE450/ENAE450_ws/install/hw4_2/lib/python3.10/site-packages/hw4_2-0.0.0-py3.10.egg-info
[0.898s] running install_scripts
[0.909s] Installing draw_graphs script to /home/ubuntu/ENAE450/ENAE450_ws/install/hw4_2/lib/hw4_2
[0.909s] Installing select_graphs script to /home/ubuntu/ENAE450/ENAE450_ws/install/hw4_2/lib/hw4_2
[0.909s] writing list of installed files to '/home/ubuntu/ENAE450/ENAE450_ws/build/hw4_2/install.log'
[0.930s] Invoked command in '/home/ubuntu/ENAE450/ENAE450_ws/src/hw4_2' returned '0': PYTHONPATH=/home/ubuntu/ENAE450/ENAE450_ws/build/hw4_2/prefix_override:/home/ubuntu/ENAE450/ENAE450_ws/install/hw4_2/lib/python3.10/site-packages:${PYTHONPATH} /usr/bin/python3 -W ignore:setup.py install is deprecated setup.py egg_info --egg-base ../../build/hw4_2 build --build-base /home/ubuntu/ENAE450/ENAE450_ws/build/hw4_2/build install --record /home/ubuntu/ENAE450/ENAE450_ws/build/hw4_2/install.log --single-version-externally-managed install_data --force
