[0.896s] Invoking command in '/home/ubuntu/ENAE450/ENAE450_ws/build/hw4_1': PYTHONPATH=/home/ubuntu/ENAE450/ENAE450_ws/build/hw4_1/prefix_override:/home/ubuntu/ENAE450/ENAE450_ws/install/hw4_1/lib/python3.10/site-packages:${PYTHONPATH} /usr/bin/python3 -W ignore:setup.py install is deprecated setup.py develop --editable --build-directory /home/ubuntu/ENAE450/ENAE450_ws/build/hw4_1/build --no-deps symlink_data --force
[1.052s] running develop
[1.138s] running egg_info
[1.138s] writing hw4_1.egg-info/PKG-INFO
[1.138s] writing dependency_links to hw4_1.egg-info/dependency_links.txt
[1.138s] writing entry points to hw4_1.egg-info/entry_points.txt
[1.138s] writing requirements to hw4_1.egg-info/requires.txt
[1.138s] writing top-level names to hw4_1.egg-info/top_level.txt
[1.139s] reading manifest file 'hw4_1.egg-info/SOURCES.txt'
[1.139s] writing manifest file 'hw4_1.egg-info/SOURCES.txt'
[1.140s] running build_ext
[1.140s] Creating /home/ubuntu/ENAE450/ENAE450_ws/install/hw4_1/lib/python3.10/site-packages/hw4-1.egg-link (link to .)
[1.141s] Installing draw_shapes script to /home/ubuntu/ENAE450/ENAE450_ws/install/hw4_1/lib/hw4_1
[1.141s] 
[1.141s] Installed /home/ubuntu/ENAE450/ENAE450_ws/build/hw4_1
[1.141s] running symlink_data
[1.141s] symbolically linking /home/ubuntu/ENAE450/ENAE450_ws/build/hw4_1/resource/hw4_1 -> /home/ubuntu/ENAE450/ENAE450_ws/install/hw4_1/share/ament_index/resource_index/packages
[1.142s] symbolically linking /home/ubuntu/ENAE450/ENAE450_ws/build/hw4_1/package.xml -> /home/ubuntu/ENAE450/ENAE450_ws/install/hw4_1/share/hw4_1
[1.142s] symbolically linking /home/ubuntu/ENAE450/ENAE450_ws/build/hw4_1/launch/draw_shapes_launch.py -> /home/ubuntu/ENAE450/ENAE450_ws/install/hw4_1/share/hw4_1/launch
[1.161s] Invoked command in '/home/ubuntu/ENAE450/ENAE450_ws/build/hw4_1' returned '0': PYTHONPATH=/home/ubuntu/ENAE450/ENAE450_ws/build/hw4_1/prefix_override:/home/ubuntu/ENAE450/ENAE450_ws/install/hw4_1/lib/python3.10/site-packages:${PYTHONPATH} /usr/bin/python3 -W ignore:setup.py install is deprecated setup.py develop --editable --build-directory /home/ubuntu/ENAE450/ENAE450_ws/build/hw4_1/build --no-deps symlink_data --force
