[0.090s] DEBUG:colcon:Command line arguments: ['/usr/bin/colcon', 'build', '--symlink-install']
[0.090s] DEBUG:colcon:Parsed command line arguments: Namespace(log_base=None, log_level=None, verb_name='build', build_base='build', install_base='install', merge_install=False, symlink_install=True, test_result_base=None, continue_on_error=False, executor='parallel', parallel_workers=6, event_handlers=None, ignore_user_meta=False, metas=['./colcon.meta'], base_paths=['.'], packages_ignore=None, packages_ignore_regex=None, paths=None, packages_up_to=None, packages_up_to_regex=None, packages_above=None, packages_above_and_dependencies=None, packages_above_depth=None, packages_select_by_dep=None, packages_skip_by_dep=None, packages_skip_up_to=None, packages_select_build_failed=False, packages_skip_build_finished=False, packages_select_test_failures=False, packages_skip_test_passed=False, packages_select=None, packages_skip=None, packages_select_regex=None, packages_skip_regex=None, packages_start=None, packages_end=None, allow_overriding=[], cmake_args=None, cmake_target=None, cmake_target_skip_unavailable=False, cmake_clean_cache=False, cmake_clean_first=False, cmake_force_configure=False, ament_cmake_args=None, catkin_cmake_args=None, catkin_skip_building_tests=False, verb_parser=<colcon_defaults.argument_parser.defaults.DefaultArgumentsDecorator object at 0xffffacadfe20>, verb_extension=<colcon_core.verb.build.BuildVerb object at 0xffffacadf910>, main=<bound method BuildVerb.main of <colcon_core.verb.build.BuildVerb object at 0xffffacadf910>>)
[0.202s] Level 1:colcon.colcon_core.package_discovery:discover_packages(colcon_meta) check parameters
[0.202s] Level 1:colcon.colcon_core.package_discovery:discover_packages(recursive) check parameters
[0.202s] Level 1:colcon.colcon_core.package_discovery:discover_packages(ignore) check parameters
[0.202s] Level 1:colcon.colcon_core.package_discovery:discover_packages(path) check parameters
[0.202s] Level 1:colcon.colcon_core.package_discovery:discover_packages(colcon_meta) discover
[0.202s] Level 1:colcon.colcon_core.package_discovery:discover_packages(recursive) discover
[0.202s] INFO:colcon.colcon_core.package_discovery:Crawling recursively for packages in '/home/ubuntu/ENAE450/ENAE450_ws'
[0.202s] Level 1:colcon.colcon_core.package_identification:_identify(.) by extensions ['ignore', 'ignore_ament_install']
[0.202s] Level 1:colcon.colcon_core.package_identification:_identify(.) by extension 'ignore'
[0.202s] Level 1:colcon.colcon_core.package_identification:_identify(.) by extension 'ignore_ament_install'
[0.202s] Level 1:colcon.colcon_core.package_identification:_identify(.) by extensions ['colcon_pkg']
[0.202s] Level 1:colcon.colcon_core.package_identification:_identify(.) by extension 'colcon_pkg'
[0.202s] Level 1:colcon.colcon_core.package_identification:_identify(.) by extensions ['colcon_meta']
[0.202s] Level 1:colcon.colcon_core.package_identification:_identify(.) by extension 'colcon_meta'
[0.202s] Level 1:colcon.colcon_core.package_identification:_identify(.) by extensions ['ros']
[0.202s] Level 1:colcon.colcon_core.package_identification:_identify(.) by extension 'ros'
[0.210s] Level 1:colcon.colcon_core.package_identification:_identify(.) by extensions ['cmake', 'python']
[0.210s] Level 1:colcon.colcon_core.package_identification:_identify(.) by extension 'cmake'
[0.210s] Level 1:colcon.colcon_core.package_identification:_identify(.) by extension 'python'
[0.210s] Level 1:colcon.colcon_core.package_identification:_identify(.) by extensions ['python_setup_py']
[0.210s] Level 1:colcon.colcon_core.package_identification:_identify(.) by extension 'python_setup_py'
[0.210s] Level 1:colcon.colcon_core.package_identification:_identify(build) by extensions ['ignore', 'ignore_ament_install']
[0.210s] Level 1:colcon.colcon_core.package_identification:_identify(build) by extension 'ignore'
[0.210s] Level 1:colcon.colcon_core.package_identification:_identify(build) ignored
[0.210s] Level 1:colcon.colcon_core.package_identification:_identify(install) by extensions ['ignore', 'ignore_ament_install']
[0.210s] Level 1:colcon.colcon_core.package_identification:_identify(install) by extension 'ignore'
[0.210s] Level 1:colcon.colcon_core.package_identification:_identify(install) ignored
[0.210s] Level 1:colcon.colcon_core.package_identification:_identify(log) by extensions ['ignore', 'ignore_ament_install']
[0.210s] Level 1:colcon.colcon_core.package_identification:_identify(log) by extension 'ignore'
[0.210s] Level 1:colcon.colcon_core.package_identification:_identify(log) ignored
[0.210s] Level 1:colcon.colcon_core.package_identification:_identify(src) by extensions ['ignore', 'ignore_ament_install']
[0.211s] Level 1:colcon.colcon_core.package_identification:_identify(src) by extension 'ignore'
[0.211s] Level 1:colcon.colcon_core.package_identification:_identify(src) by extension 'ignore_ament_install'
[0.211s] Level 1:colcon.colcon_core.package_identification:_identify(src) by extensions ['colcon_pkg']
[0.211s] Level 1:colcon.colcon_core.package_identification:_identify(src) by extension 'colcon_pkg'
[0.211s] Level 1:colcon.colcon_core.package_identification:_identify(src) by extensions ['colcon_meta']
[0.211s] Level 1:colcon.colcon_core.package_identification:_identify(src) by extension 'colcon_meta'
[0.211s] Level 1:colcon.colcon_core.package_identification:_identify(src) by extensions ['ros']
[0.211s] Level 1:colcon.colcon_core.package_identification:_identify(src) by extension 'ros'
[0.211s] Level 1:colcon.colcon_core.package_identification:_identify(src) by extensions ['cmake', 'python']
[0.211s] Level 1:colcon.colcon_core.package_identification:_identify(src) by extension 'cmake'
[0.211s] Level 1:colcon.colcon_core.package_identification:_identify(src) by extension 'python'
[0.211s] Level 1:colcon.colcon_core.package_identification:_identify(src) by extensions ['python_setup_py']
[0.211s] Level 1:colcon.colcon_core.package_identification:_identify(src) by extension 'python_setup_py'
[0.211s] Level 1:colcon.colcon_core.package_identification:_identify(src/hw4_1) by extensions ['ignore', 'ignore_ament_install']
[0.211s] Level 1:colcon.colcon_core.package_identification:_identify(src/hw4_1) by extension 'ignore'
[0.211s] Level 1:colcon.colcon_core.package_identification:_identify(src/hw4_1) by extension 'ignore_ament_install'
[0.211s] Level 1:colcon.colcon_core.package_identification:_identify(src/hw4_1) by extensions ['colcon_pkg']
[0.211s] Level 1:colcon.colcon_core.package_identification:_identify(src/hw4_1) by extension 'colcon_pkg'
[0.211s] Level 1:colcon.colcon_core.package_identification:_identify(src/hw4_1) by extensions ['colcon_meta']
[0.211s] Level 1:colcon.colcon_core.package_identification:_identify(src/hw4_1) by extension 'colcon_meta'
[0.211s] Level 1:colcon.colcon_core.package_identification:_identify(src/hw4_1) by extensions ['ros']
[0.211s] Level 1:colcon.colcon_core.package_identification:_identify(src/hw4_1) by extension 'ros'
[0.213s] DEBUG:colcon.colcon_core.package_identification:Package 'src/hw4_1' with type 'ros.ament_python' and name 'hw4_1'
[0.213s] Level 1:colcon.colcon_core.package_identification:_identify(src/hw4_2) by extensions ['ignore', 'ignore_ament_install']
[0.213s] Level 1:colcon.colcon_core.package_identification:_identify(src/hw4_2) by extension 'ignore'
[0.213s] Level 1:colcon.colcon_core.package_identification:_identify(src/hw4_2) by extension 'ignore_ament_install'
[0.213s] Level 1:colcon.colcon_core.package_identification:_identify(src/hw4_2) by extensions ['colcon_pkg']
[0.213s] Level 1:colcon.colcon_core.package_identification:_identify(src/hw4_2) by extension 'colcon_pkg'
[0.213s] Level 1:colcon.colcon_core.package_identification:_identify(src/hw4_2) by extensions ['colcon_meta']
[0.213s] Level 1:colcon.colcon_core.package_identification:_identify(src/hw4_2) by extension 'colcon_meta'
[0.213s] Level 1:colcon.colcon_core.package_identification:_identify(src/hw4_2) by extensions ['ros']
[0.213s] Level 1:colcon.colcon_core.package_identification:_identify(src/hw4_2) by extension 'ros'
[0.214s] DEBUG:colcon.colcon_core.package_identification:Package 'src/hw4_2' with type 'ros.ament_python' and name 'hw4_2'
[0.214s] Level 1:colcon.colcon_core.package_identification:_identify(src/hw4_3) by extensions ['ignore', 'ignore_ament_install']
[0.214s] Level 1:colcon.colcon_core.package_identification:_identify(src/hw4_3) by extension 'ignore'
[0.214s] Level 1:colcon.colcon_core.package_identification:_identify(src/hw4_3) by extension 'ignore_ament_install'
[0.214s] Level 1:colcon.colcon_core.package_identification:_identify(src/hw4_3) by extensions ['colcon_pkg']
[0.214s] Level 1:colcon.colcon_core.package_identification:_identify(src/hw4_3) by extension 'colcon_pkg'
[0.214s] Level 1:colcon.colcon_core.package_identification:_identify(src/hw4_3) by extensions ['colcon_meta']
[0.214s] Level 1:colcon.colcon_core.package_identification:_identify(src/hw4_3) by extension 'colcon_meta'
[0.214s] Level 1:colcon.colcon_core.package_identification:_identify(src/hw4_3) by extensions ['ros']
[0.214s] Level 1:colcon.colcon_core.package_identification:_identify(src/hw4_3) by extension 'ros'
[0.214s] DEBUG:colcon.colcon_core.package_identification:Package 'src/hw4_3' with type 'ros.ament_python' and name 'hw4_3'
[0.214s] Level 1:colcon.colcon_core.package_identification:_identify(src/hw4_interface) by extensions ['ignore', 'ignore_ament_install']
[0.214s] Level 1:colcon.colcon_core.package_identification:_identify(src/hw4_interface) by extension 'ignore'
[0.214s] Level 1:colcon.colcon_core.package_identification:_identify(src/hw4_interface) by extension 'ignore_ament_install'
[0.214s] Level 1:colcon.colcon_core.package_identification:_identify(src/hw4_interface) by extensions ['colcon_pkg']
[0.214s] Level 1:colcon.colcon_core.package_identification:_identify(src/hw4_interface) by extension 'colcon_pkg'
[0.214s] Level 1:colcon.colcon_core.package_identification:_identify(src/hw4_interface) by extensions ['colcon_meta']
[0.214s] Level 1:colcon.colcon_core.package_identification:_identify(src/hw4_interface) by extension 'colcon_meta'
[0.214s] Level 1:colcon.colcon_core.package_identification:_identify(src/hw4_interface) by extensions ['ros']
[0.214s] Level 1:colcon.colcon_core.package_identification:_identify(src/hw4_interface) by extension 'ros'
[0.215s] DEBUG:colcon.colcon_core.package_identification:Package 'src/hw4_interface' with type 'ros.ament_cmake' and name 'hw4_interface'
[0.215s] Level 1:colcon.colcon_core.package_discovery:discover_packages(recursive) using defaults
[0.215s] Level 1:colcon.colcon_core.package_discovery:discover_packages(ignore) discover
[0.215s] Level 1:colcon.colcon_core.package_discovery:discover_packages(ignore) using defaults
[0.215s] Level 1:colcon.colcon_core.package_discovery:discover_packages(path) discover
[0.215s] Level 1:colcon.colcon_core.package_discovery:discover_packages(path) using defaults
[0.235s] Level 1:colcon.colcon_core.package_discovery:discover_packages(prefix_path) check parameters
[0.235s] Level 1:colcon.colcon_core.package_discovery:discover_packages(prefix_path) discover
[0.236s] DEBUG:colcon.colcon_installed_package_information.package_discovery:Found 4 installed packages in /home/ubuntu/ENAE450/ENAE450_ws/install
[0.238s] DEBUG:colcon.colcon_installed_package_information.package_discovery:Found 181 installed packages in /opt/ros/humble
[0.238s] Level 1:colcon.colcon_core.package_discovery:discover_packages(prefix_path) using defaults
[0.265s] Level 5:colcon.colcon_core.verb:set package 'hw4_1' build argument 'cmake_args' from command line to 'None'
[0.265s] Level 5:colcon.colcon_core.verb:set package 'hw4_1' build argument 'cmake_target' from command line to 'None'
[0.265s] Level 5:colcon.colcon_core.verb:set package 'hw4_1' build argument 'cmake_target_skip_unavailable' from command line to 'False'
[0.265s] Level 5:colcon.colcon_core.verb:set package 'hw4_1' build argument 'cmake_clean_cache' from command line to 'False'
[0.265s] Level 5:colcon.colcon_core.verb:set package 'hw4_1' build argument 'cmake_clean_first' from command line to 'False'
[0.265s] Level 5:colcon.colcon_core.verb:set package 'hw4_1' build argument 'cmake_force_configure' from command line to 'False'
[0.265s] Level 5:colcon.colcon_core.verb:set package 'hw4_1' build argument 'ament_cmake_args' from command line to 'None'
[0.266s] Level 5:colcon.colcon_core.verb:set package 'hw4_1' build argument 'catkin_cmake_args' from command line to 'None'
[0.266s] Level 5:colcon.colcon_core.verb:set package 'hw4_1' build argument 'catkin_skip_building_tests' from command line to 'False'
[0.266s] DEBUG:colcon.colcon_core.verb:Building package 'hw4_1' with the following arguments: {'ament_cmake_args': None, 'build_base': '/home/ubuntu/ENAE450/ENAE450_ws/build/hw4_1', 'catkin_cmake_args': None, 'catkin_skip_building_tests': False, 'cmake_args': None, 'cmake_clean_cache': False, 'cmake_clean_first': False, 'cmake_force_configure': False, 'cmake_target': None, 'cmake_target_skip_unavailable': False, 'install_base': '/home/ubuntu/ENAE450/ENAE450_ws/install/hw4_1', 'merge_install': False, 'path': '/home/ubuntu/ENAE450/ENAE450_ws/src/hw4_1', 'symlink_install': True, 'test_result_base': None}
[0.266s] Level 5:colcon.colcon_core.verb:set package 'hw4_3' build argument 'cmake_args' from command line to 'None'
[0.266s] Level 5:colcon.colcon_core.verb:set package 'hw4_3' build argument 'cmake_target' from command line to 'None'
[0.266s] Level 5:colcon.colcon_core.verb:set package 'hw4_3' build argument 'cmake_target_skip_unavailable' from command line to 'False'
[0.266s] Level 5:colcon.colcon_core.verb:set package 'hw4_3' build argument 'cmake_clean_cache' from command line to 'False'
[0.266s] Level 5:colcon.colcon_core.verb:set package 'hw4_3' build argument 'cmake_clean_first' from command line to 'False'
[0.266s] Level 5:colcon.colcon_core.verb:set package 'hw4_3' build argument 'cmake_force_configure' from command line to 'False'
[0.266s] Level 5:colcon.colcon_core.verb:set package 'hw4_3' build argument 'ament_cmake_args' from command line to 'None'
[0.266s] Level 5:colcon.colcon_core.verb:set package 'hw4_3' build argument 'catkin_cmake_args' from command line to 'None'
[0.266s] Level 5:colcon.colcon_core.verb:set package 'hw4_3' build argument 'catkin_skip_building_tests' from command line to 'False'
[0.266s] DEBUG:colcon.colcon_core.verb:Building package 'hw4_3' with the following arguments: {'ament_cmake_args': None, 'build_base': '/home/ubuntu/ENAE450/ENAE450_ws/build/hw4_3', 'catkin_cmake_args': None, 'catkin_skip_building_tests': False, 'cmake_args': None, 'cmake_clean_cache': False, 'cmake_clean_first': False, 'cmake_force_configure': False, 'cmake_target': None, 'cmake_target_skip_unavailable': False, 'install_base': '/home/ubuntu/ENAE450/ENAE450_ws/install/hw4_3', 'merge_install': False, 'path': '/home/ubuntu/ENAE450/ENAE450_ws/src/hw4_3', 'symlink_install': True, 'test_result_base': None}
[0.266s] Level 5:colcon.colcon_core.verb:set package 'hw4_interface' build argument 'cmake_args' from command line to 'None'
[0.266s] Level 5:colcon.colcon_core.verb:set package 'hw4_interface' build argument 'cmake_target' from command line to 'None'
[0.266s] Level 5:colcon.colcon_core.verb:set package 'hw4_interface' build argument 'cmake_target_skip_unavailable' from command line to 'False'
[0.266s] Level 5:colcon.colcon_core.verb:set package 'hw4_interface' build argument 'cmake_clean_cache' from command line to 'False'
[0.266s] Level 5:colcon.colcon_core.verb:set package 'hw4_interface' build argument 'cmake_clean_first' from command line to 'False'
[0.266s] Level 5:colcon.colcon_core.verb:set package 'hw4_interface' build argument 'cmake_force_configure' from command line to 'False'
[0.266s] Level 5:colcon.colcon_core.verb:set package 'hw4_interface' build argument 'ament_cmake_args' from command line to 'None'
[0.266s] Level 5:colcon.colcon_core.verb:set package 'hw4_interface' build argument 'catkin_cmake_args' from command line to 'None'
[0.266s] Level 5:colcon.colcon_core.verb:set package 'hw4_interface' build argument 'catkin_skip_building_tests' from command line to 'False'
[0.266s] DEBUG:colcon.colcon_core.verb:Building package 'hw4_interface' with the following arguments: {'ament_cmake_args': None, 'build_base': '/home/ubuntu/ENAE450/ENAE450_ws/build/hw4_interface', 'catkin_cmake_args': None, 'catkin_skip_building_tests': False, 'cmake_args': None, 'cmake_clean_cache': False, 'cmake_clean_first': False, 'cmake_force_configure': False, 'cmake_target': None, 'cmake_target_skip_unavailable': False, 'install_base': '/home/ubuntu/ENAE450/ENAE450_ws/install/hw4_interface', 'merge_install': False, 'path': '/home/ubuntu/ENAE450/ENAE450_ws/src/hw4_interface', 'symlink_install': True, 'test_result_base': None}
[0.267s] Level 5:colcon.colcon_core.verb:set package 'hw4_2' build argument 'cmake_args' from command line to 'None'
[0.267s] Level 5:colcon.colcon_core.verb:set package 'hw4_2' build argument 'cmake_target' from command line to 'None'
[0.267s] Level 5:colcon.colcon_core.verb:set package 'hw4_2' build argument 'cmake_target_skip_unavailable' from command line to 'False'
[0.267s] Level 5:colcon.colcon_core.verb:set package 'hw4_2' build argument 'cmake_clean_cache' from command line to 'False'
[0.267s] Level 5:colcon.colcon_core.verb:set package 'hw4_2' build argument 'cmake_clean_first' from command line to 'False'
[0.267s] Level 5:colcon.colcon_core.verb:set package 'hw4_2' build argument 'cmake_force_configure' from command line to 'False'
[0.267s] Level 5:colcon.colcon_core.verb:set package 'hw4_2' build argument 'ament_cmake_args' from command line to 'None'
[0.267s] Level 5:colcon.colcon_core.verb:set package 'hw4_2' build argument 'catkin_cmake_args' from command line to 'None'
[0.267s] Level 5:colcon.colcon_core.verb:set package 'hw4_2' build argument 'catkin_skip_building_tests' from command line to 'False'
[0.267s] DEBUG:colcon.colcon_core.verb:Building package 'hw4_2' with the following arguments: {'ament_cmake_args': None, 'build_base': '/home/ubuntu/ENAE450/ENAE450_ws/build/hw4_2', 'catkin_cmake_args': None, 'catkin_skip_building_tests': False, 'cmake_args': None, 'cmake_clean_cache': False, 'cmake_clean_first': False, 'cmake_force_configure': False, 'cmake_target': None, 'cmake_target_skip_unavailable': False, 'install_base': '/home/ubuntu/ENAE450/ENAE450_ws/install/hw4_2', 'merge_install': False, 'path': '/home/ubuntu/ENAE450/ENAE450_ws/src/hw4_2', 'symlink_install': True, 'test_result_base': None}
[0.267s] INFO:colcon.colcon_core.executor:Executing jobs using 'parallel' executor
[0.268s] DEBUG:colcon.colcon_parallel_executor.executor.parallel:run_until_complete
[0.269s] INFO:colcon.colcon_ros.task.ament_cmake.build:Building ROS package in '/home/ubuntu/ENAE450/ENAE450_ws/src/hw4_interface' with build type 'ament_cmake'
[0.269s] INFO:colcon.colcon_cmake.task.cmake.build:Building CMake package in '/home/ubuntu/ENAE450/ENAE450_ws/src/hw4_interface'
[0.270s] INFO:colcon.colcon_core.plugin_system:Skipping extension 'colcon_core.shell.bat': Not used on non-Windows systems
[0.270s] INFO:colcon.colcon_core.shell:Skip shell extension 'powershell' for command environment: Not usable outside of PowerShell
[0.270s] DEBUG:colcon.colcon_core.shell:Skip shell extension 'dsv' for command environment
[0.273s] INFO:colcon.colcon_ros.task.ament_python.build:Building ROS package in '/home/ubuntu/ENAE450/ENAE450_ws/src/hw4_1' with build type 'ament_python'
[0.273s] Level 1:colcon.colcon_core.shell:create_environment_hook('hw4_1', 'ament_prefix_path')
[0.274s] INFO:colcon.colcon_core.shell:Creating environment hook '/home/ubuntu/ENAE450/ENAE450_ws/install/hw4_1/share/hw4_1/hook/ament_prefix_path.ps1'
[0.274s] INFO:colcon.colcon_core.shell:Creating environment descriptor '/home/ubuntu/ENAE450/ENAE450_ws/install/hw4_1/share/hw4_1/hook/ament_prefix_path.dsv'
[0.274s] INFO:colcon.colcon_core.shell:Creating environment hook '/home/ubuntu/ENAE450/ENAE450_ws/install/hw4_1/share/hw4_1/hook/ament_prefix_path.sh'
[0.275s] INFO:colcon.colcon_core.shell:Skip shell extension 'powershell' for command environment: Not usable outside of PowerShell
[0.275s] DEBUG:colcon.colcon_core.shell:Skip shell extension 'dsv' for command environment
[0.278s] INFO:colcon.colcon_ros.task.ament_python.build:Building ROS package in '/home/ubuntu/ENAE450/ENAE450_ws/src/hw4_3' with build type 'ament_python'
[0.278s] Level 1:colcon.colcon_core.shell:create_environment_hook('hw4_3', 'ament_prefix_path')
[0.278s] INFO:colcon.colcon_core.shell:Creating environment hook '/home/ubuntu/ENAE450/ENAE450_ws/install/hw4_3/share/hw4_3/hook/ament_prefix_path.ps1'
[0.279s] INFO:colcon.colcon_core.shell:Creating environment descriptor '/home/ubuntu/ENAE450/ENAE450_ws/install/hw4_3/share/hw4_3/hook/ament_prefix_path.dsv'
[0.279s] INFO:colcon.colcon_core.shell:Creating environment hook '/home/ubuntu/ENAE450/ENAE450_ws/install/hw4_3/share/hw4_3/hook/ament_prefix_path.sh'
[0.280s] INFO:colcon.colcon_core.shell:Skip shell extension 'powershell' for command environment: Not usable outside of PowerShell
[0.280s] DEBUG:colcon.colcon_core.shell:Skip shell extension 'dsv' for command environment
[0.289s] DEBUG:colcon.colcon_core.event_handler.log_command:Invoking command in '/home/ubuntu/ENAE450/ENAE450_ws/build/hw4_interface': CMAKE_PREFIX_PATH=${CMAKE_PREFIX_PATH}:/home/ubuntu/ENAE450/ENAE450_ws/install/hw4_3:/home/ubuntu/ENAE450/ENAE450_ws/install/hw4_2:/home/ubuntu/ENAE450/ENAE450_ws/install/hw4_1:/opt/ros/humble /usr/bin/cmake --build /home/ubuntu/ENAE450/ENAE450_ws/build/hw4_interface -- -j6 -l6
[0.484s] INFO:colcon.colcon_core.task.python.build:Building Python package in '/home/ubuntu/ENAE450/ENAE450_ws/src/hw4_1'
[0.484s] INFO:colcon.colcon_core.shell:Skip shell extension 'powershell' for command environment: Not usable outside of PowerShell
[0.484s] DEBUG:colcon.colcon_core.shell:Skip shell extension 'dsv' for command environment
[0.669s] INFO:colcon.colcon_core.task.python.build:Building Python package in '/home/ubuntu/ENAE450/ENAE450_ws/src/hw4_3'
[0.669s] INFO:colcon.colcon_core.shell:Skip shell extension 'powershell' for command environment: Not usable outside of PowerShell
[0.669s] DEBUG:colcon.colcon_core.shell:Skip shell extension 'dsv' for command environment
[0.677s] DEBUG:colcon.colcon_core.event_handler.log_command:Invoked command in '/home/ubuntu/ENAE450/ENAE450_ws/build/hw4_interface' returned '0': CMAKE_PREFIX_PATH=${CMAKE_PREFIX_PATH}:/home/ubuntu/ENAE450/ENAE450_ws/install/hw4_3:/home/ubuntu/ENAE450/ENAE450_ws/install/hw4_2:/home/ubuntu/ENAE450/ENAE450_ws/install/hw4_1:/opt/ros/humble /usr/bin/cmake --build /home/ubuntu/ENAE450/ENAE450_ws/build/hw4_interface -- -j6 -l6
[0.759s] DEBUG:colcon.colcon_core.event_handler.log_command:Invoking command in '/home/ubuntu/ENAE450/ENAE450_ws/build/hw4_interface': CMAKE_PREFIX_PATH=${CMAKE_PREFIX_PATH}:/home/ubuntu/ENAE450/ENAE450_ws/install/hw4_3:/home/ubuntu/ENAE450/ENAE450_ws/install/hw4_2:/home/ubuntu/ENAE450/ENAE450_ws/install/hw4_1:/opt/ros/humble /usr/bin/cmake --install /home/ubuntu/ENAE450/ENAE450_ws/build/hw4_interface
[0.816s] Level 1:colcon.colcon_core.environment:create_environment_scripts_only(hw4_interface)
[0.818s] DEBUG:colcon.colcon_core.event_handler.log_command:Invoked command in '/home/ubuntu/ENAE450/ENAE450_ws/build/hw4_interface' returned '0': CMAKE_PREFIX_PATH=${CMAKE_PREFIX_PATH}:/home/ubuntu/ENAE450/ENAE450_ws/install/hw4_3:/home/ubuntu/ENAE450/ENAE450_ws/install/hw4_2:/home/ubuntu/ENAE450/ENAE450_ws/install/hw4_1:/opt/ros/humble /usr/bin/cmake --install /home/ubuntu/ENAE450/ENAE450_ws/build/hw4_interface
[0.819s] Level 1:colcon.colcon_core.environment:checking '/home/ubuntu/ENAE450/ENAE450_ws/install/hw4_interface' for CMake module files
[0.820s] Level 1:colcon.colcon_core.environment:checking '/home/ubuntu/ENAE450/ENAE450_ws/install/hw4_interface' for CMake config files
[0.820s] Level 1:colcon.colcon_core.shell:create_environment_hook('hw4_interface', 'cmake_prefix_path')
[0.820s] INFO:colcon.colcon_core.shell:Creating environment hook '/home/ubuntu/ENAE450/ENAE450_ws/install/hw4_interface/share/hw4_interface/hook/cmake_prefix_path.ps1'
[0.821s] INFO:colcon.colcon_core.shell:Creating environment descriptor '/home/ubuntu/ENAE450/ENAE450_ws/install/hw4_interface/share/hw4_interface/hook/cmake_prefix_path.dsv'
[0.821s] INFO:colcon.colcon_core.shell:Creating environment hook '/home/ubuntu/ENAE450/ENAE450_ws/install/hw4_interface/share/hw4_interface/hook/cmake_prefix_path.sh'
[0.821s] Level 1:colcon.colcon_core.environment:checking '/home/ubuntu/ENAE450/ENAE450_ws/install/hw4_interface/lib'
[0.821s] Level 1:colcon.colcon_core.shell:create_environment_hook('hw4_interface', 'ld_library_path_lib')
[0.821s] INFO:colcon.colcon_core.shell:Creating environment hook '/home/ubuntu/ENAE450/ENAE450_ws/install/hw4_interface/share/hw4_interface/hook/ld_library_path_lib.ps1'
[0.821s] INFO:colcon.colcon_core.shell:Creating environment descriptor '/home/ubuntu/ENAE450/ENAE450_ws/install/hw4_interface/share/hw4_interface/hook/ld_library_path_lib.dsv'
[0.822s] INFO:colcon.colcon_core.shell:Creating environment hook '/home/ubuntu/ENAE450/ENAE450_ws/install/hw4_interface/share/hw4_interface/hook/ld_library_path_lib.sh'
[0.822s] Level 1:colcon.colcon_core.environment:checking '/home/ubuntu/ENAE450/ENAE450_ws/install/hw4_interface/bin'
[0.822s] Level 1:colcon.colcon_core.environment:checking '/home/ubuntu/ENAE450/ENAE450_ws/install/hw4_interface/lib/pkgconfig/hw4_interface.pc'
[0.822s] Level 1:colcon.colcon_core.environment:checking '/home/ubuntu/ENAE450/ENAE450_ws/install/hw4_interface/lib/python3.10/site-packages'
[0.822s] Level 1:colcon.colcon_core.environment:checking '/home/ubuntu/ENAE450/ENAE450_ws/install/hw4_interface/bin'
[0.822s] INFO:colcon.colcon_core.shell:Creating package script '/home/ubuntu/ENAE450/ENAE450_ws/install/hw4_interface/share/hw4_interface/package.ps1'
[0.823s] INFO:colcon.colcon_core.shell:Creating package descriptor '/home/ubuntu/ENAE450/ENAE450_ws/install/hw4_interface/share/hw4_interface/package.dsv'
[0.823s] INFO:colcon.colcon_core.shell:Creating package script '/home/ubuntu/ENAE450/ENAE450_ws/install/hw4_interface/share/hw4_interface/package.sh'
[0.823s] INFO:colcon.colcon_core.shell:Creating package script '/home/ubuntu/ENAE450/ENAE450_ws/install/hw4_interface/share/hw4_interface/package.bash'
[0.823s] INFO:colcon.colcon_core.shell:Creating package script '/home/ubuntu/ENAE450/ENAE450_ws/install/hw4_interface/share/hw4_interface/package.zsh'
[0.825s] Level 1:colcon.colcon_core.environment:create_file_with_runtime_dependencies(/home/ubuntu/ENAE450/ENAE450_ws/install/hw4_interface/share/colcon-core/packages/hw4_interface)
[0.894s] DEBUG:colcon.colcon_core.event_handler.log_command:Invoking command in '/home/ubuntu/ENAE450/ENAE450_ws/build/hw4_3': PYTHONPATH=/home/ubuntu/ENAE450/ENAE450_ws/build/hw4_3/prefix_override:/home/ubuntu/ENAE450/ENAE450_ws/install/hw4_3/lib/python3.10/site-packages:${PYTHONPATH} /usr/bin/python3 -W ignore:setup.py install is deprecated setup.py develop --editable --build-directory /home/ubuntu/ENAE450/ENAE450_ws/build/hw4_3/build --no-deps symlink_data
[0.896s] DEBUG:colcon.colcon_core.event_handler.log_command:Invoking command in '/home/ubuntu/ENAE450/ENAE450_ws/build/hw4_1': PYTHONPATH=/home/ubuntu/ENAE450/ENAE450_ws/build/hw4_1/prefix_override:/home/ubuntu/ENAE450/ENAE450_ws/install/hw4_1/lib/python3.10/site-packages:${PYTHONPATH} /usr/bin/python3 -W ignore:setup.py install is deprecated setup.py develop --editable --build-directory /home/ubuntu/ENAE450/ENAE450_ws/build/hw4_1/build --no-deps symlink_data
[0.911s] Level 1:colcon.colcon_core.environment:create_environment_scripts_only(hw4_interface)
[0.912s] Level 1:colcon.colcon_core.environment:checking '/home/ubuntu/ENAE450/ENAE450_ws/install/hw4_interface' for CMake module files
[0.912s] Level 1:colcon.colcon_core.environment:checking '/home/ubuntu/ENAE450/ENAE450_ws/install/hw4_interface' for CMake config files
[0.914s] Level 1:colcon.colcon_core.shell:create_environment_hook('hw4_interface', 'cmake_prefix_path')
[0.915s] INFO:colcon.colcon_core.shell:Creating environment hook '/home/ubuntu/ENAE450/ENAE450_ws/install/hw4_interface/share/hw4_interface/hook/cmake_prefix_path.ps1'
[0.915s] INFO:colcon.colcon_core.shell:Creating environment descriptor '/home/ubuntu/ENAE450/ENAE450_ws/install/hw4_interface/share/hw4_interface/hook/cmake_prefix_path.dsv'
[0.915s] INFO:colcon.colcon_core.shell:Creating environment hook '/home/ubuntu/ENAE450/ENAE450_ws/install/hw4_interface/share/hw4_interface/hook/cmake_prefix_path.sh'
[0.916s] Level 1:colcon.colcon_core.environment:checking '/home/ubuntu/ENAE450/ENAE450_ws/install/hw4_interface/lib'
[0.916s] Level 1:colcon.colcon_core.shell:create_environment_hook('hw4_interface', 'ld_library_path_lib')
[0.916s] INFO:colcon.colcon_core.shell:Creating environment hook '/home/ubuntu/ENAE450/ENAE450_ws/install/hw4_interface/share/hw4_interface/hook/ld_library_path_lib.ps1'
[0.916s] INFO:colcon.colcon_core.shell:Creating environment descriptor '/home/ubuntu/ENAE450/ENAE450_ws/install/hw4_interface/share/hw4_interface/hook/ld_library_path_lib.dsv'
[0.916s] INFO:colcon.colcon_core.shell:Creating environment hook '/home/ubuntu/ENAE450/ENAE450_ws/install/hw4_interface/share/hw4_interface/hook/ld_library_path_lib.sh'
[0.916s] Level 1:colcon.colcon_core.environment:checking '/home/ubuntu/ENAE450/ENAE450_ws/install/hw4_interface/bin'
[0.916s] Level 1:colcon.colcon_core.environment:checking '/home/ubuntu/ENAE450/ENAE450_ws/install/hw4_interface/lib/pkgconfig/hw4_interface.pc'
[0.916s] Level 1:colcon.colcon_core.environment:checking '/home/ubuntu/ENAE450/ENAE450_ws/install/hw4_interface/lib/python3.10/site-packages'
[0.916s] Level 1:colcon.colcon_core.environment:checking '/home/ubuntu/ENAE450/ENAE450_ws/install/hw4_interface/bin'
[0.917s] INFO:colcon.colcon_core.shell:Creating package script '/home/ubuntu/ENAE450/ENAE450_ws/install/hw4_interface/share/hw4_interface/package.ps1'
[0.917s] INFO:colcon.colcon_core.shell:Creating package descriptor '/home/ubuntu/ENAE450/ENAE450_ws/install/hw4_interface/share/hw4_interface/package.dsv'
[0.917s] INFO:colcon.colcon_core.shell:Creating package script '/home/ubuntu/ENAE450/ENAE450_ws/install/hw4_interface/share/hw4_interface/package.sh'
[0.917s] INFO:colcon.colcon_core.shell:Creating package script '/home/ubuntu/ENAE450/ENAE450_ws/install/hw4_interface/share/hw4_interface/package.bash'
[0.917s] INFO:colcon.colcon_core.shell:Creating package script '/home/ubuntu/ENAE450/ENAE450_ws/install/hw4_interface/share/hw4_interface/package.zsh'
[0.918s] Level 1:colcon.colcon_core.environment:create_file_with_runtime_dependencies(/home/ubuntu/ENAE450/ENAE450_ws/install/hw4_interface/share/colcon-core/packages/hw4_interface)
[0.919s] INFO:colcon.colcon_ros.task.ament_python.build:Building ROS package in '/home/ubuntu/ENAE450/ENAE450_ws/src/hw4_2' with build type 'ament_python'
[0.919s] Level 1:colcon.colcon_core.shell:create_environment_hook('hw4_2', 'ament_prefix_path')
[0.919s] INFO:colcon.colcon_core.shell:Creating environment hook '/home/ubuntu/ENAE450/ENAE450_ws/install/hw4_2/share/hw4_2/hook/ament_prefix_path.ps1'
[0.920s] INFO:colcon.colcon_core.shell:Creating environment descriptor '/home/ubuntu/ENAE450/ENAE450_ws/install/hw4_2/share/hw4_2/hook/ament_prefix_path.dsv'
[0.920s] INFO:colcon.colcon_core.shell:Creating environment hook '/home/ubuntu/ENAE450/ENAE450_ws/install/hw4_2/share/hw4_2/hook/ament_prefix_path.sh'
[0.921s] INFO:colcon.colcon_core.shell:Skip shell extension 'powershell' for command environment: Not usable outside of PowerShell
[0.921s] DEBUG:colcon.colcon_core.shell:Skip shell extension 'dsv' for command environment
[1.111s] INFO:colcon.colcon_core.task.python.build:Building Python package in '/home/ubuntu/ENAE450/ENAE450_ws/src/hw4_2'
[1.114s] INFO:colcon.colcon_core.shell:Skip shell extension 'powershell' for command environment: Not usable outside of PowerShell
[1.115s] DEBUG:colcon.colcon_core.shell:Skip shell extension 'dsv' for command environment
[1.199s] Level 1:colcon.colcon_core.shell:create_environment_hook('hw4_1', 'pythonpath_develop')
[1.199s] INFO:colcon.colcon_core.shell:Creating environment hook '/home/ubuntu/ENAE450/ENAE450_ws/build/hw4_1/share/hw4_1/hook/pythonpath_develop.ps1'
[1.200s] DEBUG:colcon.colcon_core.event_handler.log_command:Invoked command in '/home/ubuntu/ENAE450/ENAE450_ws/build/hw4_1' returned '0': PYTHONPATH=/home/ubuntu/ENAE450/ENAE450_ws/build/hw4_1/prefix_override:/home/ubuntu/ENAE450/ENAE450_ws/install/hw4_1/lib/python3.10/site-packages:${PYTHONPATH} /usr/bin/python3 -W ignore:setup.py install is deprecated setup.py develop --editable --build-directory /home/ubuntu/ENAE450/ENAE450_ws/build/hw4_1/build --no-deps symlink_data
[1.200s] INFO:colcon.colcon_core.shell:Creating environment descriptor '/home/ubuntu/ENAE450/ENAE450_ws/build/hw4_1/share/hw4_1/hook/pythonpath_develop.dsv'
[1.200s] INFO:colcon.colcon_core.shell:Creating environment hook '/home/ubuntu/ENAE450/ENAE450_ws/build/hw4_1/share/hw4_1/hook/pythonpath_develop.sh'
[1.201s] Level 1:colcon.colcon_core.environment:checking '/home/ubuntu/ENAE450/ENAE450_ws/install/hw4_1' for CMake module files
[1.201s] Level 1:colcon.colcon_core.environment:checking '/home/ubuntu/ENAE450/ENAE450_ws/install/hw4_1' for CMake config files
[1.201s] Level 1:colcon.colcon_core.environment:checking '/home/ubuntu/ENAE450/ENAE450_ws/install/hw4_1/lib'
[1.201s] Level 1:colcon.colcon_core.environment:checking '/home/ubuntu/ENAE450/ENAE450_ws/install/hw4_1/bin'
[1.202s] Level 1:colcon.colcon_core.environment:checking '/home/ubuntu/ENAE450/ENAE450_ws/install/hw4_1/lib/pkgconfig/hw4_1.pc'
[1.202s] Level 1:colcon.colcon_core.environment:checking '/home/ubuntu/ENAE450/ENAE450_ws/install/hw4_1/lib/python3.10/site-packages'
[1.202s] Level 1:colcon.colcon_core.shell:create_environment_hook('hw4_1', 'pythonpath')
[1.202s] INFO:colcon.colcon_core.shell:Creating environment hook '/home/ubuntu/ENAE450/ENAE450_ws/install/hw4_1/share/hw4_1/hook/pythonpath.ps1'
[1.202s] INFO:colcon.colcon_core.shell:Creating environment descriptor '/home/ubuntu/ENAE450/ENAE450_ws/install/hw4_1/share/hw4_1/hook/pythonpath.dsv'
[1.202s] INFO:colcon.colcon_core.shell:Creating environment hook '/home/ubuntu/ENAE450/ENAE450_ws/install/hw4_1/share/hw4_1/hook/pythonpath.sh'
[1.202s] Level 1:colcon.colcon_core.environment:checking '/home/ubuntu/ENAE450/ENAE450_ws/install/hw4_1/bin'
[1.202s] Level 1:colcon.colcon_core.environment:create_environment_scripts_only(hw4_1)
[1.202s] INFO:colcon.colcon_core.shell:Creating package script '/home/ubuntu/ENAE450/ENAE450_ws/install/hw4_1/share/hw4_1/package.ps1'
[1.203s] INFO:colcon.colcon_core.shell:Creating package descriptor '/home/ubuntu/ENAE450/ENAE450_ws/install/hw4_1/share/hw4_1/package.dsv'
[1.203s] INFO:colcon.colcon_core.shell:Creating package script '/home/ubuntu/ENAE450/ENAE450_ws/install/hw4_1/share/hw4_1/package.sh'
[1.203s] INFO:colcon.colcon_core.shell:Creating package script '/home/ubuntu/ENAE450/ENAE450_ws/install/hw4_1/share/hw4_1/package.bash'
[1.203s] INFO:colcon.colcon_core.shell:Creating package script '/home/ubuntu/ENAE450/ENAE450_ws/install/hw4_1/share/hw4_1/package.zsh'
[1.203s] Level 1:colcon.colcon_core.environment:create_file_with_runtime_dependencies(/home/ubuntu/ENAE450/ENAE450_ws/install/hw4_1/share/colcon-core/packages/hw4_1)
[1.205s] Level 1:colcon.colcon_core.shell:create_environment_hook('hw4_3', 'pythonpath_develop')
[1.205s] INFO:colcon.colcon_core.shell:Creating environment hook '/home/ubuntu/ENAE450/ENAE450_ws/build/hw4_3/share/hw4_3/hook/pythonpath_develop.ps1'
[1.205s] DEBUG:colcon.colcon_core.event_handler.log_command:Invoked command in '/home/ubuntu/ENAE450/ENAE450_ws/build/hw4_3' returned '0': PYTHONPATH=/home/ubuntu/ENAE450/ENAE450_ws/build/hw4_3/prefix_override:/home/ubuntu/ENAE450/ENAE450_ws/install/hw4_3/lib/python3.10/site-packages:${PYTHONPATH} /usr/bin/python3 -W ignore:setup.py install is deprecated setup.py develop --editable --build-directory /home/ubuntu/ENAE450/ENAE450_ws/build/hw4_3/build --no-deps symlink_data
[1.206s] INFO:colcon.colcon_core.shell:Creating environment descriptor '/home/ubuntu/ENAE450/ENAE450_ws/build/hw4_3/share/hw4_3/hook/pythonpath_develop.dsv'
[1.206s] INFO:colcon.colcon_core.shell:Creating environment hook '/home/ubuntu/ENAE450/ENAE450_ws/build/hw4_3/share/hw4_3/hook/pythonpath_develop.sh'
[1.206s] Level 1:colcon.colcon_core.environment:checking '/home/ubuntu/ENAE450/ENAE450_ws/install/hw4_3' for CMake module files
[1.206s] Level 1:colcon.colcon_core.environment:checking '/home/ubuntu/ENAE450/ENAE450_ws/install/hw4_3' for CMake config files
[1.207s] Level 1:colcon.colcon_core.environment:checking '/home/ubuntu/ENAE450/ENAE450_ws/install/hw4_3/lib'
[1.207s] Level 1:colcon.colcon_core.environment:checking '/home/ubuntu/ENAE450/ENAE450_ws/install/hw4_3/bin'
[1.207s] Level 1:colcon.colcon_core.environment:checking '/home/ubuntu/ENAE450/ENAE450_ws/install/hw4_3/lib/pkgconfig/hw4_3.pc'
[1.207s] Level 1:colcon.colcon_core.environment:checking '/home/ubuntu/ENAE450/ENAE450_ws/install/hw4_3/lib/python3.10/site-packages'
[1.207s] Level 1:colcon.colcon_core.shell:create_environment_hook('hw4_3', 'pythonpath')
[1.207s] INFO:colcon.colcon_core.shell:Creating environment hook '/home/ubuntu/ENAE450/ENAE450_ws/install/hw4_3/share/hw4_3/hook/pythonpath.ps1'
[1.207s] INFO:colcon.colcon_core.shell:Creating environment descriptor '/home/ubuntu/ENAE450/ENAE450_ws/install/hw4_3/share/hw4_3/hook/pythonpath.dsv'
[1.207s] INFO:colcon.colcon_core.shell:Creating environment hook '/home/ubuntu/ENAE450/ENAE450_ws/install/hw4_3/share/hw4_3/hook/pythonpath.sh'
[1.207s] Level 1:colcon.colcon_core.environment:checking '/home/ubuntu/ENAE450/ENAE450_ws/install/hw4_3/bin'
[1.207s] Level 1:colcon.colcon_core.environment:create_environment_scripts_only(hw4_3)
[1.208s] INFO:colcon.colcon_core.shell:Creating package script '/home/ubuntu/ENAE450/ENAE450_ws/install/hw4_3/share/hw4_3/package.ps1'
[1.208s] INFO:colcon.colcon_core.shell:Creating package descriptor '/home/ubuntu/ENAE450/ENAE450_ws/install/hw4_3/share/hw4_3/package.dsv'
[1.208s] INFO:colcon.colcon_core.shell:Creating package script '/home/ubuntu/ENAE450/ENAE450_ws/install/hw4_3/share/hw4_3/package.sh'
[1.208s] INFO:colcon.colcon_core.shell:Creating package script '/home/ubuntu/ENAE450/ENAE450_ws/install/hw4_3/share/hw4_3/package.bash'
[1.208s] INFO:colcon.colcon_core.shell:Creating package script '/home/ubuntu/ENAE450/ENAE450_ws/install/hw4_3/share/hw4_3/package.zsh'
[1.208s] Level 1:colcon.colcon_core.environment:create_file_with_runtime_dependencies(/home/ubuntu/ENAE450/ENAE450_ws/install/hw4_3/share/colcon-core/packages/hw4_3)
[1.323s] DEBUG:colcon.colcon_core.event_handler.log_command:Invoking command in '/home/ubuntu/ENAE450/ENAE450_ws/build/hw4_2': PYTHONPATH=/home/ubuntu/ENAE450/ENAE450_ws/build/hw4_2/prefix_override:/home/ubuntu/ENAE450/ENAE450_ws/install/hw4_2/lib/python3.10/site-packages:${PYTHONPATH} /usr/bin/python3 -W ignore:setup.py install is deprecated setup.py develop --editable --build-directory /home/ubuntu/ENAE450/ENAE450_ws/build/hw4_2/build --no-deps symlink_data
[1.566s] Level 1:colcon.colcon_core.shell:create_environment_hook('hw4_2', 'pythonpath_develop')
[1.566s] INFO:colcon.colcon_core.shell:Creating environment hook '/home/ubuntu/ENAE450/ENAE450_ws/build/hw4_2/share/hw4_2/hook/pythonpath_develop.ps1'
[1.566s] DEBUG:colcon.colcon_core.event_handler.log_command:Invoked command in '/home/ubuntu/ENAE450/ENAE450_ws/build/hw4_2' returned '0': PYTHONPATH=/home/ubuntu/ENAE450/ENAE450_ws/build/hw4_2/prefix_override:/home/ubuntu/ENAE450/ENAE450_ws/install/hw4_2/lib/python3.10/site-packages:${PYTHONPATH} /usr/bin/python3 -W ignore:setup.py install is deprecated setup.py develop --editable --build-directory /home/ubuntu/ENAE450/ENAE450_ws/build/hw4_2/build --no-deps symlink_data
[1.567s] INFO:colcon.colcon_core.shell:Creating environment descriptor '/home/ubuntu/ENAE450/ENAE450_ws/build/hw4_2/share/hw4_2/hook/pythonpath_develop.dsv'
[1.567s] INFO:colcon.colcon_core.shell:Creating environment hook '/home/ubuntu/ENAE450/ENAE450_ws/build/hw4_2/share/hw4_2/hook/pythonpath_develop.sh'
[1.567s] Level 1:colcon.colcon_core.environment:checking '/home/ubuntu/ENAE450/ENAE450_ws/install/hw4_2' for CMake module files
[1.567s] Level 1:colcon.colcon_core.environment:checking '/home/ubuntu/ENAE450/ENAE450_ws/install/hw4_2' for CMake config files
[1.568s] Level 1:colcon.colcon_core.environment:checking '/home/ubuntu/ENAE450/ENAE450_ws/install/hw4_2/lib'
[1.568s] Level 1:colcon.colcon_core.environment:checking '/home/ubuntu/ENAE450/ENAE450_ws/install/hw4_2/bin'
[1.568s] Level 1:colcon.colcon_core.environment:checking '/home/ubuntu/ENAE450/ENAE450_ws/install/hw4_2/lib/pkgconfig/hw4_2.pc'
[1.568s] Level 1:colcon.colcon_core.environment:checking '/home/ubuntu/ENAE450/ENAE450_ws/install/hw4_2/lib/python3.10/site-packages'
[1.568s] Level 1:colcon.colcon_core.shell:create_environment_hook('hw4_2', 'pythonpath')
[1.568s] INFO:colcon.colcon_core.shell:Creating environment hook '/home/ubuntu/ENAE450/ENAE450_ws/install/hw4_2/share/hw4_2/hook/pythonpath.ps1'
[1.568s] INFO:colcon.colcon_core.shell:Creating environment descriptor '/home/ubuntu/ENAE450/ENAE450_ws/install/hw4_2/share/hw4_2/hook/pythonpath.dsv'
[1.568s] INFO:colcon.colcon_core.shell:Creating environment hook '/home/ubuntu/ENAE450/ENAE450_ws/install/hw4_2/share/hw4_2/hook/pythonpath.sh'
[1.568s] Level 1:colcon.colcon_core.environment:checking '/home/ubuntu/ENAE450/ENAE450_ws/install/hw4_2/bin'
[1.569s] Level 1:colcon.colcon_core.environment:create_environment_scripts_only(hw4_2)
[1.569s] INFO:colcon.colcon_core.shell:Creating package script '/home/ubuntu/ENAE450/ENAE450_ws/install/hw4_2/share/hw4_2/package.ps1'
[1.569s] INFO:colcon.colcon_core.shell:Creating package descriptor '/home/ubuntu/ENAE450/ENAE450_ws/install/hw4_2/share/hw4_2/package.dsv'
[1.569s] INFO:colcon.colcon_core.shell:Creating package script '/home/ubuntu/ENAE450/ENAE450_ws/install/hw4_2/share/hw4_2/package.sh'
[1.569s] INFO:colcon.colcon_core.shell:Creating package script '/home/ubuntu/ENAE450/ENAE450_ws/install/hw4_2/share/hw4_2/package.bash'
[1.569s] INFO:colcon.colcon_core.shell:Creating package script '/home/ubuntu/ENAE450/ENAE450_ws/install/hw4_2/share/hw4_2/package.zsh'
[1.570s] Level 1:colcon.colcon_core.environment:create_file_with_runtime_dependencies(/home/ubuntu/ENAE450/ENAE450_ws/install/hw4_2/share/colcon-core/packages/hw4_2)
[1.570s] DEBUG:colcon.colcon_parallel_executor.executor.parallel:closing loop
[1.570s] DEBUG:colcon.colcon_parallel_executor.executor.parallel:loop closed
[1.570s] DEBUG:colcon.colcon_parallel_executor.executor.parallel:run_until_complete finished with '0'
[1.570s] DEBUG:colcon.colcon_core.event_reactor:joining thread
[1.574s] INFO:colcon.colcon_core.plugin_system:Skipping extension 'colcon_notification.desktop_notification.terminal_notifier': Not used on non-Darwin systems
[1.574s] INFO:colcon.colcon_core.plugin_system:Skipping extension 'colcon_notification.desktop_notification.win32': Not used on non-Windows systems
[1.574s] INFO:colcon.colcon_notification.desktop_notification:Sending desktop notification using 'notify2'
[1.591s] DEBUG:colcon.colcon_core.event_reactor:joined thread
[1.591s] INFO:colcon.colcon_core.shell:Creating prefix script '/home/ubuntu/ENAE450/ENAE450_ws/install/local_setup.ps1'
[1.592s] INFO:colcon.colcon_core.shell:Creating prefix util module '/home/ubuntu/ENAE450/ENAE450_ws/install/_local_setup_util_ps1.py'
[1.593s] INFO:colcon.colcon_core.shell:Creating prefix chain script '/home/ubuntu/ENAE450/ENAE450_ws/install/setup.ps1'
[1.593s] INFO:colcon.colcon_core.shell:Creating prefix script '/home/ubuntu/ENAE450/ENAE450_ws/install/local_setup.sh'
[1.594s] INFO:colcon.colcon_core.shell:Creating prefix util module '/home/ubuntu/ENAE450/ENAE450_ws/install/_local_setup_util_sh.py'
[1.594s] INFO:colcon.colcon_core.shell:Creating prefix chain script '/home/ubuntu/ENAE450/ENAE450_ws/install/setup.sh'
[1.594s] INFO:colcon.colcon_core.shell:Creating prefix script '/home/ubuntu/ENAE450/ENAE450_ws/install/local_setup.bash'
[1.594s] INFO:colcon.colcon_core.shell:Creating prefix chain script '/home/ubuntu/ENAE450/ENAE450_ws/install/setup.bash'
[1.595s] INFO:colcon.colcon_core.shell:Creating prefix script '/home/ubuntu/ENAE450/ENAE450_ws/install/local_setup.zsh'
[1.596s] INFO:colcon.colcon_core.shell:Creating prefix chain script '/home/ubuntu/ENAE450/ENAE450_ws/install/setup.zsh'
