[0.708s] Invoking command in '/home/ubuntu/ENAE450/ENAE450_ws/build/hw4_1': PYTHONPATH=/home/ubuntu/ENAE450/ENAE450_ws/build/hw4_1/prefix_override:/home/ubuntu/ENAE450/ENAE450_ws/install/hw4_1/lib/python3.10/site-packages:${PYTHONPATH} /usr/bin/python3 -W ignore:setup.py install is deprecated setup.py develop --editable --build-directory /home/ubuntu/ENAE450/ENAE450_ws/build/hw4_1/build --no-deps symlink_data --force
[0.866s] running develop
[0.949s] running egg_info
[0.950s] writing hw4_1.egg-info/PKG-INFO
[0.950s] writing dependency_links to hw4_1.egg-info/dependency_links.txt
[0.950s] writing entry points to hw4_1.egg-info/entry_points.txt
[0.950s] writing requirements to hw4_1.egg-info/requires.txt
[0.950s] writing top-level names to hw4_1.egg-info/top_level.txt
[0.951s] reading manifest file 'hw4_1.egg-info/SOURCES.txt'
[0.952s] writing manifest file 'hw4_1.egg-info/SOURCES.txt'
[0.952s] running build_ext
[0.952s] Creating /home/ubuntu/ENAE450/ENAE450_ws/install/hw4_1/lib/python3.10/site-packages/hw4-1.egg-link (link to .)
[0.952s] Installing draw_shapes script to /home/ubuntu/ENAE450/ENAE450_ws/install/hw4_1/lib/hw4_1
[0.953s] 
[0.953s] Installed /home/ubuntu/ENAE450/ENAE450_ws/build/hw4_1
[0.954s] running symlink_data
[0.954s] symbolically linking /home/ubuntu/ENAE450/ENAE450_ws/build/hw4_1/resource/hw4_1 -> /home/ubuntu/ENAE450/ENAE450_ws/install/hw4_1/share/ament_index/resource_index/packages
[0.954s] symbolically linking /home/ubuntu/ENAE450/ENAE450_ws/build/hw4_1/package.xml -> /home/ubuntu/ENAE450/ENAE450_ws/install/hw4_1/share/hw4_1
[0.954s] symbolically linking /home/ubuntu/ENAE450/ENAE450_ws/build/hw4_1/launch/draw_shapes_launch.py -> /home/ubuntu/ENAE450/ENAE450_ws/install/hw4_1/share/hw4_1/launch
[0.980s] Invoked command in '/home/ubuntu/ENAE450/ENAE450_ws/build/hw4_1' returned '0': PYTHONPATH=/home/ubuntu/ENAE450/ENAE450_ws/build/hw4_1/prefix_override:/home/ubuntu/ENAE450/ENAE450_ws/install/hw4_1/lib/python3.10/site-packages:${PYTHONPATH} /usr/bin/python3 -W ignore:setup.py install is deprecated setup.py develop --editable --build-directory /home/ubuntu/ENAE450/ENAE450_ws/build/hw4_1/build --no-deps symlink_data --force
