[0.697s] Invoking command in '/home/ubuntu/ENAE450/ENAE450_ws/src/hw4_3': PYTHONPATH=/home/ubuntu/ENAE450/ENAE450_ws/build/hw4_3/prefix_override:/home/ubuntu/ENAE450/ENAE450_ws/install/hw4_3/lib/python3.10/site-packages:${PYTHONPATH} /usr/bin/python3 -W ignore:setup.py install is deprecated setup.py egg_info --egg-base ../../build/hw4_3 build --build-base /home/ubuntu/ENAE450/ENAE450_ws/build/hw4_3/build install --record /home/ubuntu/ENAE450/ENAE450_ws/build/hw4_3/install.log --single-version-externally-managed install_data
[0.836s] running egg_info
[0.837s] creating ../../build/hw4_3/hw4_3.egg-info
[0.837s] writing ../../build/hw4_3/hw4_3.egg-info/PKG-INFO
[0.837s] writing dependency_links to ../../build/hw4_3/hw4_3.egg-info/dependency_links.txt
[0.837s] writing entry points to ../../build/hw4_3/hw4_3.egg-info/entry_points.txt
[0.837s] writing requirements to ../../build/hw4_3/hw4_3.egg-info/requires.txt
[0.837s] writing top-level names to ../../build/hw4_3/hw4_3.egg-info/top_level.txt
[0.837s] writing manifest file '../../build/hw4_3/hw4_3.egg-info/SOURCES.txt'
[0.838s] reading manifest file '../../build/hw4_3/hw4_3.egg-info/SOURCES.txt'
[0.839s] writing manifest file '../../build/hw4_3/hw4_3.egg-info/SOURCES.txt'
[0.839s] running build
[0.839s] running build_py
[0.839s] creating /home/ubuntu/ENAE450/ENAE450_ws/build/hw4_3/build
[0.839s] creating /home/ubuntu/ENAE450/ENAE450_ws/build/hw4_3/build/lib
[0.839s] creating /home/ubuntu/ENAE450/ENAE450_ws/build/hw4_3/build/lib/hw4_3
[0.839s] copying hw4_3/__init__.py -> /home/ubuntu/ENAE450/ENAE450_ws/build/hw4_3/build/lib/hw4_3
[0.839s] running install
[0.839s] running install_lib
[0.840s] creating /home/ubuntu/ENAE450/ENAE450_ws/install/hw4_3/lib/python3.10/site-packages/hw4_3
[0.840s] copying /home/ubuntu/ENAE450/ENAE450_ws/build/hw4_3/build/lib/hw4_3/__init__.py -> /home/ubuntu/ENAE450/ENAE450_ws/install/hw4_3/lib/python3.10/site-packages/hw4_3
[0.840s] byte-compiling /home/ubuntu/ENAE450/ENAE450_ws/install/hw4_3/lib/python3.10/site-packages/hw4_3/__init__.py to __init__.cpython-310.pyc
[0.841s] running install_data
[0.841s] creating /home/ubuntu/ENAE450/ENAE450_ws/install/hw4_3/share
[0.841s] creating /home/ubuntu/ENAE450/ENAE450_ws/install/hw4_3/share/ament_index
[0.841s] creating /home/ubuntu/ENAE450/ENAE450_ws/install/hw4_3/share/ament_index/resource_index
[0.841s] creating /home/ubuntu/ENAE450/ENAE450_ws/install/hw4_3/share/ament_index/resource_index/packages
[0.841s] copying resource/hw4_3 -> /home/ubuntu/ENAE450/ENAE450_ws/install/hw4_3/share/ament_index/resource_index/packages
[0.841s] creating /home/ubuntu/ENAE450/ENAE450_ws/install/hw4_3/share/hw4_3
[0.841s] copying package.xml -> /home/ubuntu/ENAE450/ENAE450_ws/install/hw4_3/share/hw4_3
[0.841s] running install_egg_info
[0.842s] Copying ../../build/hw4_3/hw4_3.egg-info to /home/ubuntu/ENAE450/ENAE450_ws/install/hw4_3/lib/python3.10/site-packages/hw4_3-0.0.0-py3.10.egg-info
[0.842s] running install_scripts
[0.853s] writing list of installed files to '/home/ubuntu/ENAE450/ENAE450_ws/build/hw4_3/install.log'
[0.869s] Invoked command in '/home/ubuntu/ENAE450/ENAE450_ws/src/hw4_3' returned '0': PYTHONPATH=/home/ubuntu/ENAE450/ENAE450_ws/build/hw4_3/prefix_override:/home/ubuntu/ENAE450/ENAE450_ws/install/hw4_3/lib/python3.10/site-packages:${PYTHONPATH} /usr/bin/python3 -W ignore:setup.py install is deprecated setup.py egg_info --egg-base ../../build/hw4_3 build --build-base /home/ubuntu/ENAE450/ENAE450_ws/build/hw4_3/build install --record /home/ubuntu/ENAE450/ENAE450_ws/build/hw4_3/install.log --single-version-externally-managed install_data
