[  1%] Built target hw4_interface__cpp
[ 12%] Built target hw4_interface__rosidl_generator_c
[ 12%] Built target ament_cmake_python_symlink_hw4_interface
[ 34%] Built target hw4_interface__rosidl_typesupport_fastrtps_cpp
[ 34%] Built target hw4_interface__rosidl_typesupport_cpp
[ 45%] Built target hw4_interface__rosidl_typesupport_introspection_cpp
[ 56%] Built target hw4_interface__rosidl_typesupport_c
[ 67%] Built target hw4_interface__rosidl_typesupport_introspection_c
[ 78%] Built target hw4_interface__rosidl_typesupport_fastrtps_c
[ 78%] Built target hw4_interface
[ 80%] Built target hw4_interface__py
[ 89%] Built target hw4_interface__rosidl_generator_py
[ 96%] Built target hw4_interface__rosidl_typesupport_introspection_c__pyext
[ 96%] Built target hw4_interface__rosidl_typesupport_fastrtps_c__pyext
[100%] Built target hw4_interface__rosidl_typesupport_c__pyext
running egg_info
writing hw4_interface.egg-info/PKG-INFO
writing dependency_links to hw4_interface.egg-info/dependency_links.txt
writing top-level names to hw4_interface.egg-info/top_level.txt
reading manifest file 'hw4_interface.egg-info/SOURCES.txt'
writing manifest file 'hw4_interface.egg-info/SOURCES.txt'
[100%] Built target ament_cmake_python_build_hw4_interface_egg
-- Install configuration: ""
-- Execute custom install script
-- Up-to-date symlink: /home/ubuntu/ENAE450/ENAE450_ws/install/hw4_interface/share/ament_index/resource_index/rosidl_interfaces/hw4_interface
-- Up-to-date symlink: /home/ubuntu/ENAE450/ENAE450_ws/install/hw4_interface/include/hw4_interface/hw4_interface/msg/detail/turtle__functions.h
-- Up-to-date symlink: /home/ubuntu/ENAE450/ENAE450_ws/install/hw4_interface/include/hw4_interface/hw4_interface/msg/detail/turtle__struct.h
-- Up-to-date symlink: /home/ubuntu/ENAE450/ENAE450_ws/install/hw4_interface/include/hw4_interface/hw4_interface/msg/detail/turtle__type_support.h
-- Up-to-date symlink: /home/ubuntu/ENAE450/ENAE450_ws/install/hw4_interface/include/hw4_interface/hw4_interface/msg/detail/turtle_array__functions.h
-- Up-to-date symlink: /home/ubuntu/ENAE450/ENAE450_ws/install/hw4_interface/include/hw4_interface/hw4_interface/msg/detail/turtle_array__struct.h
-- Up-to-date symlink: /home/ubuntu/ENAE450/ENAE450_ws/install/hw4_interface/include/hw4_interface/hw4_interface/msg/detail/turtle_array__type_support.h
-- Up-to-date symlink: /home/ubuntu/ENAE450/ENAE450_ws/install/hw4_interface/include/hw4_interface/hw4_interface/msg/rosidl_generator_c__visibility_control.h
-- Up-to-date symlink: /home/ubuntu/ENAE450/ENAE450_ws/install/hw4_interface/include/hw4_interface/hw4_interface/msg/turtle.h
-- Up-to-date symlink: /home/ubuntu/ENAE450/ENAE450_ws/install/hw4_interface/include/hw4_interface/hw4_interface/msg/turtle_array.h
-- Up-to-date symlink: /home/ubuntu/ENAE450/ENAE450_ws/install/hw4_interface/include/hw4_interface/hw4_interface/srv/catch_turtle.h
-- Up-to-date symlink: /home/ubuntu/ENAE450/ENAE450_ws/install/hw4_interface/include/hw4_interface/hw4_interface/srv/detail/catch_turtle__functions.h
-- Up-to-date symlink: /home/ubuntu/ENAE450/ENAE450_ws/install/hw4_interface/include/hw4_interface/hw4_interface/srv/detail/catch_turtle__struct.h
-- Up-to-date symlink: /home/ubuntu/ENAE450/ENAE450_ws/install/hw4_interface/include/hw4_interface/hw4_interface/srv/detail/catch_turtle__type_support.h
-- Up-to-date symlink: /home/ubuntu/ENAE450/ENAE450_ws/install/hw4_interface/include/hw4_interface/hw4_interface/srv/detail/function_select__functions.h
-- Up-to-date symlink: /home/ubuntu/ENAE450/ENAE450_ws/install/hw4_interface/include/hw4_interface/hw4_interface/srv/detail/function_select__struct.h
-- Up-to-date symlink: /home/ubuntu/ENAE450/ENAE450_ws/install/hw4_interface/include/hw4_interface/hw4_interface/srv/detail/function_select__type_support.h
-- Up-to-date symlink: /home/ubuntu/ENAE450/ENAE450_ws/install/hw4_interface/include/hw4_interface/hw4_interface/srv/function_select.h
-- Up-to-date symlink: /home/ubuntu/ENAE450/ENAE450_ws/install/hw4_interface/share/hw4_interface/environment/library_path.sh
-- Up-to-date symlink: /home/ubuntu/ENAE450/ENAE450_ws/install/hw4_interface/share/hw4_interface/environment/library_path.dsv
-- Up-to-date symlink: /home/ubuntu/ENAE450/ENAE450_ws/install/hw4_interface/include/hw4_interface/hw4_interface/msg/detail/turtle__rosidl_typesupport_fastrtps_c.h
-- Up-to-date symlink: /home/ubuntu/ENAE450/ENAE450_ws/install/hw4_interface/include/hw4_interface/hw4_interface/msg/detail/turtle_array__rosidl_typesupport_fastrtps_c.h
-- Up-to-date symlink: /home/ubuntu/ENAE450/ENAE450_ws/install/hw4_interface/include/hw4_interface/hw4_interface/msg/rosidl_typesupport_fastrtps_c__visibility_control.h
-- Up-to-date symlink: /home/ubuntu/ENAE450/ENAE450_ws/install/hw4_interface/include/hw4_interface/hw4_interface/srv/detail/catch_turtle__rosidl_typesupport_fastrtps_c.h
-- Up-to-date symlink: /home/ubuntu/ENAE450/ENAE450_ws/install/hw4_interface/include/hw4_interface/hw4_interface/srv/detail/function_select__rosidl_typesupport_fastrtps_c.h
-- Up-to-date symlink: /home/ubuntu/ENAE450/ENAE450_ws/install/hw4_interface/include/hw4_interface/hw4_interface/msg/detail/turtle__builder.hpp
-- Up-to-date symlink: /home/ubuntu/ENAE450/ENAE450_ws/install/hw4_interface/include/hw4_interface/hw4_interface/msg/detail/turtle__struct.hpp
-- Up-to-date symlink: /home/ubuntu/ENAE450/ENAE450_ws/install/hw4_interface/include/hw4_interface/hw4_interface/msg/detail/turtle__traits.hpp
-- Up-to-date symlink: /home/ubuntu/ENAE450/ENAE450_ws/install/hw4_interface/include/hw4_interface/hw4_interface/msg/detail/turtle_array__builder.hpp
-- Up-to-date symlink: /home/ubuntu/ENAE450/ENAE450_ws/install/hw4_interface/include/hw4_interface/hw4_interface/msg/detail/turtle_array__struct.hpp
-- Up-to-date symlink: /home/ubuntu/ENAE450/ENAE450_ws/install/hw4_interface/include/hw4_interface/hw4_interface/msg/detail/turtle_array__traits.hpp
-- Up-to-date symlink: /home/ubuntu/ENAE450/ENAE450_ws/install/hw4_interface/include/hw4_interface/hw4_interface/msg/turtle.hpp
-- Up-to-date symlink: /home/ubuntu/ENAE450/ENAE450_ws/install/hw4_interface/include/hw4_interface/hw4_interface/msg/turtle_array.hpp
-- Up-to-date symlink: /home/ubuntu/ENAE450/ENAE450_ws/install/hw4_interface/include/hw4_interface/hw4_interface/srv/catch_turtle.hpp
-- Up-to-date symlink: /home/ubuntu/ENAE450/ENAE450_ws/install/hw4_interface/include/hw4_interface/hw4_interface/srv/detail/catch_turtle__builder.hpp
-- Up-to-date symlink: /home/ubuntu/ENAE450/ENAE450_ws/install/hw4_interface/include/hw4_interface/hw4_interface/srv/detail/catch_turtle__struct.hpp
-- Up-to-date symlink: /home/ubuntu/ENAE450/ENAE450_ws/install/hw4_interface/include/hw4_interface/hw4_interface/srv/detail/catch_turtle__traits.hpp
-- Up-to-date symlink: /home/ubuntu/ENAE450/ENAE450_ws/install/hw4_interface/include/hw4_interface/hw4_interface/srv/detail/function_select__builder.hpp
-- Up-to-date symlink: /home/ubuntu/ENAE450/ENAE450_ws/install/hw4_interface/include/hw4_interface/hw4_interface/srv/detail/function_select__struct.hpp
-- Up-to-date symlink: /home/ubuntu/ENAE450/ENAE450_ws/install/hw4_interface/include/hw4_interface/hw4_interface/srv/detail/function_select__traits.hpp
-- Up-to-date symlink: /home/ubuntu/ENAE450/ENAE450_ws/install/hw4_interface/include/hw4_interface/hw4_interface/srv/function_select.hpp
-- Up-to-date symlink: /home/ubuntu/ENAE450/ENAE450_ws/install/hw4_interface/include/hw4_interface/hw4_interface/msg/detail/turtle__rosidl_typesupport_fastrtps_cpp.hpp
-- Up-to-date symlink: /home/ubuntu/ENAE450/ENAE450_ws/install/hw4_interface/include/hw4_interface/hw4_interface/msg/detail/turtle_array__rosidl_typesupport_fastrtps_cpp.hpp
-- Up-to-date symlink: /home/ubuntu/ENAE450/ENAE450_ws/install/hw4_interface/include/hw4_interface/hw4_interface/msg/rosidl_typesupport_fastrtps_cpp__visibility_control.h
-- Up-to-date symlink: /home/ubuntu/ENAE450/ENAE450_ws/install/hw4_interface/include/hw4_interface/hw4_interface/srv/detail/catch_turtle__rosidl_typesupport_fastrtps_cpp.hpp
-- Up-to-date symlink: /home/ubuntu/ENAE450/ENAE450_ws/install/hw4_interface/include/hw4_interface/hw4_interface/srv/detail/function_select__rosidl_typesupport_fastrtps_cpp.hpp
-- Up-to-date symlink: /home/ubuntu/ENAE450/ENAE450_ws/install/hw4_interface/include/hw4_interface/hw4_interface/msg/detail/turtle__rosidl_typesupport_introspection_c.h
-- Up-to-date symlink: /home/ubuntu/ENAE450/ENAE450_ws/install/hw4_interface/include/hw4_interface/hw4_interface/msg/detail/turtle_array__rosidl_typesupport_introspection_c.h
-- Up-to-date symlink: /home/ubuntu/ENAE450/ENAE450_ws/install/hw4_interface/include/hw4_interface/hw4_interface/msg/rosidl_typesupport_introspection_c__visibility_control.h
-- Up-to-date symlink: /home/ubuntu/ENAE450/ENAE450_ws/install/hw4_interface/include/hw4_interface/hw4_interface/srv/detail/catch_turtle__rosidl_typesupport_introspection_c.h
-- Up-to-date symlink: /home/ubuntu/ENAE450/ENAE450_ws/install/hw4_interface/include/hw4_interface/hw4_interface/srv/detail/function_select__rosidl_typesupport_introspection_c.h
-- Up-to-date symlink: /home/ubuntu/ENAE450/ENAE450_ws/install/hw4_interface/include/hw4_interface/hw4_interface/msg/detail/turtle__rosidl_typesupport_introspection_cpp.hpp
-- Up-to-date symlink: /home/ubuntu/ENAE450/ENAE450_ws/install/hw4_interface/include/hw4_interface/hw4_interface/msg/detail/turtle_array__rosidl_typesupport_introspection_cpp.hpp
-- Up-to-date symlink: /home/ubuntu/ENAE450/ENAE450_ws/install/hw4_interface/include/hw4_interface/hw4_interface/srv/detail/catch_turtle__rosidl_typesupport_introspection_cpp.hpp
-- Up-to-date symlink: /home/ubuntu/ENAE450/ENAE450_ws/install/hw4_interface/include/hw4_interface/hw4_interface/srv/detail/function_select__rosidl_typesupport_introspection_cpp.hpp
-- Up-to-date symlink: /home/ubuntu/ENAE450/ENAE450_ws/install/hw4_interface/share/hw4_interface/environment/pythonpath.sh
-- Up-to-date symlink: /home/ubuntu/ENAE450/ENAE450_ws/install/hw4_interface/share/hw4_interface/environment/pythonpath.dsv
-- Up-to-date symlink: /home/ubuntu/ENAE450/ENAE450_ws/install/hw4_interface/local/lib/python3.10/dist-packages/hw4_interface-0.0.0-py3.10.egg-info/PKG-INFO
-- Up-to-date symlink: /home/ubuntu/ENAE450/ENAE450_ws/install/hw4_interface/local/lib/python3.10/dist-packages/hw4_interface-0.0.0-py3.10.egg-info/SOURCES.txt
-- Up-to-date symlink: /home/ubuntu/ENAE450/ENAE450_ws/install/hw4_interface/local/lib/python3.10/dist-packages/hw4_interface-0.0.0-py3.10.egg-info/dependency_links.txt
-- Up-to-date symlink: /home/ubuntu/ENAE450/ENAE450_ws/install/hw4_interface/local/lib/python3.10/dist-packages/hw4_interface-0.0.0-py3.10.egg-info/top_level.txt
-- Up-to-date symlink: /home/ubuntu/ENAE450/ENAE450_ws/install/hw4_interface/local/lib/python3.10/dist-packages/hw4_interface/__init__.py
-- Up-to-date symlink: /home/ubuntu/ENAE450/ENAE450_ws/install/hw4_interface/local/lib/python3.10/dist-packages/hw4_interface/_hw4_interface_s.ep.rosidl_typesupport_c.c
-- Up-to-date symlink: /home/ubuntu/ENAE450/ENAE450_ws/install/hw4_interface/local/lib/python3.10/dist-packages/hw4_interface/_hw4_interface_s.ep.rosidl_typesupport_fastrtps_c.c
-- Up-to-date symlink: /home/ubuntu/ENAE450/ENAE450_ws/install/hw4_interface/local/lib/python3.10/dist-packages/hw4_interface/_hw4_interface_s.ep.rosidl_typesupport_introspection_c.c
-- Up-to-date symlink: /home/ubuntu/ENAE450/ENAE450_ws/install/hw4_interface/local/lib/python3.10/dist-packages/hw4_interface/hw4_interface_s__rosidl_typesupport_c.cpython-310-aarch64-linux-gnu.so
-- Up-to-date symlink: /home/ubuntu/ENAE450/ENAE450_ws/install/hw4_interface/local/lib/python3.10/dist-packages/hw4_interface/hw4_interface_s__rosidl_typesupport_fastrtps_c.cpython-310-aarch64-linux-gnu.so
-- Up-to-date symlink: /home/ubuntu/ENAE450/ENAE450_ws/install/hw4_interface/local/lib/python3.10/dist-packages/hw4_interface/hw4_interface_s__rosidl_typesupport_introspection_c.cpython-310-aarch64-linux-gnu.so
-- Up-to-date symlink: /home/ubuntu/ENAE450/ENAE450_ws/install/hw4_interface/local/lib/python3.10/dist-packages/hw4_interface/libhw4_interface__rosidl_generator_py.so
-- Up-to-date symlink: /home/ubuntu/ENAE450/ENAE450_ws/install/hw4_interface/local/lib/python3.10/dist-packages/hw4_interface/msg/__init__.py
-- Up-to-date symlink: /home/ubuntu/ENAE450/ENAE450_ws/install/hw4_interface/local/lib/python3.10/dist-packages/hw4_interface/msg/_turtle.py
-- Up-to-date symlink: /home/ubuntu/ENAE450/ENAE450_ws/install/hw4_interface/local/lib/python3.10/dist-packages/hw4_interface/msg/_turtle_array.py
-- Up-to-date symlink: /home/ubuntu/ENAE450/ENAE450_ws/install/hw4_interface/local/lib/python3.10/dist-packages/hw4_interface/msg/_turtle_array_s.c
-- Up-to-date symlink: /home/ubuntu/ENAE450/ENAE450_ws/install/hw4_interface/local/lib/python3.10/dist-packages/hw4_interface/msg/_turtle_s.c
-- Up-to-date symlink: /home/ubuntu/ENAE450/ENAE450_ws/install/hw4_interface/local/lib/python3.10/dist-packages/hw4_interface/srv/__init__.py
-- Up-to-date symlink: /home/ubuntu/ENAE450/ENAE450_ws/install/hw4_interface/local/lib/python3.10/dist-packages/hw4_interface/srv/_catch_turtle.py
-- Up-to-date symlink: /home/ubuntu/ENAE450/ENAE450_ws/install/hw4_interface/local/lib/python3.10/dist-packages/hw4_interface/srv/_catch_turtle_s.c
-- Up-to-date symlink: /home/ubuntu/ENAE450/ENAE450_ws/install/hw4_interface/local/lib/python3.10/dist-packages/hw4_interface/srv/_function_select.py
-- Up-to-date symlink: /home/ubuntu/ENAE450/ENAE450_ws/install/hw4_interface/local/lib/python3.10/dist-packages/hw4_interface/srv/_function_select_s.c
-- Up-to-date symlink: /home/ubuntu/ENAE450/ENAE450_ws/install/hw4_interface/local/lib/python3.10/dist-packages/hw4_interface/hw4_interface_s__rosidl_typesupport_fastrtps_c.cpython-310-aarch64-linux-gnu.so
-- Up-to-date symlink: /home/ubuntu/ENAE450/ENAE450_ws/install/hw4_interface/local/lib/python3.10/dist-packages/hw4_interface/hw4_interface_s__rosidl_typesupport_introspection_c.cpython-310-aarch64-linux-gnu.so
-- Up-to-date symlink: /home/ubuntu/ENAE450/ENAE450_ws/install/hw4_interface/local/lib/python3.10/dist-packages/hw4_interface/hw4_interface_s__rosidl_typesupport_c.cpython-310-aarch64-linux-gnu.so
-- Up-to-date symlink: /home/ubuntu/ENAE450/ENAE450_ws/install/hw4_interface/share/hw4_interface/msg/Turtle.idl
-- Up-to-date symlink: /home/ubuntu/ENAE450/ENAE450_ws/install/hw4_interface/share/hw4_interface/msg/TurtleArray.idl
-- Up-to-date symlink: /home/ubuntu/ENAE450/ENAE450_ws/install/hw4_interface/share/hw4_interface/srv/CatchTurtle.idl
-- Up-to-date symlink: /home/ubuntu/ENAE450/ENAE450_ws/install/hw4_interface/share/hw4_interface/srv/FunctionSelect.idl
-- Up-to-date symlink: /home/ubuntu/ENAE450/ENAE450_ws/install/hw4_interface/share/hw4_interface/msg/Turtle.msg
-- Up-to-date symlink: /home/ubuntu/ENAE450/ENAE450_ws/install/hw4_interface/share/hw4_interface/msg/TurtleArray.msg
-- Up-to-date symlink: /home/ubuntu/ENAE450/ENAE450_ws/install/hw4_interface/share/hw4_interface/srv/CatchTurtle.srv
-- Up-to-date symlink: /home/ubuntu/ENAE450/ENAE450_ws/install/hw4_interface/share/hw4_interface/srv/CatchTurtle_Request.msg
-- Up-to-date symlink: /home/ubuntu/ENAE450/ENAE450_ws/install/hw4_interface/share/hw4_interface/srv/CatchTurtle_Response.msg
-- Up-to-date symlink: /home/ubuntu/ENAE450/ENAE450_ws/install/hw4_interface/share/hw4_interface/srv/FunctionSelect.srv
-- Up-to-date symlink: /home/ubuntu/ENAE450/ENAE450_ws/install/hw4_interface/share/hw4_interface/srv/FunctionSelect_Request.msg
-- Up-to-date symlink: /home/ubuntu/ENAE450/ENAE450_ws/install/hw4_interface/share/hw4_interface/srv/FunctionSelect_Response.msg
-- Up-to-date symlink: /home/ubuntu/ENAE450/ENAE450_ws/install/hw4_interface/share/ament_index/resource_index/package_run_dependencies/hw4_interface
-- Up-to-date symlink: /home/ubuntu/ENAE450/ENAE450_ws/install/hw4_interface/share/ament_index/resource_index/parent_prefix_path/hw4_interface
-- Up-to-date symlink: /home/ubuntu/ENAE450/ENAE450_ws/install/hw4_interface/share/hw4_interface/environment/ament_prefix_path.sh
-- Up-to-date symlink: /home/ubuntu/ENAE450/ENAE450_ws/install/hw4_interface/share/hw4_interface/environment/ament_prefix_path.dsv
-- Up-to-date symlink: /home/ubuntu/ENAE450/ENAE450_ws/install/hw4_interface/share/hw4_interface/environment/path.sh
-- Up-to-date symlink: /home/ubuntu/ENAE450/ENAE450_ws/install/hw4_interface/share/hw4_interface/environment/path.dsv
-- Up-to-date symlink: /home/ubuntu/ENAE450/ENAE450_ws/install/hw4_interface/share/hw4_interface/local_setup.bash
-- Up-to-date symlink: /home/ubuntu/ENAE450/ENAE450_ws/install/hw4_interface/share/hw4_interface/local_setup.sh
-- Up-to-date symlink: /home/ubuntu/ENAE450/ENAE450_ws/install/hw4_interface/share/hw4_interface/local_setup.zsh
-- Up-to-date symlink: /home/ubuntu/ENAE450/ENAE450_ws/install/hw4_interface/share/hw4_interface/local_setup.dsv
-- Symlinking: /home/ubuntu/ENAE450/ENAE450_ws/install/hw4_interface/share/hw4_interface/package.dsv
-- Up-to-date symlink: /home/ubuntu/ENAE450/ENAE450_ws/install/hw4_interface/share/ament_index/resource_index/packages/hw4_interface
-- Up-to-date symlink: /home/ubuntu/ENAE450/ENAE450_ws/install/hw4_interface/share/hw4_interface/cmake/rosidl_cmake-extras.cmake
-- Up-to-date symlink: /home/ubuntu/ENAE450/ENAE450_ws/install/hw4_interface/share/hw4_interface/cmake/ament_cmake_export_include_directories-extras.cmake
-- Up-to-date symlink: /home/ubuntu/ENAE450/ENAE450_ws/install/hw4_interface/share/hw4_interface/cmake/ament_cmake_export_libraries-extras.cmake
-- Up-to-date symlink: /home/ubuntu/ENAE450/ENAE450_ws/install/hw4_interface/share/hw4_interface/cmake/ament_cmake_export_targets-extras.cmake
-- Up-to-date symlink: /home/ubuntu/ENAE450/ENAE450_ws/install/hw4_interface/share/hw4_interface/cmake/rosidl_cmake_export_typesupport_targets-extras.cmake
-- Up-to-date symlink: /home/ubuntu/ENAE450/ENAE450_ws/install/hw4_interface/share/hw4_interface/cmake/ament_cmake_export_dependencies-extras.cmake
-- Up-to-date symlink: /home/ubuntu/ENAE450/ENAE450_ws/install/hw4_interface/share/hw4_interface/cmake/rosidl_cmake_export_typesupport_libraries-extras.cmake
-- Up-to-date symlink: /home/ubuntu/ENAE450/ENAE450_ws/install/hw4_interface/share/hw4_interface/cmake/hw4_interfaceConfig.cmake
-- Up-to-date symlink: /home/ubuntu/ENAE450/ENAE450_ws/install/hw4_interface/share/hw4_interface/cmake/hw4_interfaceConfig-version.cmake
-- Up-to-date symlink: /home/ubuntu/ENAE450/ENAE450_ws/install/hw4_interface/share/hw4_interface/package.xml
-- Up-to-date: /home/ubuntu/ENAE450/ENAE450_ws/install/hw4_interface/lib/libhw4_interface__rosidl_generator_c.so
-- Up-to-date: /home/ubuntu/ENAE450/ENAE450_ws/install/hw4_interface/lib/libhw4_interface__rosidl_typesupport_fastrtps_c.so
-- Up-to-date: /home/ubuntu/ENAE450/ENAE450_ws/install/hw4_interface/lib/libhw4_interface__rosidl_typesupport_fastrtps_cpp.so
-- Up-to-date: /home/ubuntu/ENAE450/ENAE450_ws/install/hw4_interface/lib/libhw4_interface__rosidl_typesupport_introspection_c.so
-- Up-to-date: /home/ubuntu/ENAE450/ENAE450_ws/install/hw4_interface/lib/libhw4_interface__rosidl_typesupport_c.so
-- Up-to-date: /home/ubuntu/ENAE450/ENAE450_ws/install/hw4_interface/lib/libhw4_interface__rosidl_typesupport_introspection_cpp.so
-- Up-to-date: /home/ubuntu/ENAE450/ENAE450_ws/install/hw4_interface/lib/libhw4_interface__rosidl_typesupport_cpp.so
Listing '/home/ubuntu/ENAE450/ENAE450_ws/install/hw4_interface/local/lib/python3.10/dist-packages/hw4_interface'...
Listing '/home/ubuntu/ENAE450/ENAE450_ws/install/hw4_interface/local/lib/python3.10/dist-packages/hw4_interface/msg'...
Listing '/home/ubuntu/ENAE450/ENAE450_ws/install/hw4_interface/local/lib/python3.10/dist-packages/hw4_interface/srv'...
-- Up-to-date: /home/ubuntu/ENAE450/ENAE450_ws/install/hw4_interface/lib/libhw4_interface__rosidl_generator_py.so
-- Up-to-date: /home/ubuntu/ENAE450/ENAE450_ws/install/hw4_interface/share/hw4_interface/cmake/export_hw4_interface__rosidl_generator_cExport.cmake
-- Up-to-date: /home/ubuntu/ENAE450/ENAE450_ws/install/hw4_interface/share/hw4_interface/cmake/export_hw4_interface__rosidl_generator_cExport-noconfig.cmake
-- Up-to-date: /home/ubuntu/ENAE450/ENAE450_ws/install/hw4_interface/share/hw4_interface/cmake/export_hw4_interface__rosidl_typesupport_fastrtps_cExport.cmake
-- Up-to-date: /home/ubuntu/ENAE450/ENAE450_ws/install/hw4_interface/share/hw4_interface/cmake/export_hw4_interface__rosidl_typesupport_fastrtps_cExport-noconfig.cmake
-- Up-to-date: /home/ubuntu/ENAE450/ENAE450_ws/install/hw4_interface/share/hw4_interface/cmake/export_hw4_interface__rosidl_generator_cppExport.cmake
-- Up-to-date: /home/ubuntu/ENAE450/ENAE450_ws/install/hw4_interface/share/hw4_interface/cmake/export_hw4_interface__rosidl_typesupport_fastrtps_cppExport.cmake
-- Up-to-date: /home/ubuntu/ENAE450/ENAE450_ws/install/hw4_interface/share/hw4_interface/cmake/export_hw4_interface__rosidl_typesupport_fastrtps_cppExport-noconfig.cmake
-- Up-to-date: /home/ubuntu/ENAE450/ENAE450_ws/install/hw4_interface/share/hw4_interface/cmake/hw4_interface__rosidl_typesupport_introspection_cExport.cmake
-- Up-to-date: /home/ubuntu/ENAE450/ENAE450_ws/install/hw4_interface/share/hw4_interface/cmake/hw4_interface__rosidl_typesupport_introspection_cExport-noconfig.cmake
-- Up-to-date: /home/ubuntu/ENAE450/ENAE450_ws/install/hw4_interface/share/hw4_interface/cmake/hw4_interface__rosidl_typesupport_cExport.cmake
-- Up-to-date: /home/ubuntu/ENAE450/ENAE450_ws/install/hw4_interface/share/hw4_interface/cmake/hw4_interface__rosidl_typesupport_cExport-noconfig.cmake
-- Up-to-date: /home/ubuntu/ENAE450/ENAE450_ws/install/hw4_interface/share/hw4_interface/cmake/hw4_interface__rosidl_typesupport_introspection_cppExport.cmake
-- Up-to-date: /home/ubuntu/ENAE450/ENAE450_ws/install/hw4_interface/share/hw4_interface/cmake/hw4_interface__rosidl_typesupport_introspection_cppExport-noconfig.cmake
-- Up-to-date: /home/ubuntu/ENAE450/ENAE450_ws/install/hw4_interface/share/hw4_interface/cmake/hw4_interface__rosidl_typesupport_cppExport.cmake
-- Up-to-date: /home/ubuntu/ENAE450/ENAE450_ws/install/hw4_interface/share/hw4_interface/cmake/hw4_interface__rosidl_typesupport_cppExport-noconfig.cmake
-- Up-to-date: /home/ubuntu/ENAE450/ENAE450_ws/install/hw4_interface/share/hw4_interface/cmake/export_hw4_interface__rosidl_generator_pyExport.cmake
-- Up-to-date: /home/ubuntu/ENAE450/ENAE450_ws/install/hw4_interface/share/hw4_interface/cmake/export_hw4_interface__rosidl_generator_pyExport-noconfig.cmake
